2019-01-20 19:09:55.322 INFO [main]com.example.mycat.MycatApplication.logStarting:50 -Starting MycatApplication on KQQAN1SV2VRJCEY with PID 12196 (C:\Users\Administrator\Desktop\Learning\SpringCloudLearning\mycat\target\classes started by Administrator in C:\Users\Administrator\Desktop\Learning\SpringCloudLearning\mycat)
2019-01-20 19:09:55.325 INFO [main]com.example.mycat.MycatApplication.logStartupProfileInfo:675 -No active profile set, falling back to default profiles: default
2019-01-20 19:09:56.266 INFO [main]o.s.boot.web.embedded.tomcat.TomcatWebServer.initialize:90 -Tomcat initialized with port(s): 8003 (http)
2019-01-20 19:09:56.277 INFO [main]org.apache.coyote.http11.Http11NioProtocol.log:173 -Initializing ProtocolHandler ["http-nio-8003"]
2019-01-20 19:09:56.284 INFO [main]org.apache.catalina.core.StandardService.log:173 -Starting service [Tomcat]
2019-01-20 19:09:56.285 INFO [main]org.apache.catalina.core.StandardEngine.log:173 -Starting Servlet Engine: Apache Tomcat/9.0.13
2019-01-20 19:09:56.291 INFO [main]org.apache.catalina.core.AprLifecycleListener.log:173 -The APR based Apache Tomcat Native library which allows optimal performance in production environments was not found on the java.library.path: [D:\InstallToUse\eclipse\JDK\bin;C:\Windows\Sun\Java\bin;C:\Windows\system32;C:\Windows;C:\Program Files (x86)\Common Files\Oracle\Java\javapath;E:\app\Administrator\product\11.2.0\dbhome_1\bin;C:\ProgramData\Oracle\Java\javapath;D:\mysql\bin;D:\InstallToUse\eclipse\JDK\bin;D:\InstallToUse\eclipse\JDK\jre\bin;D:\InstallToUse\Git\Git\cmd;D:\InstallToUse\nodejs\;D:\InstallToUse\Maven\apache-maven-3.5.4\bin;C:\Users\Administrator\AppData\Roaming\npm;D:\InstallToUse\SSH;D:\InstallToUse\VSCode\Microsoft VS Code\bin;.]
2019-01-20 19:09:56.370 INFO [main]o.a.catalina.core.ContainerBase.[Tomcat].[localhost].[/].log:173 -Initializing Spring embedded WebApplicationContext
2019-01-20 19:09:56.370 INFO [main]org.springframework.web.context.ContextLoader.prepareWebApplicationContext:296 -Root WebApplicationContext: initialization completed in 960 ms
2019-01-20 19:09:56.802 INFO [main]o.s.scheduling.concurrent.ThreadPoolTaskExecutor.initialize:171 -Initializing ExecutorService 'applicationTaskExecutor'
2019-01-20 19:09:56.962 INFO [main]org.apache.coyote.http11.Http11NioProtocol.log:173 -Starting ProtocolHandler ["http-nio-8003"]
2019-01-20 19:09:56.971 INFO [main]org.apache.tomcat.util.net.NioSelectorPool.log:173 -Using a shared selector for servlet write/read
2019-01-20 19:09:56.988 INFO [main]o.s.boot.web.embedded.tomcat.TomcatWebServer.start:204 -Tomcat started on port(s): 8003 (http) with context path ''
2019-01-20 19:09:56.990 INFO [main]com.example.mycat.MycatApplication.logStarted:59 -Started MycatApplication in 2.259 seconds (JVM running for 3.238)
2019-01-20 19:12:01.495 INFO [http-nio-8003-exec-1]o.a.catalina.core.ContainerBase.[Tomcat].[localhost].[/].log:173 -Initializing Spring DispatcherServlet 'dispatcherServlet'
2019-01-20 19:12:01.495 INFO [http-nio-8003-exec-1]org.springframework.web.servlet.DispatcherServlet.initServletBean:524 -Initializing Servlet 'dispatcherServlet'
2019-01-20 19:12:01.500 INFO [http-nio-8003-exec-1]org.springframework.web.servlet.DispatcherServlet.initServletBean:546 -Completed initialization in 5 ms
2019-01-20 19:12:01.539 INFO [http-nio-8003-exec-1]com.zaxxer.hikari.HikariDataSource.getConnection:110 -HikariPool-1 - Starting...
2019-01-20 19:12:27.455 INFO [http-nio-8003-exec-3]com.zaxxer.hikari.HikariDataSource.getConnection:110 -HikariPool-1 - Starting...
2019-01-20 19:12:27.537 INFO [http-nio-8003-exec-3]com.zaxxer.hikari.HikariDataSource.getConnection:123 -HikariPool-1 - Start completed.
2019-01-20 19:12:27.550 DEBUG[http-nio-8003-exec-3]com.example.mycat.mapper.UserMapper.allUsers.debug:159 -==>  Preparing: /*!mycat:datanode=dn1*/select id,name from test 
2019-01-20 19:12:27.562 DEBUG[http-nio-8003-exec-3]com.example.mycat.mapper.UserMapper.allUsers.debug:159 -==> Parameters: 
2019-01-20 19:12:27.617 DEBUG[http-nio-8003-exec-3]com.example.mycat.mapper.UserMapper.allUsers.debug:159 -<==      Total: 2
2019-01-20 19:18:55.030 INFO [main]com.example.mycat.MycatApplication.logStarting:50 -Starting MycatApplication on KQQAN1SV2VRJCEY with PID 11836 (C:\Users\Administrator\Desktop\Learning\SpringCloudLearning\mycat\target\classes started by Administrator in C:\Users\Administrator\Desktop\Learning\SpringCloudLearning\mycat)
2019-01-20 19:18:55.034 INFO [main]com.example.mycat.MycatApplication.logStartupProfileInfo:675 -No active profile set, falling back to default profiles: default
2019-01-20 19:18:55.883 INFO [main]o.s.boot.web.embedded.tomcat.TomcatWebServer.initialize:90 -Tomcat initialized with port(s): 8003 (http)
2019-01-20 19:18:55.892 INFO [main]org.apache.coyote.http11.Http11NioProtocol.log:173 -Initializing ProtocolHandler ["http-nio-8003"]
2019-01-20 19:18:55.899 INFO [main]org.apache.catalina.core.StandardService.log:173 -Starting service [Tomcat]
2019-01-20 19:18:55.899 INFO [main]org.apache.catalina.core.StandardEngine.log:173 -Starting Servlet Engine: Apache Tomcat/9.0.13
2019-01-20 19:18:55.904 INFO [main]org.apache.catalina.core.AprLifecycleListener.log:173 -The APR based Apache Tomcat Native library which allows optimal performance in production environments was not found on the java.library.path: [D:\InstallToUse\eclipse\JDK\bin;C:\Windows\Sun\Java\bin;C:\Windows\system32;C:\Windows;C:\Program Files (x86)\Common Files\Oracle\Java\javapath;E:\app\Administrator\product\11.2.0\dbhome_1\bin;C:\ProgramData\Oracle\Java\javapath;D:\mysql\bin;D:\InstallToUse\eclipse\JDK\bin;D:\InstallToUse\eclipse\JDK\jre\bin;D:\InstallToUse\Git\Git\cmd;D:\InstallToUse\nodejs\;D:\InstallToUse\Maven\apache-maven-3.5.4\bin;C:\Users\Administrator\AppData\Roaming\npm;D:\InstallToUse\SSH;D:\InstallToUse\VSCode\Microsoft VS Code\bin;.]
2019-01-20 19:18:55.975 INFO [main]o.a.catalina.core.ContainerBase.[Tomcat].[localhost].[/].log:173 -Initializing Spring embedded WebApplicationContext
2019-01-20 19:18:55.975 INFO [main]org.springframework.web.context.ContextLoader.prepareWebApplicationContext:296 -Root WebApplicationContext: initialization completed in 898 ms
2019-01-20 19:18:56.324 INFO [main]o.s.scheduling.concurrent.ThreadPoolTaskExecutor.initialize:171 -Initializing ExecutorService 'applicationTaskExecutor'
2019-01-20 19:18:56.461 INFO [main]org.apache.coyote.http11.Http11NioProtocol.log:173 -Starting ProtocolHandler ["http-nio-8003"]
2019-01-20 19:18:56.470 INFO [main]org.apache.tomcat.util.net.NioSelectorPool.log:173 -Using a shared selector for servlet write/read
2019-01-20 19:18:56.484 INFO [main]o.s.boot.web.embedded.tomcat.TomcatWebServer.start:204 -Tomcat started on port(s): 8003 (http) with context path ''
2019-01-20 19:18:56.486 INFO [main]com.example.mycat.MycatApplication.logStarted:59 -Started MycatApplication in 2.038 seconds (JVM running for 2.657)
2019-01-20 19:19:00.181 INFO [http-nio-8003-exec-2]o.a.catalina.core.ContainerBase.[Tomcat].[localhost].[/].log:173 -Initializing Spring DispatcherServlet 'dispatcherServlet'
2019-01-20 19:19:00.182 INFO [http-nio-8003-exec-2]org.springframework.web.servlet.DispatcherServlet.initServletBean:524 -Initializing Servlet 'dispatcherServlet'
2019-01-20 19:19:00.186 INFO [http-nio-8003-exec-2]org.springframework.web.servlet.DispatcherServlet.initServletBean:546 -Completed initialization in 4 ms
2019-01-20 19:19:00.212 INFO [http-nio-8003-exec-2]com.zaxxer.hikari.HikariDataSource.getConnection:110 -HikariPool-1 - Starting...
2019-01-20 19:19:00.299 INFO [http-nio-8003-exec-2]com.zaxxer.hikari.HikariDataSource.getConnection:123 -HikariPool-1 - Start completed.
2019-01-20 19:19:00.308 DEBUG[http-nio-8003-exec-2]com.example.mycat.mapper.UserMapper.allUsers.debug:159 -==>  Preparing: /*!mycat:datanode=dn1*/select id,name from test 
2019-01-20 19:19:00.319 DEBUG[http-nio-8003-exec-2]com.example.mycat.mapper.UserMapper.allUsers.debug:159 -==> Parameters: 
2019-01-20 19:19:00.337 DEBUG[http-nio-8003-exec-2]com.example.mycat.mapper.UserMapper.allUsers.debug:159 -<==      Total: 2
2019-01-20 19:19:32.305 INFO [main]com.example.mycat.MycatApplication.logStarting:50 -Starting MycatApplication on KQQAN1SV2VRJCEY with PID 13876 (C:\Users\Administrator\Desktop\Learning\SpringCloudLearning\mycat\target\classes started by Administrator in C:\Users\Administrator\Desktop\Learning\SpringCloudLearning\mycat)
2019-01-20 19:19:32.376 INFO [main]com.example.mycat.MycatApplication.logStartupProfileInfo:675 -No active profile set, falling back to default profiles: default
2019-01-20 19:19:33.272 INFO [main]o.s.boot.web.embedded.tomcat.TomcatWebServer.initialize:90 -Tomcat initialized with port(s): 8003 (http)
2019-01-20 19:19:33.280 INFO [main]org.apache.coyote.http11.Http11NioProtocol.log:173 -Initializing ProtocolHandler ["http-nio-8003"]
2019-01-20 19:19:33.287 INFO [main]org.apache.catalina.core.StandardService.log:173 -Starting service [Tomcat]
2019-01-20 19:19:33.287 INFO [main]org.apache.catalina.core.StandardEngine.log:173 -Starting Servlet Engine: Apache Tomcat/9.0.13
2019-01-20 19:19:33.292 INFO [main]org.apache.catalina.core.AprLifecycleListener.log:173 -The APR based Apache Tomcat Native library which allows optimal performance in production environments was not found on the java.library.path: [D:\InstallToUse\eclipse\JDK\bin;C:\Windows\Sun\Java\bin;C:\Windows\system32;C:\Windows;C:\Program Files (x86)\Common Files\Oracle\Java\javapath;E:\app\Administrator\product\11.2.0\dbhome_1\bin;C:\ProgramData\Oracle\Java\javapath;D:\mysql\bin;D:\InstallToUse\eclipse\JDK\bin;D:\InstallToUse\eclipse\JDK\jre\bin;D:\InstallToUse\Git\Git\cmd;D:\InstallToUse\nodejs\;D:\InstallToUse\Maven\apache-maven-3.5.4\bin;C:\Users\Administrator\AppData\Roaming\npm;D:\InstallToUse\SSH;D:\InstallToUse\VSCode\Microsoft VS Code\bin;.]
2019-01-20 19:19:33.364 INFO [main]o.a.catalina.core.ContainerBase.[Tomcat].[localhost].[/].log:173 -Initializing Spring embedded WebApplicationContext
2019-01-20 19:19:33.364 INFO [main]org.springframework.web.context.ContextLoader.prepareWebApplicationContext:296 -Root WebApplicationContext: initialization completed in 953 ms
2019-01-20 19:19:33.720 INFO [main]o.s.scheduling.concurrent.ThreadPoolTaskExecutor.initialize:171 -Initializing ExecutorService 'applicationTaskExecutor'
2019-01-20 19:19:33.861 INFO [main]org.apache.coyote.http11.Http11NioProtocol.log:173 -Starting ProtocolHandler ["http-nio-8003"]
2019-01-20 19:19:33.871 INFO [main]org.apache.tomcat.util.net.NioSelectorPool.log:173 -Using a shared selector for servlet write/read
2019-01-20 19:19:33.884 INFO [main]o.s.boot.web.embedded.tomcat.TomcatWebServer.start:204 -Tomcat started on port(s): 8003 (http) with context path ''
2019-01-20 19:19:33.886 INFO [main]com.example.mycat.MycatApplication.logStarted:59 -Started MycatApplication in 2.01 seconds (JVM running for 2.583)
2019-01-20 19:20:16.314 INFO [http-nio-8003-exec-2]o.a.catalina.core.ContainerBase.[Tomcat].[localhost].[/].log:173 -Initializing Spring DispatcherServlet 'dispatcherServlet'
2019-01-20 19:20:16.314 INFO [http-nio-8003-exec-2]org.springframework.web.servlet.DispatcherServlet.initServletBean:524 -Initializing Servlet 'dispatcherServlet'
2019-01-20 19:20:16.319 INFO [http-nio-8003-exec-2]org.springframework.web.servlet.DispatcherServlet.initServletBean:546 -Completed initialization in 5 ms
2019-01-20 19:20:16.344 INFO [http-nio-8003-exec-2]com.zaxxer.hikari.HikariDataSource.getConnection:110 -HikariPool-1 - Starting...
2019-01-20 19:20:16.433 INFO [http-nio-8003-exec-2]com.zaxxer.hikari.HikariDataSource.getConnection:123 -HikariPool-1 - Start completed.
2019-01-20 19:20:16.441 DEBUG[http-nio-8003-exec-2]com.example.mycat.mapper.UserMapper.allUsers.debug:159 -==>  Preparing: /*!mycat:datanode=dn1*/select id,name from test 
2019-01-20 19:20:16.452 DEBUG[http-nio-8003-exec-2]com.example.mycat.mapper.UserMapper.allUsers.debug:159 -==> Parameters: 
2019-01-20 19:20:16.470 DEBUG[http-nio-8003-exec-2]com.example.mycat.mapper.UserMapper.allUsers.debug:159 -<==      Total: 2
2019-01-20 19:20:40.731 DEBUG[http-nio-8003-exec-3]com.example.mycat.mapper.UserMapper.addUser.debug:159 -==>  Preparing: /*!mycat:datanode=dn1*/insert into test values (id,?) 
2019-01-20 19:20:40.732 DEBUG[http-nio-8003-exec-3]com.example.mycat.mapper.UserMapper.addUser.debug:159 -==> Parameters: 本地添加在dn1数据库中(String)
2019-01-20 19:20:40.785 DEBUG[http-nio-8003-exec-3]com.example.mycat.mapper.UserMapper.addUser.debug:159 -<==    Updates: 1
2019-01-20 19:21:07.421 DEBUG[http-nio-8003-exec-5]com.example.mycat.mapper.UserMapper.allUsers.debug:159 -==>  Preparing: /*!mycat:datanode=dn1*/select id,name from test 
2019-01-20 19:21:07.421 DEBUG[http-nio-8003-exec-5]com.example.mycat.mapper.UserMapper.allUsers.debug:159 -==> Parameters: 
2019-01-20 19:21:07.432 DEBUG[http-nio-8003-exec-5]com.example.mycat.mapper.UserMapper.allUsers.debug:159 -<==      Total: 3
2019-01-20 19:25:47.055 INFO [main]com.example.mycat.MycatApplication.logStarting:50 -Starting MycatApplication on KQQAN1SV2VRJCEY with PID 14072 (C:\Users\Administrator\Desktop\Learning\SpringCloudLearning\mycat\target\classes started by Administrator in C:\Users\Administrator\Desktop\Learning\SpringCloudLearning\mycat)
2019-01-20 19:25:47.059 INFO [main]com.example.mycat.MycatApplication.logStartupProfileInfo:675 -No active profile set, falling back to default profiles: default
2019-01-20 19:25:47.904 INFO [main]o.s.boot.web.embedded.tomcat.TomcatWebServer.initialize:90 -Tomcat initialized with port(s): 8003 (http)
2019-01-20 19:25:47.913 INFO [main]org.apache.coyote.http11.Http11NioProtocol.log:173 -Initializing ProtocolHandler ["http-nio-8003"]
2019-01-20 19:25:47.919 INFO [main]org.apache.catalina.core.StandardService.log:173 -Starting service [Tomcat]
2019-01-20 19:25:47.920 INFO [main]org.apache.catalina.core.StandardEngine.log:173 -Starting Servlet Engine: Apache Tomcat/9.0.13
2019-01-20 19:25:47.924 INFO [main]org.apache.catalina.core.AprLifecycleListener.log:173 -The APR based Apache Tomcat Native library which allows optimal performance in production environments was not found on the java.library.path: [D:\InstallToUse\eclipse\JDK\bin;C:\Windows\Sun\Java\bin;C:\Windows\system32;C:\Windows;C:\Program Files (x86)\Common Files\Oracle\Java\javapath;E:\app\Administrator\product\11.2.0\dbhome_1\bin;C:\ProgramData\Oracle\Java\javapath;D:\mysql\bin;D:\InstallToUse\eclipse\JDK\bin;D:\InstallToUse\eclipse\JDK\jre\bin;D:\InstallToUse\Git\Git\cmd;D:\InstallToUse\nodejs\;D:\InstallToUse\Maven\apache-maven-3.5.4\bin;C:\Users\Administrator\AppData\Roaming\npm;D:\InstallToUse\SSH;D:\InstallToUse\VSCode\Microsoft VS Code\bin;.]
2019-01-20 19:25:47.996 INFO [main]o.a.catalina.core.ContainerBase.[Tomcat].[localhost].[/].log:173 -Initializing Spring embedded WebApplicationContext
2019-01-20 19:25:47.996 INFO [main]org.springframework.web.context.ContextLoader.prepareWebApplicationContext:296 -Root WebApplicationContext: initialization completed in 892 ms
2019-01-20 19:25:48.370 INFO [main]o.s.scheduling.concurrent.ThreadPoolTaskExecutor.initialize:171 -Initializing ExecutorService 'applicationTaskExecutor'
2019-01-20 19:25:48.544 INFO [main]org.apache.coyote.http11.Http11NioProtocol.log:173 -Starting ProtocolHandler ["http-nio-8003"]
2019-01-20 19:25:48.553 INFO [main]org.apache.tomcat.util.net.NioSelectorPool.log:173 -Using a shared selector for servlet write/read
2019-01-20 19:25:48.568 INFO [main]o.s.boot.web.embedded.tomcat.TomcatWebServer.start:204 -Tomcat started on port(s): 8003 (http) with context path ''
2019-01-20 19:25:48.570 INFO [main]com.example.mycat.MycatApplication.logStarted:59 -Started MycatApplication in 1.947 seconds (JVM running for 2.601)
2019-01-20 19:25:58.374 INFO [http-nio-8003-exec-2]o.a.catalina.core.ContainerBase.[Tomcat].[localhost].[/].log:173 -Initializing Spring DispatcherServlet 'dispatcherServlet'
2019-01-20 19:25:58.374 INFO [http-nio-8003-exec-2]org.springframework.web.servlet.DispatcherServlet.initServletBean:524 -Initializing Servlet 'dispatcherServlet'
2019-01-20 19:25:58.379 INFO [http-nio-8003-exec-2]org.springframework.web.servlet.DispatcherServlet.initServletBean:546 -Completed initialization in 5 ms
2019-01-20 19:25:58.419 INFO [http-nio-8003-exec-2]com.zaxxer.hikari.HikariDataSource.getConnection:110 -HikariPool-1 - Starting...
2019-01-20 19:25:58.510 INFO [http-nio-8003-exec-2]com.zaxxer.hikari.HikariDataSource.getConnection:123 -HikariPool-1 - Start completed.
2019-01-20 19:25:58.519 DEBUG[http-nio-8003-exec-2]com.example.mycat.mapper.UserMapper.addUser.debug:159 -==>  Preparing: /*!mycat:datanode=dn1*/insert into test values (id,?) 
2019-01-20 19:25:58.531 DEBUG[http-nio-8003-exec-2]com.example.mycat.mapper.UserMapper.addUser.debug:159 -==> Parameters: 本地添加在dn1数据库中2(String)
2019-01-20 19:25:58.545 DEBUG[http-nio-8003-exec-2]com.example.mycat.mapper.UserMapper.addUser.debug:159 -<==    Updates: 1
2019-01-20 19:25:58.547 DEBUG[http-nio-8003-exec-2]com.example.mycat.mapper.UserMapper.addUser!selectKey.debug:159 -==>  Preparing: /*!mycat:datanode=dn1*/select last_insert_id() 
2019-01-20 19:25:58.548 DEBUG[http-nio-8003-exec-2]com.example.mycat.mapper.UserMapper.addUser!selectKey.debug:159 -==> Parameters: 
2019-01-20 19:25:58.561 DEBUG[http-nio-8003-exec-2]com.example.mycat.mapper.UserMapper.addUser!selectKey.debug:159 -<==      Total: 1
2019-01-20 19:26:55.679 INFO [main]com.example.mycat.MycatApplication.logStarting:50 -Starting MycatApplication on KQQAN1SV2VRJCEY with PID 13604 (C:\Users\Administrator\Desktop\Learning\SpringCloudLearning\mycat\target\classes started by Administrator in C:\Users\Administrator\Desktop\Learning\SpringCloudLearning\mycat)
2019-01-20 19:26:55.683 INFO [main]com.example.mycat.MycatApplication.logStartupProfileInfo:675 -No active profile set, falling back to default profiles: default
2019-01-20 19:26:56.520 INFO [main]o.s.boot.web.embedded.tomcat.TomcatWebServer.initialize:90 -Tomcat initialized with port(s): 8003 (http)
2019-01-20 19:26:56.529 INFO [main]org.apache.coyote.http11.Http11NioProtocol.log:173 -Initializing ProtocolHandler ["http-nio-8003"]
2019-01-20 19:26:56.535 INFO [main]org.apache.catalina.core.StandardService.log:173 -Starting service [Tomcat]
2019-01-20 19:26:56.536 INFO [main]org.apache.catalina.core.StandardEngine.log:173 -Starting Servlet Engine: Apache Tomcat/9.0.13
2019-01-20 19:26:56.540 INFO [main]org.apache.catalina.core.AprLifecycleListener.log:173 -The APR based Apache Tomcat Native library which allows optimal performance in production environments was not found on the java.library.path: [D:\InstallToUse\eclipse\JDK\bin;C:\Windows\Sun\Java\bin;C:\Windows\system32;C:\Windows;C:\Program Files (x86)\Common Files\Oracle\Java\javapath;E:\app\Administrator\product\11.2.0\dbhome_1\bin;C:\ProgramData\Oracle\Java\javapath;D:\mysql\bin;D:\InstallToUse\eclipse\JDK\bin;D:\InstallToUse\eclipse\JDK\jre\bin;D:\InstallToUse\Git\Git\cmd;D:\InstallToUse\nodejs\;D:\InstallToUse\Maven\apache-maven-3.5.4\bin;C:\Users\Administrator\AppData\Roaming\npm;D:\InstallToUse\SSH;D:\InstallToUse\VSCode\Microsoft VS Code\bin;.]
2019-01-20 19:26:56.612 INFO [main]o.a.catalina.core.ContainerBase.[Tomcat].[localhost].[/].log:173 -Initializing Spring embedded WebApplicationContext
2019-01-20 19:26:56.612 INFO [main]org.springframework.web.context.ContextLoader.prepareWebApplicationContext:296 -Root WebApplicationContext: initialization completed in 883 ms
2019-01-20 19:26:56.965 INFO [main]o.s.scheduling.concurrent.ThreadPoolTaskExecutor.initialize:171 -Initializing ExecutorService 'applicationTaskExecutor'
2019-01-20 19:26:57.102 INFO [main]org.apache.coyote.http11.Http11NioProtocol.log:173 -Starting ProtocolHandler ["http-nio-8003"]
2019-01-20 19:26:57.112 INFO [main]org.apache.tomcat.util.net.NioSelectorPool.log:173 -Using a shared selector for servlet write/read
2019-01-20 19:26:57.125 INFO [main]o.s.boot.web.embedded.tomcat.TomcatWebServer.start:204 -Tomcat started on port(s): 8003 (http) with context path ''
2019-01-20 19:26:57.128 INFO [main]com.example.mycat.MycatApplication.logStarted:59 -Started MycatApplication in 1.909 seconds (JVM running for 2.501)
2019-01-20 19:27:02.385 INFO [http-nio-8003-exec-2]o.a.catalina.core.ContainerBase.[Tomcat].[localhost].[/].log:173 -Initializing Spring DispatcherServlet 'dispatcherServlet'
2019-01-20 19:27:02.385 INFO [http-nio-8003-exec-2]org.springframework.web.servlet.DispatcherServlet.initServletBean:524 -Initializing Servlet 'dispatcherServlet'
2019-01-20 19:27:02.389 INFO [http-nio-8003-exec-2]org.springframework.web.servlet.DispatcherServlet.initServletBean:546 -Completed initialization in 4 ms
2019-01-20 19:27:02.428 INFO [http-nio-8003-exec-2]com.zaxxer.hikari.HikariDataSource.getConnection:110 -HikariPool-1 - Starting...
2019-01-20 19:27:02.519 INFO [http-nio-8003-exec-2]com.zaxxer.hikari.HikariDataSource.getConnection:123 -HikariPool-1 - Start completed.
2019-01-20 19:27:02.529 DEBUG[http-nio-8003-exec-2]com.example.mycat.mapper.UserMapper.addUser.debug:159 -==>  Preparing: /*!mycat:datanode=dn1*/insert into test values (id,?) 
2019-01-20 19:27:02.541 DEBUG[http-nio-8003-exec-2]com.example.mycat.mapper.UserMapper.addUser.debug:159 -==> Parameters: 本地添加在dn1数据库中3(String)
2019-01-20 19:27:02.559 DEBUG[http-nio-8003-exec-2]com.example.mycat.mapper.UserMapper.addUser.debug:159 -<==    Updates: 1
2019-01-20 19:27:02.561 DEBUG[http-nio-8003-exec-2]com.example.mycat.mapper.UserMapper.addUser!selectKey.debug:159 -==>  Preparing: /*!mycat:datanode=dn1*/select last_insert_id() 
2019-01-20 19:27:02.561 DEBUG[http-nio-8003-exec-2]com.example.mycat.mapper.UserMapper.addUser!selectKey.debug:159 -==> Parameters: 
2019-01-20 19:27:02.572 DEBUG[http-nio-8003-exec-2]com.example.mycat.mapper.UserMapper.addUser!selectKey.debug:159 -<==      Total: 1
2019-01-20 19:28:24.265 INFO [main]com.example.mycat.MycatApplication.logStarting:50 -Starting MycatApplication on KQQAN1SV2VRJCEY with PID 13700 (C:\Users\Administrator\Desktop\Learning\SpringCloudLearning\mycat\target\classes started by Administrator in C:\Users\Administrator\Desktop\Learning\SpringCloudLearning\mycat)
2019-01-20 19:28:24.269 INFO [main]com.example.mycat.MycatApplication.logStartupProfileInfo:675 -No active profile set, falling back to default profiles: default
2019-01-20 19:28:25.207 INFO [main]o.s.boot.web.embedded.tomcat.TomcatWebServer.initialize:90 -Tomcat initialized with port(s): 8003 (http)
2019-01-20 19:28:25.216 INFO [main]org.apache.coyote.http11.Http11NioProtocol.log:173 -Initializing ProtocolHandler ["http-nio-8003"]
2019-01-20 19:28:25.222 INFO [main]org.apache.catalina.core.StandardService.log:173 -Starting service [Tomcat]
2019-01-20 19:28:25.222 INFO [main]org.apache.catalina.core.StandardEngine.log:173 -Starting Servlet Engine: Apache Tomcat/9.0.13
2019-01-20 19:28:25.227 INFO [main]org.apache.catalina.core.AprLifecycleListener.log:173 -The APR based Apache Tomcat Native library which allows optimal performance in production environments was not found on the java.library.path: [D:\InstallToUse\eclipse\JDK\bin;C:\Windows\Sun\Java\bin;C:\Windows\system32;C:\Windows;C:\Program Files (x86)\Common Files\Oracle\Java\javapath;E:\app\Administrator\product\11.2.0\dbhome_1\bin;C:\ProgramData\Oracle\Java\javapath;D:\mysql\bin;D:\InstallToUse\eclipse\JDK\bin;D:\InstallToUse\eclipse\JDK\jre\bin;D:\InstallToUse\Git\Git\cmd;D:\InstallToUse\nodejs\;D:\InstallToUse\Maven\apache-maven-3.5.4\bin;C:\Users\Administrator\AppData\Roaming\npm;D:\InstallToUse\SSH;D:\InstallToUse\VSCode\Microsoft VS Code\bin;.]
2019-01-20 19:28:25.298 INFO [main]o.a.catalina.core.ContainerBase.[Tomcat].[localhost].[/].log:173 -Initializing Spring embedded WebApplicationContext
2019-01-20 19:28:25.299 INFO [main]org.springframework.web.context.ContextLoader.prepareWebApplicationContext:296 -Root WebApplicationContext: initialization completed in 931 ms
2019-01-20 19:28:25.665 INFO [main]o.s.scheduling.concurrent.ThreadPoolTaskExecutor.initialize:171 -Initializing ExecutorService 'applicationTaskExecutor'
2019-01-20 19:28:25.807 INFO [main]org.apache.coyote.http11.Http11NioProtocol.log:173 -Starting ProtocolHandler ["http-nio-8003"]
2019-01-20 19:28:25.817 INFO [main]org.apache.tomcat.util.net.NioSelectorPool.log:173 -Using a shared selector for servlet write/read
2019-01-20 19:28:25.831 INFO [main]o.s.boot.web.embedded.tomcat.TomcatWebServer.start:204 -Tomcat started on port(s): 8003 (http) with context path ''
2019-01-20 19:28:25.834 INFO [main]com.example.mycat.MycatApplication.logStarted:59 -Started MycatApplication in 1.972 seconds (JVM running for 2.519)
2019-01-20 19:28:29.072 INFO [http-nio-8003-exec-2]o.a.catalina.core.ContainerBase.[Tomcat].[localhost].[/].log:173 -Initializing Spring DispatcherServlet 'dispatcherServlet'
2019-01-20 19:28:29.072 INFO [http-nio-8003-exec-2]org.springframework.web.servlet.DispatcherServlet.initServletBean:524 -Initializing Servlet 'dispatcherServlet'
2019-01-20 19:28:29.078 INFO [http-nio-8003-exec-2]org.springframework.web.servlet.DispatcherServlet.initServletBean:546 -Completed initialization in 6 ms
2019-01-20 19:28:29.119 INFO [http-nio-8003-exec-2]com.zaxxer.hikari.HikariDataSource.getConnection:110 -HikariPool-1 - Starting...
2019-01-20 19:28:29.210 INFO [http-nio-8003-exec-2]com.zaxxer.hikari.HikariDataSource.getConnection:123 -HikariPool-1 - Start completed.
2019-01-20 19:28:29.219 DEBUG[http-nio-8003-exec-2]com.example.mycat.mapper.UserMapper.addUser.debug:159 -==>  Preparing: /*!mycat:datanode=dn1*/insert into test values (id,?) 
2019-01-20 19:28:29.232 DEBUG[http-nio-8003-exec-2]com.example.mycat.mapper.UserMapper.addUser.debug:159 -==> Parameters: 本地添加在dn1数据库中3(String)
2019-01-20 19:28:29.244 DEBUG[http-nio-8003-exec-2]com.example.mycat.mapper.UserMapper.addUser.debug:159 -<==    Updates: 1
2019-01-20 19:28:29.246 DEBUG[http-nio-8003-exec-2]com.example.mycat.mapper.UserMapper.addUser!selectKey.debug:159 -==>  Preparing: /*!mycat:datanode=dn1*/select last_insert_id() 
2019-01-20 19:28:29.247 DEBUG[http-nio-8003-exec-2]com.example.mycat.mapper.UserMapper.addUser!selectKey.debug:159 -==> Parameters: 
2019-01-20 19:28:29.256 DEBUG[http-nio-8003-exec-2]com.example.mycat.mapper.UserMapper.addUser!selectKey.debug:159 -<==      Total: 1
2019-01-20 19:31:05.301 INFO [main]com.example.mycat.MycatApplication.logStarting:50 -Starting MycatApplication on KQQAN1SV2VRJCEY with PID 8692 (C:\Users\Administrator\Desktop\Learning\SpringCloudLearning\mycat\target\classes started by Administrator in C:\Users\Administrator\Desktop\Learning\SpringCloudLearning\mycat)
2019-01-20 19:31:05.305 INFO [main]com.example.mycat.MycatApplication.logStartupProfileInfo:675 -No active profile set, falling back to default profiles: default
2019-01-20 19:31:06.125 INFO [main]o.s.boot.web.embedded.tomcat.TomcatWebServer.initialize:90 -Tomcat initialized with port(s): 8003 (http)
2019-01-20 19:31:06.134 INFO [main]org.apache.coyote.http11.Http11NioProtocol.log:173 -Initializing ProtocolHandler ["http-nio-8003"]
2019-01-20 19:31:06.140 INFO [main]org.apache.catalina.core.StandardService.log:173 -Starting service [Tomcat]
2019-01-20 19:31:06.140 INFO [main]org.apache.catalina.core.StandardEngine.log:173 -Starting Servlet Engine: Apache Tomcat/9.0.13
2019-01-20 19:31:06.145 INFO [main]org.apache.catalina.core.AprLifecycleListener.log:173 -The APR based Apache Tomcat Native library which allows optimal performance in production environments was not found on the java.library.path: [D:\InstallToUse\eclipse\JDK\bin;C:\Windows\Sun\Java\bin;C:\Windows\system32;C:\Windows;C:\Program Files (x86)\Common Files\Oracle\Java\javapath;E:\app\Administrator\product\11.2.0\dbhome_1\bin;C:\ProgramData\Oracle\Java\javapath;D:\mysql\bin;D:\InstallToUse\eclipse\JDK\bin;D:\InstallToUse\eclipse\JDK\jre\bin;D:\InstallToUse\Git\Git\cmd;D:\InstallToUse\nodejs\;D:\InstallToUse\Maven\apache-maven-3.5.4\bin;C:\Users\Administrator\AppData\Roaming\npm;D:\InstallToUse\SSH;D:\InstallToUse\VSCode\Microsoft VS Code\bin;.]
2019-01-20 19:31:06.217 INFO [main]o.a.catalina.core.ContainerBase.[Tomcat].[localhost].[/].log:173 -Initializing Spring embedded WebApplicationContext
2019-01-20 19:31:06.218 INFO [main]org.springframework.web.context.ContextLoader.prepareWebApplicationContext:296 -Root WebApplicationContext: initialization completed in 874 ms
2019-01-20 19:31:06.567 INFO [main]o.s.scheduling.concurrent.ThreadPoolTaskExecutor.initialize:171 -Initializing ExecutorService 'applicationTaskExecutor'
2019-01-20 19:31:06.705 INFO [main]org.apache.coyote.http11.Http11NioProtocol.log:173 -Starting ProtocolHandler ["http-nio-8003"]
2019-01-20 19:31:06.714 INFO [main]org.apache.tomcat.util.net.NioSelectorPool.log:173 -Using a shared selector for servlet write/read
2019-01-20 19:31:06.727 INFO [main]o.s.boot.web.embedded.tomcat.TomcatWebServer.start:204 -Tomcat started on port(s): 8003 (http) with context path ''
2019-01-20 19:31:06.729 INFO [main]com.example.mycat.MycatApplication.logStarted:59 -Started MycatApplication in 1.867 seconds (JVM running for 2.522)
2019-01-20 19:31:50.407 INFO [http-nio-8003-exec-1]o.a.catalina.core.ContainerBase.[Tomcat].[localhost].[/].log:173 -Initializing Spring DispatcherServlet 'dispatcherServlet'
2019-01-20 19:31:50.407 INFO [http-nio-8003-exec-1]org.springframework.web.servlet.DispatcherServlet.initServletBean:524 -Initializing Servlet 'dispatcherServlet'
2019-01-20 19:31:50.411 INFO [http-nio-8003-exec-1]org.springframework.web.servlet.DispatcherServlet.initServletBean:546 -Completed initialization in 4 ms
2019-01-20 19:31:50.437 INFO [http-nio-8003-exec-1]com.zaxxer.hikari.HikariDataSource.getConnection:110 -HikariPool-1 - Starting...
2019-01-20 19:31:50.526 INFO [http-nio-8003-exec-1]com.zaxxer.hikari.HikariDataSource.getConnection:123 -HikariPool-1 - Start completed.
2019-01-20 19:31:50.535 DEBUG[http-nio-8003-exec-1]com.example.mycat.mapper.UserMapper.allUsers.debug:159 -==>  Preparing: /*!mycat:datanode=dn1*/select id,name from test 
2019-01-20 19:31:50.546 DEBUG[http-nio-8003-exec-1]com.example.mycat.mapper.UserMapper.allUsers.debug:159 -==> Parameters: 
2019-01-20 19:31:50.566 DEBUG[http-nio-8003-exec-1]com.example.mycat.mapper.UserMapper.allUsers.debug:159 -<==      Total: 6
2019-01-20 19:32:10.889 DEBUG[http-nio-8003-exec-3]com.example.mycat.mapper.UserMapper.addUser.debug:159 -==>  Preparing: /*!mycat:datanode=dn2*/insert into test values (id,?) 
2019-01-20 19:32:10.890 DEBUG[http-nio-8003-exec-3]com.example.mycat.mapper.UserMapper.addUser.debug:159 -==> Parameters: 本地添加在dn2数据库中1(String)
2019-01-20 19:32:10.902 DEBUG[http-nio-8003-exec-3]com.example.mycat.mapper.UserMapper.addUser.debug:159 -<==    Updates: 1
2019-01-20 19:32:10.904 DEBUG[http-nio-8003-exec-3]com.example.mycat.mapper.UserMapper.addUser!selectKey.debug:159 -==>  Preparing: /*!mycat:datanode=dn2*/select last_insert_id() 
2019-01-20 19:32:10.904 DEBUG[http-nio-8003-exec-3]com.example.mycat.mapper.UserMapper.addUser!selectKey.debug:159 -==> Parameters: 
2019-01-20 19:32:10.906 DEBUG[http-nio-8003-exec-3]com.example.mycat.mapper.UserMapper.addUser!selectKey.debug:159 -<==      Total: 1
2019-01-20 19:40:34.091 DEBUG[http-nio-8003-exec-6]com.example.mycat.mapper.UserMapper.allUsers.debug:159 -==>  Preparing: /*!mycat:datanode=dn2*/select id,name from test 
2019-01-20 19:40:34.092 DEBUG[http-nio-8003-exec-6]com.example.mycat.mapper.UserMapper.allUsers.debug:159 -==> Parameters: 
2019-01-20 19:40:34.103 DEBUG[http-nio-8003-exec-6]com.example.mycat.mapper.UserMapper.allUsers.debug:159 -<==      Total: 3
2019-01-20 19:52:02.999 INFO [main]com.example.mycat.MycatApplication.logStarting:50 -Starting MycatApplication on KQQAN1SV2VRJCEY with PID 17252 (C:\Users\Administrator\Desktop\Learning\SpringCloudLearning\mycat\target\classes started by Administrator in C:\Users\Administrator\Desktop\Learning\SpringCloudLearning\mycat)
2019-01-20 19:52:03.003 INFO [main]com.example.mycat.MycatApplication.logStartupProfileInfo:675 -No active profile set, falling back to default profiles: default
2019-01-20 19:52:03.912 INFO [main]o.s.boot.web.embedded.tomcat.TomcatWebServer.initialize:90 -Tomcat initialized with port(s): 8003 (http)
2019-01-20 19:52:03.923 INFO [main]org.apache.coyote.http11.Http11NioProtocol.log:173 -Initializing ProtocolHandler ["http-nio-8003"]
2019-01-20 19:52:03.930 INFO [main]org.apache.catalina.core.StandardService.log:173 -Starting service [Tomcat]
2019-01-20 19:52:03.931 INFO [main]org.apache.catalina.core.StandardEngine.log:173 -Starting Servlet Engine: Apache Tomcat/9.0.13
2019-01-20 19:52:03.935 INFO [main]org.apache.catalina.core.AprLifecycleListener.log:173 -The APR based Apache Tomcat Native library which allows optimal performance in production environments was not found on the java.library.path: [D:\InstallToUse\eclipse\JDK\bin;C:\Windows\Sun\Java\bin;C:\Windows\system32;C:\Windows;C:\Program Files (x86)\Common Files\Oracle\Java\javapath;E:\app\Administrator\product\11.2.0\dbhome_1\bin;C:\ProgramData\Oracle\Java\javapath;D:\mysql\bin;D:\InstallToUse\eclipse\JDK\bin;D:\InstallToUse\eclipse\JDK\jre\bin;D:\InstallToUse\Git\Git\cmd;D:\InstallToUse\nodejs\;D:\InstallToUse\Maven\apache-maven-3.5.4\bin;C:\Users\Administrator\AppData\Roaming\npm;D:\InstallToUse\SSH;D:\InstallToUse\VSCode\Microsoft VS Code\bin;.]
2019-01-20 19:52:04.008 INFO [main]o.a.catalina.core.ContainerBase.[Tomcat].[localhost].[/].log:173 -Initializing Spring embedded WebApplicationContext
2019-01-20 19:52:04.008 INFO [main]org.springframework.web.context.ContextLoader.prepareWebApplicationContext:296 -Root WebApplicationContext: initialization completed in 968 ms
2019-01-20 19:52:04.391 INFO [main]o.s.scheduling.concurrent.ThreadPoolTaskExecutor.initialize:171 -Initializing ExecutorService 'applicationTaskExecutor'
2019-01-20 19:52:04.531 INFO [main]org.apache.coyote.http11.Http11NioProtocol.log:173 -Starting ProtocolHandler ["http-nio-8003"]
2019-01-20 19:52:04.541 INFO [main]org.apache.tomcat.util.net.NioSelectorPool.log:173 -Using a shared selector for servlet write/read
2019-01-20 19:52:04.554 INFO [main]o.s.boot.web.embedded.tomcat.TomcatWebServer.start:204 -Tomcat started on port(s): 8003 (http) with context path ''
2019-01-20 19:52:04.557 INFO [main]com.example.mycat.MycatApplication.logStarted:59 -Started MycatApplication in 2.003 seconds (JVM running for 2.602)
2019-01-20 19:52:07.019 INFO [http-nio-8003-exec-2]o.a.catalina.core.ContainerBase.[Tomcat].[localhost].[/].log:173 -Initializing Spring DispatcherServlet 'dispatcherServlet'
2019-01-20 19:52:07.020 INFO [http-nio-8003-exec-2]org.springframework.web.servlet.DispatcherServlet.initServletBean:524 -Initializing Servlet 'dispatcherServlet'
2019-01-20 19:52:07.025 INFO [http-nio-8003-exec-2]org.springframework.web.servlet.DispatcherServlet.initServletBean:546 -Completed initialization in 5 ms
2019-01-20 19:52:07.052 INFO [http-nio-8003-exec-2]com.zaxxer.hikari.HikariDataSource.getConnection:110 -HikariPool-1 - Starting...
2019-01-20 19:52:07.145 INFO [http-nio-8003-exec-2]com.zaxxer.hikari.HikariDataSource.getConnection:123 -HikariPool-1 - Start completed.
2019-01-20 19:52:07.154 DEBUG[http-nio-8003-exec-2]com.example.mycat.mapper.UserMapper.allUsers.debug:159 -==>  Preparing: /*!mycat:datanode=dn2*/select id,name from test 
2019-01-20 19:52:07.165 DEBUG[http-nio-8003-exec-2]com.example.mycat.mapper.UserMapper.allUsers.debug:159 -==> Parameters: 
2019-01-20 19:52:07.185 DEBUG[http-nio-8003-exec-2]com.example.mycat.mapper.UserMapper.allUsers.debug:159 -<==      Total: 3
2019-01-20 19:52:11.901 DEBUG[http-nio-8003-exec-3]com.example.mycat.mapper.UserMapper.addUser.debug:159 -==>  Preparing: /*!mycat:datanode=dn2*/insert into test values (id,?) 
2019-01-20 19:52:11.902 DEBUG[http-nio-8003-exec-3]com.example.mycat.mapper.UserMapper.addUser.debug:159 -==> Parameters: 本地添加在dn2数据库中2(String)
2019-01-20 19:52:11.946 DEBUG[http-nio-8003-exec-3]com.example.mycat.mapper.UserMapper.addUser.debug:159 -<==    Updates: 1
2019-01-20 19:52:11.947 DEBUG[http-nio-8003-exec-3]com.example.mycat.mapper.UserMapper.addUser!selectKey.debug:159 -==>  Preparing: /*!mycat:datanode=dn2*/select last_insert_id() 
2019-01-20 19:52:11.947 DEBUG[http-nio-8003-exec-3]com.example.mycat.mapper.UserMapper.addUser!selectKey.debug:159 -==> Parameters: 
2019-01-20 19:52:11.948 DEBUG[http-nio-8003-exec-3]com.example.mycat.mapper.UserMapper.addUser!selectKey.debug:159 -<==      Total: 1
2019-01-20 19:52:15.464 DEBUG[http-nio-8003-exec-5]com.example.mycat.mapper.UserMapper.allUsers.debug:159 -==>  Preparing: /*!mycat:datanode=dn2*/select id,name from test 
2019-01-20 19:52:15.465 DEBUG[http-nio-8003-exec-5]com.example.mycat.mapper.UserMapper.allUsers.debug:159 -==> Parameters: 
2019-01-20 19:52:15.477 DEBUG[http-nio-8003-exec-5]com.example.mycat.mapper.UserMapper.allUsers.debug:159 -<==      Total: 3
