2019-01-21 21:12:18.491 INFO [main]com.example.mycat.MycatApplication.logStarting:50 -Starting MycatApplication on KQQAN1SV2VRJCEY with PID 5572 (C:\Users\Administrator\Desktop\Learning\SpringCloudLearning\mycat\target\classes started by Administrator in C:\Users\Administrator\Desktop\Learning\SpringCloudLearning\mycat)
2019-01-21 21:12:18.494 INFO [main]com.example.mycat.MycatApplication.logStartupProfileInfo:675 -No active profile set, falling back to default profiles: default
2019-01-21 21:12:19.474 INFO [main]o.s.boot.web.embedded.tomcat.TomcatWebServer.initialize:90 -Tomcat initialized with port(s): 8003 (http)
2019-01-21 21:12:19.486 INFO [main]org.apache.coyote.http11.Http11NioProtocol.log:173 -Initializing ProtocolHandler ["http-nio-8003"]
2019-01-21 21:12:19.493 INFO [main]org.apache.catalina.core.StandardService.log:173 -Starting service [Tomcat]
2019-01-21 21:12:19.494 INFO [main]org.apache.catalina.core.StandardEngine.log:173 -Starting Servlet Engine: Apache Tomcat/9.0.13
2019-01-21 21:12:19.500 INFO [main]org.apache.catalina.core.AprLifecycleListener.log:173 -The APR based Apache Tomcat Native library which allows optimal performance in production environments was not found on the java.library.path: [D:\InstallToUse\eclipse\JDK\bin;C:\Windows\Sun\Java\bin;C:\Windows\system32;C:\Windows;C:\Program Files (x86)\Common Files\Oracle\Java\javapath;E:\app\Administrator\product\11.2.0\dbhome_1\bin;C:\ProgramData\Oracle\Java\javapath;D:\mysql\bin;D:\InstallToUse\eclipse\JDK\bin;D:\InstallToUse\eclipse\JDK\jre\bin;D:\InstallToUse\Git\Git\cmd;D:\InstallToUse\nodejs\;D:\InstallToUse\Maven\apache-maven-3.5.4\bin;C:\Users\Administrator\AppData\Roaming\npm;D:\InstallToUse\SSH;D:\InstallToUse\VSCode\Microsoft VS Code\bin;.]
2019-01-21 21:12:19.589 INFO [main]o.a.catalina.core.ContainerBase.[Tomcat].[localhost].[/].log:173 -Initializing Spring embedded WebApplicationContext
2019-01-21 21:12:19.590 INFO [main]org.springframework.web.context.ContextLoader.prepareWebApplicationContext:296 -Root WebApplicationContext: initialization completed in 1006 ms
2019-01-21 21:12:20.066 INFO [main]o.s.scheduling.concurrent.ThreadPoolTaskExecutor.initialize:171 -Initializing ExecutorService 'applicationTaskExecutor'
2019-01-21 21:12:20.238 INFO [main]org.apache.coyote.http11.Http11NioProtocol.log:173 -Starting ProtocolHandler ["http-nio-8003"]
2019-01-21 21:12:20.247 INFO [main]org.apache.tomcat.util.net.NioSelectorPool.log:173 -Using a shared selector for servlet write/read
2019-01-21 21:12:20.262 INFO [main]o.s.boot.web.embedded.tomcat.TomcatWebServer.start:204 -Tomcat started on port(s): 8003 (http) with context path ''
2019-01-21 21:12:20.265 INFO [main]com.example.mycat.MycatApplication.logStarted:59 -Started MycatApplication in 2.344 seconds (JVM running for 3.15)
2019-01-21 21:14:11.229 INFO [http-nio-8003-exec-1]o.a.catalina.core.ContainerBase.[Tomcat].[localhost].[/].log:173 -Initializing Spring DispatcherServlet 'dispatcherServlet'
2019-01-21 21:14:11.229 INFO [http-nio-8003-exec-1]org.springframework.web.servlet.DispatcherServlet.initServletBean:524 -Initializing Servlet 'dispatcherServlet'
2019-01-21 21:14:11.235 INFO [http-nio-8003-exec-1]org.springframework.web.servlet.DispatcherServlet.initServletBean:546 -Completed initialization in 6 ms
2019-01-21 21:14:26.598 INFO [main]com.example.mycat.MycatApplication.logStarting:50 -Starting MycatApplication on KQQAN1SV2VRJCEY with PID 5688 (C:\Users\Administrator\Desktop\Learning\SpringCloudLearning\mycat\target\classes started by Administrator in C:\Users\Administrator\Desktop\Learning\SpringCloudLearning\mycat)
2019-01-21 21:14:26.601 INFO [main]com.example.mycat.MycatApplication.logStartupProfileInfo:675 -No active profile set, falling back to default profiles: default
2019-01-21 21:14:27.592 INFO [main]o.s.boot.web.embedded.tomcat.TomcatWebServer.initialize:90 -Tomcat initialized with port(s): 8003 (http)
2019-01-21 21:14:27.601 INFO [main]org.apache.coyote.http11.Http11NioProtocol.log:173 -Initializing ProtocolHandler ["http-nio-8003"]
2019-01-21 21:14:27.607 INFO [main]org.apache.catalina.core.StandardService.log:173 -Starting service [Tomcat]
2019-01-21 21:14:27.607 INFO [main]org.apache.catalina.core.StandardEngine.log:173 -Starting Servlet Engine: Apache Tomcat/9.0.13
2019-01-21 21:14:27.612 INFO [main]org.apache.catalina.core.AprLifecycleListener.log:173 -The APR based Apache Tomcat Native library which allows optimal performance in production environments was not found on the java.library.path: [D:\InstallToUse\eclipse\JDK\bin;C:\Windows\Sun\Java\bin;C:\Windows\system32;C:\Windows;C:\Program Files (x86)\Common Files\Oracle\Java\javapath;E:\app\Administrator\product\11.2.0\dbhome_1\bin;C:\ProgramData\Oracle\Java\javapath;D:\mysql\bin;D:\InstallToUse\eclipse\JDK\bin;D:\InstallToUse\eclipse\JDK\jre\bin;D:\InstallToUse\Git\Git\cmd;D:\InstallToUse\nodejs\;D:\InstallToUse\Maven\apache-maven-3.5.4\bin;C:\Users\Administrator\AppData\Roaming\npm;D:\InstallToUse\SSH;D:\InstallToUse\VSCode\Microsoft VS Code\bin;.]
2019-01-21 21:14:27.688 INFO [main]o.a.catalina.core.ContainerBase.[Tomcat].[localhost].[/].log:173 -Initializing Spring embedded WebApplicationContext
2019-01-21 21:14:27.688 INFO [main]org.springframework.web.context.ContextLoader.prepareWebApplicationContext:296 -Root WebApplicationContext: initialization completed in 1037 ms
2019-01-21 21:14:28.060 INFO [main]o.s.scheduling.concurrent.ThreadPoolTaskExecutor.initialize:171 -Initializing ExecutorService 'applicationTaskExecutor'
2019-01-21 21:14:28.202 INFO [main]org.apache.coyote.http11.Http11NioProtocol.log:173 -Starting ProtocolHandler ["http-nio-8003"]
2019-01-21 21:14:28.211 INFO [main]org.apache.tomcat.util.net.NioSelectorPool.log:173 -Using a shared selector for servlet write/read
2019-01-21 21:14:28.225 INFO [main]o.s.boot.web.embedded.tomcat.TomcatWebServer.start:204 -Tomcat started on port(s): 8003 (http) with context path ''
2019-01-21 21:14:28.228 INFO [main]com.example.mycat.MycatApplication.logStarted:59 -Started MycatApplication in 2.081 seconds (JVM running for 2.636)
2019-01-21 21:14:34.287 INFO [http-nio-8003-exec-2]o.a.catalina.core.ContainerBase.[Tomcat].[localhost].[/].log:173 -Initializing Spring DispatcherServlet 'dispatcherServlet'
2019-01-21 21:14:34.287 INFO [http-nio-8003-exec-2]org.springframework.web.servlet.DispatcherServlet.initServletBean:524 -Initializing Servlet 'dispatcherServlet'
2019-01-21 21:14:34.293 INFO [http-nio-8003-exec-2]org.springframework.web.servlet.DispatcherServlet.initServletBean:546 -Completed initialization in 5 ms
2019-01-21 21:14:34.325 INFO [http-nio-8003-exec-2]com.zaxxer.hikari.HikariDataSource.getConnection:110 -HikariPool-1 - Starting...
2019-01-21 21:15:20.689 INFO [http-nio-8003-exec-4]com.zaxxer.hikari.HikariDataSource.getConnection:110 -HikariPool-1 - Starting...
2019-01-21 21:15:20.765 INFO [http-nio-8003-exec-4]com.zaxxer.hikari.HikariDataSource.getConnection:123 -HikariPool-1 - Start completed.
2019-01-21 21:15:20.775 DEBUG[http-nio-8003-exec-4]com.example.mycat.mapper.NodeDao.getNodeTree.debug:159 -==>  Preparing: /*!mycat:datanode=dn1*/SELECT id, name FROM node WHERE parent_id = 0 
2019-01-21 21:15:20.788 DEBUG[http-nio-8003-exec-4]com.example.mycat.mapper.NodeDao.getNodeTree.debug:159 -==> Parameters: 
2019-01-21 21:15:20.888 DEBUG[http-nio-8003-exec-4]com.example.mycat.mapper.NodeDao.getNextNodeTree.debug:159 -====>  Preparing: /*!mycat:datanode=dn1*/SELECT id, name FROM node WHERE parent_id = ? 
2019-01-21 21:15:20.889 DEBUG[http-nio-8003-exec-4]com.example.mycat.mapper.NodeDao.getNextNodeTree.debug:159 -====> Parameters: 1(Long)
2019-01-21 21:15:20.900 DEBUG[http-nio-8003-exec-4]com.example.mycat.mapper.NodeDao.getNextNodeTree.debug:159 -======>  Preparing: /*!mycat:datanode=dn1*/SELECT id, name FROM node WHERE parent_id = ? 
2019-01-21 21:15:20.901 DEBUG[http-nio-8003-exec-4]com.example.mycat.mapper.NodeDao.getNextNodeTree.debug:159 -======> Parameters: 4(Long)
2019-01-21 21:15:20.912 DEBUG[http-nio-8003-exec-4]com.example.mycat.mapper.NodeDao.getNextNodeTree.debug:159 -========>  Preparing: /*!mycat:datanode=dn1*/SELECT id, name FROM node WHERE parent_id = ? 
2019-01-21 21:15:20.912 DEBUG[http-nio-8003-exec-4]com.example.mycat.mapper.NodeDao.getNextNodeTree.debug:159 -========> Parameters: 7(Long)
2019-01-21 21:15:20.922 DEBUG[http-nio-8003-exec-4]com.example.mycat.mapper.NodeDao.getNextNodeTree.debug:159 -<========      Total: 0
2019-01-21 21:15:20.923 DEBUG[http-nio-8003-exec-4]com.example.mycat.mapper.NodeDao.getNextNodeTree.debug:159 -========>  Preparing: /*!mycat:datanode=dn1*/SELECT id, name FROM node WHERE parent_id = ? 
2019-01-21 21:15:20.923 DEBUG[http-nio-8003-exec-4]com.example.mycat.mapper.NodeDao.getNextNodeTree.debug:159 -========> Parameters: 8(Long)
2019-01-21 21:15:20.932 DEBUG[http-nio-8003-exec-4]com.example.mycat.mapper.NodeDao.getNextNodeTree.debug:159 -<========      Total: 0
2019-01-21 21:15:20.932 DEBUG[http-nio-8003-exec-4]com.example.mycat.mapper.NodeDao.getNextNodeTree.debug:159 -<======      Total: 2
2019-01-21 21:15:20.933 DEBUG[http-nio-8003-exec-4]com.example.mycat.mapper.NodeDao.getNextNodeTree.debug:159 -======>  Preparing: /*!mycat:datanode=dn1*/SELECT id, name FROM node WHERE parent_id = ? 
2019-01-21 21:15:20.934 DEBUG[http-nio-8003-exec-4]com.example.mycat.mapper.NodeDao.getNextNodeTree.debug:159 -======> Parameters: 5(Long)
2019-01-21 21:15:20.947 DEBUG[http-nio-8003-exec-4]com.example.mycat.mapper.NodeDao.getNextNodeTree.debug:159 -<======      Total: 0
2019-01-21 21:15:20.948 DEBUG[http-nio-8003-exec-4]com.example.mycat.mapper.NodeDao.getNextNodeTree.debug:159 -<====      Total: 2
2019-01-21 21:15:20.949 DEBUG[http-nio-8003-exec-4]com.example.mycat.mapper.NodeDao.getNextNodeTree.debug:159 -====>  Preparing: /*!mycat:datanode=dn1*/SELECT id, name FROM node WHERE parent_id = ? 
2019-01-21 21:15:20.949 DEBUG[http-nio-8003-exec-4]com.example.mycat.mapper.NodeDao.getNextNodeTree.debug:159 -====> Parameters: 2(Long)
2019-01-21 21:15:20.959 DEBUG[http-nio-8003-exec-4]com.example.mycat.mapper.NodeDao.getNextNodeTree.debug:159 -======>  Preparing: /*!mycat:datanode=dn1*/SELECT id, name FROM node WHERE parent_id = ? 
2019-01-21 21:15:20.960 DEBUG[http-nio-8003-exec-4]com.example.mycat.mapper.NodeDao.getNextNodeTree.debug:159 -======> Parameters: 6(Long)
2019-01-21 21:15:20.971 DEBUG[http-nio-8003-exec-4]com.example.mycat.mapper.NodeDao.getNextNodeTree.debug:159 -========>  Preparing: /*!mycat:datanode=dn1*/SELECT id, name FROM node WHERE parent_id = ? 
2019-01-21 21:15:20.971 DEBUG[http-nio-8003-exec-4]com.example.mycat.mapper.NodeDao.getNextNodeTree.debug:159 -========> Parameters: 9(Long)
2019-01-21 21:15:20.980 DEBUG[http-nio-8003-exec-4]com.example.mycat.mapper.NodeDao.getNextNodeTree.debug:159 -<========      Total: 0
2019-01-21 21:15:20.981 DEBUG[http-nio-8003-exec-4]com.example.mycat.mapper.NodeDao.getNextNodeTree.debug:159 -<======      Total: 1
2019-01-21 21:15:20.981 DEBUG[http-nio-8003-exec-4]com.example.mycat.mapper.NodeDao.getNextNodeTree.debug:159 -<====      Total: 1
2019-01-21 21:15:20.982 DEBUG[http-nio-8003-exec-4]com.example.mycat.mapper.NodeDao.getNextNodeTree.debug:159 -====>  Preparing: /*!mycat:datanode=dn1*/SELECT id, name FROM node WHERE parent_id = ? 
2019-01-21 21:15:20.983 DEBUG[http-nio-8003-exec-4]com.example.mycat.mapper.NodeDao.getNextNodeTree.debug:159 -====> Parameters: 3(Long)
2019-01-21 21:15:20.992 DEBUG[http-nio-8003-exec-4]com.example.mycat.mapper.NodeDao.getNextNodeTree.debug:159 -<====      Total: 0
2019-01-21 21:15:20.992 DEBUG[http-nio-8003-exec-4]com.example.mycat.mapper.NodeDao.getNodeTree.debug:159 -<==      Total: 3
2019-01-21 21:23:27.399 INFO [main]com.example.mycat.MycatApplication.logStarting:50 -Starting MycatApplication on KQQAN1SV2VRJCEY with PID 8764 (C:\Users\Administrator\Desktop\Learning\SpringCloudLearning\mycat\target\classes started by Administrator in C:\Users\Administrator\Desktop\Learning\SpringCloudLearning\mycat)
2019-01-21 21:23:27.403 INFO [main]com.example.mycat.MycatApplication.logStartupProfileInfo:675 -No active profile set, falling back to default profiles: default
2019-01-21 21:23:28.241 INFO [main]o.s.boot.web.embedded.tomcat.TomcatWebServer.initialize:90 -Tomcat initialized with port(s): 8003 (http)
2019-01-21 21:23:28.250 INFO [main]org.apache.coyote.http11.Http11NioProtocol.log:173 -Initializing ProtocolHandler ["http-nio-8003"]
2019-01-21 21:23:28.256 INFO [main]org.apache.catalina.core.StandardService.log:173 -Starting service [Tomcat]
2019-01-21 21:23:28.256 INFO [main]org.apache.catalina.core.StandardEngine.log:173 -Starting Servlet Engine: Apache Tomcat/9.0.13
2019-01-21 21:23:28.261 INFO [main]org.apache.catalina.core.AprLifecycleListener.log:173 -The APR based Apache Tomcat Native library which allows optimal performance in production environments was not found on the java.library.path: [D:\InstallToUse\eclipse\JDK\bin;C:\Windows\Sun\Java\bin;C:\Windows\system32;C:\Windows;C:\Program Files (x86)\Common Files\Oracle\Java\javapath;E:\app\Administrator\product\11.2.0\dbhome_1\bin;C:\ProgramData\Oracle\Java\javapath;D:\mysql\bin;D:\InstallToUse\eclipse\JDK\bin;D:\InstallToUse\eclipse\JDK\jre\bin;D:\InstallToUse\Git\Git\cmd;D:\InstallToUse\nodejs\;D:\InstallToUse\Maven\apache-maven-3.5.4\bin;C:\Users\Administrator\AppData\Roaming\npm;D:\InstallToUse\SSH;D:\InstallToUse\VSCode\Microsoft VS Code\bin;.]
2019-01-21 21:23:28.335 INFO [main]o.a.catalina.core.ContainerBase.[Tomcat].[localhost].[/].log:173 -Initializing Spring embedded WebApplicationContext
2019-01-21 21:23:28.336 INFO [main]org.springframework.web.context.ContextLoader.prepareWebApplicationContext:296 -Root WebApplicationContext: initialization completed in 856 ms
2019-01-21 21:23:28.701 INFO [main]o.s.scheduling.concurrent.ThreadPoolTaskExecutor.initialize:171 -Initializing ExecutorService 'applicationTaskExecutor'
2019-01-21 21:23:28.840 INFO [main]org.apache.coyote.http11.Http11NioProtocol.log:173 -Starting ProtocolHandler ["http-nio-8003"]
2019-01-21 21:23:28.849 INFO [main]org.apache.tomcat.util.net.NioSelectorPool.log:173 -Using a shared selector for servlet write/read
2019-01-21 21:23:28.862 INFO [main]o.s.boot.web.embedded.tomcat.TomcatWebServer.start:204 -Tomcat started on port(s): 8003 (http) with context path ''
2019-01-21 21:23:28.864 INFO [main]com.example.mycat.MycatApplication.logStarted:59 -Started MycatApplication in 1.864 seconds (JVM running for 2.529)
2019-01-21 21:25:32.054 INFO [http-nio-8003-exec-2]o.a.catalina.core.ContainerBase.[Tomcat].[localhost].[/].log:173 -Initializing Spring DispatcherServlet 'dispatcherServlet'
2019-01-21 21:25:32.055 INFO [http-nio-8003-exec-2]org.springframework.web.servlet.DispatcherServlet.initServletBean:524 -Initializing Servlet 'dispatcherServlet'
2019-01-21 21:25:32.064 INFO [http-nio-8003-exec-2]org.springframework.web.servlet.DispatcherServlet.initServletBean:546 -Completed initialization in 9 ms
2019-01-21 21:25:32.092 INFO [http-nio-8003-exec-2]com.zaxxer.hikari.HikariDataSource.getConnection:110 -HikariPool-1 - Starting...
2019-01-21 21:25:32.185 INFO [http-nio-8003-exec-2]com.zaxxer.hikari.HikariDataSource.getConnection:123 -HikariPool-1 - Start completed.
2019-01-21 21:25:32.194 DEBUG[http-nio-8003-exec-2]com.example.mycat.mapper.NodeDao.getNodeTree.debug:159 -==>  Preparing: /*!mycat:datanode=dn1*/SELECT id, name FROM node WHERE parent_id = 0 
2019-01-21 21:25:32.205 DEBUG[http-nio-8003-exec-2]com.example.mycat.mapper.NodeDao.getNodeTree.debug:159 -==> Parameters: 
2019-01-21 21:25:32.224 DEBUG[http-nio-8003-exec-2]com.example.mycat.mapper.NodeDao.getNextNodeTree.debug:159 -====>  Preparing: /*!mycat:datanode=dn1*/SELECT id, name FROM node WHERE parent_id = ? 
2019-01-21 21:25:32.225 DEBUG[http-nio-8003-exec-2]com.example.mycat.mapper.NodeDao.getNextNodeTree.debug:159 -====> Parameters: 1(Long)
2019-01-21 21:25:32.235 DEBUG[http-nio-8003-exec-2]com.example.mycat.mapper.NodeDao.getNextNodeTree.debug:159 -======>  Preparing: /*!mycat:datanode=dn1*/SELECT id, name FROM node WHERE parent_id = ? 
2019-01-21 21:25:32.235 DEBUG[http-nio-8003-exec-2]com.example.mycat.mapper.NodeDao.getNextNodeTree.debug:159 -======> Parameters: 4(Long)
2019-01-21 21:25:32.245 DEBUG[http-nio-8003-exec-2]com.example.mycat.mapper.NodeDao.getNextNodeTree.debug:159 -========>  Preparing: /*!mycat:datanode=dn1*/SELECT id, name FROM node WHERE parent_id = ? 
2019-01-21 21:25:32.246 DEBUG[http-nio-8003-exec-2]com.example.mycat.mapper.NodeDao.getNextNodeTree.debug:159 -========> Parameters: 7(Long)
2019-01-21 21:25:32.256 DEBUG[http-nio-8003-exec-2]com.example.mycat.mapper.NodeDao.getNextNodeTree.debug:159 -<========      Total: 0
2019-01-21 21:25:32.257 DEBUG[http-nio-8003-exec-2]com.example.mycat.mapper.NodeDao.getNextNodeTree.debug:159 -========>  Preparing: /*!mycat:datanode=dn1*/SELECT id, name FROM node WHERE parent_id = ? 
2019-01-21 21:25:32.258 DEBUG[http-nio-8003-exec-2]com.example.mycat.mapper.NodeDao.getNextNodeTree.debug:159 -========> Parameters: 8(Long)
2019-01-21 21:25:32.266 DEBUG[http-nio-8003-exec-2]com.example.mycat.mapper.NodeDao.getNextNodeTree.debug:159 -<========      Total: 0
2019-01-21 21:25:32.267 DEBUG[http-nio-8003-exec-2]com.example.mycat.mapper.NodeDao.getNextNodeTree.debug:159 -<======      Total: 2
2019-01-21 21:25:32.268 DEBUG[http-nio-8003-exec-2]com.example.mycat.mapper.NodeDao.getNextNodeTree.debug:159 -======>  Preparing: /*!mycat:datanode=dn1*/SELECT id, name FROM node WHERE parent_id = ? 
2019-01-21 21:25:32.268 DEBUG[http-nio-8003-exec-2]com.example.mycat.mapper.NodeDao.getNextNodeTree.debug:159 -======> Parameters: 5(Long)
2019-01-21 21:25:32.277 DEBUG[http-nio-8003-exec-2]com.example.mycat.mapper.NodeDao.getNextNodeTree.debug:159 -<======      Total: 0
2019-01-21 21:25:32.278 DEBUG[http-nio-8003-exec-2]com.example.mycat.mapper.NodeDao.getNextNodeTree.debug:159 -<====      Total: 2
2019-01-21 21:25:32.279 DEBUG[http-nio-8003-exec-2]com.example.mycat.mapper.NodeDao.getNextNodeTree.debug:159 -====>  Preparing: /*!mycat:datanode=dn1*/SELECT id, name FROM node WHERE parent_id = ? 
2019-01-21 21:25:32.279 DEBUG[http-nio-8003-exec-2]com.example.mycat.mapper.NodeDao.getNextNodeTree.debug:159 -====> Parameters: 2(Long)
2019-01-21 21:25:32.290 DEBUG[http-nio-8003-exec-2]com.example.mycat.mapper.NodeDao.getNextNodeTree.debug:159 -======>  Preparing: /*!mycat:datanode=dn1*/SELECT id, name FROM node WHERE parent_id = ? 
2019-01-21 21:25:32.291 DEBUG[http-nio-8003-exec-2]com.example.mycat.mapper.NodeDao.getNextNodeTree.debug:159 -======> Parameters: 6(Long)
2019-01-21 21:25:32.300 DEBUG[http-nio-8003-exec-2]com.example.mycat.mapper.NodeDao.getNextNodeTree.debug:159 -========>  Preparing: /*!mycat:datanode=dn1*/SELECT id, name FROM node WHERE parent_id = ? 
2019-01-21 21:25:32.301 DEBUG[http-nio-8003-exec-2]com.example.mycat.mapper.NodeDao.getNextNodeTree.debug:159 -========> Parameters: 9(Long)
2019-01-21 21:25:32.309 DEBUG[http-nio-8003-exec-2]com.example.mycat.mapper.NodeDao.getNextNodeTree.debug:159 -<========      Total: 0
2019-01-21 21:25:32.310 DEBUG[http-nio-8003-exec-2]com.example.mycat.mapper.NodeDao.getNextNodeTree.debug:159 -<======      Total: 1
2019-01-21 21:25:32.311 DEBUG[http-nio-8003-exec-2]com.example.mycat.mapper.NodeDao.getNextNodeTree.debug:159 -<====      Total: 1
2019-01-21 21:25:32.312 DEBUG[http-nio-8003-exec-2]com.example.mycat.mapper.NodeDao.getNextNodeTree.debug:159 -====>  Preparing: /*!mycat:datanode=dn1*/SELECT id, name FROM node WHERE parent_id = ? 
2019-01-21 21:25:32.312 DEBUG[http-nio-8003-exec-2]com.example.mycat.mapper.NodeDao.getNextNodeTree.debug:159 -====> Parameters: 3(Long)
2019-01-21 21:25:32.321 DEBUG[http-nio-8003-exec-2]com.example.mycat.mapper.NodeDao.getNextNodeTree.debug:159 -<====      Total: 0
2019-01-21 21:25:32.322 DEBUG[http-nio-8003-exec-2]com.example.mycat.mapper.NodeDao.getNodeTree.debug:159 -<==      Total: 3
2019-01-21 21:25:47.722 DEBUG[http-nio-8003-exec-3]com.example.mycat.mapper.NodeDao.getBaseTree.debug:159 -==>  Preparing: /*!mycat:datanode=dn1*/SELECT id, name FROM node WHERE parent_id = 0 
2019-01-21 21:25:47.723 DEBUG[http-nio-8003-exec-3]com.example.mycat.mapper.NodeDao.getBaseTree.debug:159 -==> Parameters: 
2019-01-21 21:27:28.519 INFO [main]com.example.mycat.MycatApplication.logStarting:50 -Starting MycatApplication on KQQAN1SV2VRJCEY with PID 9992 (C:\Users\Administrator\Desktop\Learning\SpringCloudLearning\mycat\target\classes started by Administrator in C:\Users\Administrator\Desktop\Learning\SpringCloudLearning\mycat)
2019-01-21 21:27:28.524 INFO [main]com.example.mycat.MycatApplication.logStartupProfileInfo:675 -No active profile set, falling back to default profiles: default
2019-01-21 21:27:29.549 INFO [main]o.s.boot.web.embedded.tomcat.TomcatWebServer.initialize:90 -Tomcat initialized with port(s): 8003 (http)
2019-01-21 21:27:29.558 INFO [main]org.apache.coyote.http11.Http11NioProtocol.log:173 -Initializing ProtocolHandler ["http-nio-8003"]
2019-01-21 21:27:29.565 INFO [main]org.apache.catalina.core.StandardService.log:173 -Starting service [Tomcat]
2019-01-21 21:27:29.565 INFO [main]org.apache.catalina.core.StandardEngine.log:173 -Starting Servlet Engine: Apache Tomcat/9.0.13
2019-01-21 21:27:29.570 INFO [main]org.apache.catalina.core.AprLifecycleListener.log:173 -The APR based Apache Tomcat Native library which allows optimal performance in production environments was not found on the java.library.path: [D:\InstallToUse\eclipse\JDK\bin;C:\Windows\Sun\Java\bin;C:\Windows\system32;C:\Windows;C:\Program Files (x86)\Common Files\Oracle\Java\javapath;E:\app\Administrator\product\11.2.0\dbhome_1\bin;C:\ProgramData\Oracle\Java\javapath;D:\mysql\bin;D:\InstallToUse\eclipse\JDK\bin;D:\InstallToUse\eclipse\JDK\jre\bin;D:\InstallToUse\Git\Git\cmd;D:\InstallToUse\nodejs\;D:\InstallToUse\Maven\apache-maven-3.5.4\bin;C:\Users\Administrator\AppData\Roaming\npm;D:\InstallToUse\SSH;D:\InstallToUse\VSCode\Microsoft VS Code\bin;.]
2019-01-21 21:27:29.645 INFO [main]o.a.catalina.core.ContainerBase.[Tomcat].[localhost].[/].log:173 -Initializing Spring embedded WebApplicationContext
2019-01-21 21:27:29.645 INFO [main]org.springframework.web.context.ContextLoader.prepareWebApplicationContext:296 -Root WebApplicationContext: initialization completed in 977 ms
2019-01-21 21:27:30.024 INFO [main]o.s.scheduling.concurrent.ThreadPoolTaskExecutor.initialize:171 -Initializing ExecutorService 'applicationTaskExecutor'
2019-01-21 21:27:30.165 INFO [main]org.apache.coyote.http11.Http11NioProtocol.log:173 -Starting ProtocolHandler ["http-nio-8003"]
2019-01-21 21:27:30.174 INFO [main]org.apache.tomcat.util.net.NioSelectorPool.log:173 -Using a shared selector for servlet write/read
2019-01-21 21:27:30.188 INFO [main]o.s.boot.web.embedded.tomcat.TomcatWebServer.start:204 -Tomcat started on port(s): 8003 (http) with context path ''
2019-01-21 21:27:30.190 INFO [main]com.example.mycat.MycatApplication.logStarted:59 -Started MycatApplication in 2.089 seconds (JVM running for 2.648)
2019-01-21 21:27:32.506 INFO [http-nio-8003-exec-2]o.a.catalina.core.ContainerBase.[Tomcat].[localhost].[/].log:173 -Initializing Spring DispatcherServlet 'dispatcherServlet'
2019-01-21 21:27:32.506 INFO [http-nio-8003-exec-2]org.springframework.web.servlet.DispatcherServlet.initServletBean:524 -Initializing Servlet 'dispatcherServlet'
2019-01-21 21:27:32.511 INFO [http-nio-8003-exec-2]org.springframework.web.servlet.DispatcherServlet.initServletBean:546 -Completed initialization in 4 ms
2019-01-21 21:27:32.539 INFO [http-nio-8003-exec-2]com.zaxxer.hikari.HikariDataSource.getConnection:110 -HikariPool-1 - Starting...
2019-01-21 21:27:32.630 INFO [http-nio-8003-exec-2]com.zaxxer.hikari.HikariDataSource.getConnection:123 -HikariPool-1 - Start completed.
2019-01-21 21:27:32.639 DEBUG[http-nio-8003-exec-2]com.example.mycat.mapper.NodeDao.getBaseTree.debug:159 -==>  Preparing: /*!mycat:datanode=dn1*/SELECT id, name FROM node WHERE parent_id = 0 
2019-01-21 21:27:32.650 DEBUG[http-nio-8003-exec-2]com.example.mycat.mapper.NodeDao.getBaseTree.debug:159 -==> Parameters: 
2019-01-21 21:27:32.668 DEBUG[http-nio-8003-exec-2]com.example.mycat.mapper.NodeDao.getBaseTree.debug:159 -<==      Total: 3
2019-01-21 21:29:59.090 INFO [main]com.example.mycat.MycatApplication.logStarting:50 -Starting MycatApplication on KQQAN1SV2VRJCEY with PID 11048 (C:\Users\Administrator\Desktop\Learning\SpringCloudLearning\mycat\target\classes started by Administrator in C:\Users\Administrator\Desktop\Learning\SpringCloudLearning\mycat)
2019-01-21 21:29:59.093 INFO [main]com.example.mycat.MycatApplication.logStartupProfileInfo:675 -No active profile set, falling back to default profiles: default
2019-01-21 21:30:00.131 INFO [main]o.s.boot.web.embedded.tomcat.TomcatWebServer.initialize:90 -Tomcat initialized with port(s): 8003 (http)
2019-01-21 21:30:00.140 INFO [main]org.apache.coyote.http11.Http11NioProtocol.log:173 -Initializing ProtocolHandler ["http-nio-8003"]
2019-01-21 21:30:00.146 INFO [main]org.apache.catalina.core.StandardService.log:173 -Starting service [Tomcat]
2019-01-21 21:30:00.147 INFO [main]org.apache.catalina.core.StandardEngine.log:173 -Starting Servlet Engine: Apache Tomcat/9.0.13
2019-01-21 21:30:00.151 INFO [main]org.apache.catalina.core.AprLifecycleListener.log:173 -The APR based Apache Tomcat Native library which allows optimal performance in production environments was not found on the java.library.path: [D:\InstallToUse\eclipse\JDK\bin;C:\Windows\Sun\Java\bin;C:\Windows\system32;C:\Windows;C:\Program Files (x86)\Common Files\Oracle\Java\javapath;E:\app\Administrator\product\11.2.0\dbhome_1\bin;C:\ProgramData\Oracle\Java\javapath;D:\mysql\bin;D:\InstallToUse\eclipse\JDK\bin;D:\InstallToUse\eclipse\JDK\jre\bin;D:\InstallToUse\Git\Git\cmd;D:\InstallToUse\nodejs\;D:\InstallToUse\Maven\apache-maven-3.5.4\bin;C:\Users\Administrator\AppData\Roaming\npm;D:\InstallToUse\SSH;D:\InstallToUse\VSCode\Microsoft VS Code\bin;.]
2019-01-21 21:30:00.228 INFO [main]o.a.catalina.core.ContainerBase.[Tomcat].[localhost].[/].log:173 -Initializing Spring embedded WebApplicationContext
2019-01-21 21:30:00.229 INFO [main]org.springframework.web.context.ContextLoader.prepareWebApplicationContext:296 -Root WebApplicationContext: initialization completed in 1047 ms
2019-01-21 21:30:00.601 INFO [main]o.s.scheduling.concurrent.ThreadPoolTaskExecutor.initialize:171 -Initializing ExecutorService 'applicationTaskExecutor'
2019-01-21 21:30:00.742 INFO [main]org.apache.coyote.http11.Http11NioProtocol.log:173 -Starting ProtocolHandler ["http-nio-8003"]
2019-01-21 21:30:00.751 INFO [main]org.apache.tomcat.util.net.NioSelectorPool.log:173 -Using a shared selector for servlet write/read
2019-01-21 21:30:00.765 INFO [main]o.s.boot.web.embedded.tomcat.TomcatWebServer.start:204 -Tomcat started on port(s): 8003 (http) with context path ''
2019-01-21 21:30:00.767 INFO [main]com.example.mycat.MycatApplication.logStarted:59 -Started MycatApplication in 2.087 seconds (JVM running for 2.645)
2019-01-21 21:30:06.605 INFO [http-nio-8003-exec-2]o.a.catalina.core.ContainerBase.[Tomcat].[localhost].[/].log:173 -Initializing Spring DispatcherServlet 'dispatcherServlet'
2019-01-21 21:30:06.606 INFO [http-nio-8003-exec-2]org.springframework.web.servlet.DispatcherServlet.initServletBean:524 -Initializing Servlet 'dispatcherServlet'
2019-01-21 21:30:06.610 INFO [http-nio-8003-exec-2]org.springframework.web.servlet.DispatcherServlet.initServletBean:546 -Completed initialization in 4 ms
2019-01-21 21:30:06.637 INFO [http-nio-8003-exec-2]com.zaxxer.hikari.HikariDataSource.getConnection:110 -HikariPool-1 - Starting...
2019-01-21 21:30:06.728 INFO [http-nio-8003-exec-2]com.zaxxer.hikari.HikariDataSource.getConnection:123 -HikariPool-1 - Start completed.
2019-01-21 21:30:06.737 DEBUG[http-nio-8003-exec-2]com.example.mycat.mapper.NodeDao.getNodeTree.debug:159 -==>  Preparing: /*!mycat:datanode=dn1*/SELECT id, name FROM node WHERE parent_id = 0 
2019-01-21 21:30:06.748 DEBUG[http-nio-8003-exec-2]com.example.mycat.mapper.NodeDao.getNodeTree.debug:159 -==> Parameters: 
2019-01-21 21:30:06.767 DEBUG[http-nio-8003-exec-2]com.example.mycat.mapper.NodeDao.getNextNodeTree.debug:159 -====>  Preparing: /*!mycat:datanode=dn1*/SELECT id, name FROM node WHERE parent_id = ? 
2019-01-21 21:30:06.768 DEBUG[http-nio-8003-exec-2]com.example.mycat.mapper.NodeDao.getNextNodeTree.debug:159 -====> Parameters: 1(Long)
2019-01-21 21:30:06.778 DEBUG[http-nio-8003-exec-2]com.example.mycat.mapper.NodeDao.getNextNodeTree.debug:159 -======>  Preparing: /*!mycat:datanode=dn1*/SELECT id, name FROM node WHERE parent_id = ? 
2019-01-21 21:30:06.779 DEBUG[http-nio-8003-exec-2]com.example.mycat.mapper.NodeDao.getNextNodeTree.debug:159 -======> Parameters: 4(Long)
2019-01-21 21:30:06.790 DEBUG[http-nio-8003-exec-2]com.example.mycat.mapper.NodeDao.getNextNodeTree.debug:159 -========>  Preparing: /*!mycat:datanode=dn1*/SELECT id, name FROM node WHERE parent_id = ? 
2019-01-21 21:30:06.790 DEBUG[http-nio-8003-exec-2]com.example.mycat.mapper.NodeDao.getNextNodeTree.debug:159 -========> Parameters: 7(Long)
2019-01-21 21:30:06.800 DEBUG[http-nio-8003-exec-2]com.example.mycat.mapper.NodeDao.getNextNodeTree.debug:159 -<========      Total: 0
2019-01-21 21:30:06.801 DEBUG[http-nio-8003-exec-2]com.example.mycat.mapper.NodeDao.getNextNodeTree.debug:159 -========>  Preparing: /*!mycat:datanode=dn1*/SELECT id, name FROM node WHERE parent_id = ? 
2019-01-21 21:30:06.801 DEBUG[http-nio-8003-exec-2]com.example.mycat.mapper.NodeDao.getNextNodeTree.debug:159 -========> Parameters: 8(Long)
2019-01-21 21:30:06.812 DEBUG[http-nio-8003-exec-2]com.example.mycat.mapper.NodeDao.getNextNodeTree.debug:159 -<========      Total: 0
2019-01-21 21:30:06.813 DEBUG[http-nio-8003-exec-2]com.example.mycat.mapper.NodeDao.getNextNodeTree.debug:159 -<======      Total: 2
2019-01-21 21:30:06.814 DEBUG[http-nio-8003-exec-2]com.example.mycat.mapper.NodeDao.getNextNodeTree.debug:159 -======>  Preparing: /*!mycat:datanode=dn1*/SELECT id, name FROM node WHERE parent_id = ? 
2019-01-21 21:30:06.814 DEBUG[http-nio-8003-exec-2]com.example.mycat.mapper.NodeDao.getNextNodeTree.debug:159 -======> Parameters: 5(Long)
2019-01-21 21:30:06.824 DEBUG[http-nio-8003-exec-2]com.example.mycat.mapper.NodeDao.getNextNodeTree.debug:159 -<======      Total: 0
2019-01-21 21:30:06.824 DEBUG[http-nio-8003-exec-2]com.example.mycat.mapper.NodeDao.getNextNodeTree.debug:159 -<====      Total: 2
2019-01-21 21:30:06.825 DEBUG[http-nio-8003-exec-2]com.example.mycat.mapper.NodeDao.getNextNodeTree.debug:159 -====>  Preparing: /*!mycat:datanode=dn1*/SELECT id, name FROM node WHERE parent_id = ? 
2019-01-21 21:30:06.826 DEBUG[http-nio-8003-exec-2]com.example.mycat.mapper.NodeDao.getNextNodeTree.debug:159 -====> Parameters: 2(Long)
2019-01-21 21:30:06.835 DEBUG[http-nio-8003-exec-2]com.example.mycat.mapper.NodeDao.getNextNodeTree.debug:159 -======>  Preparing: /*!mycat:datanode=dn1*/SELECT id, name FROM node WHERE parent_id = ? 
2019-01-21 21:30:06.836 DEBUG[http-nio-8003-exec-2]com.example.mycat.mapper.NodeDao.getNextNodeTree.debug:159 -======> Parameters: 6(Long)
2019-01-21 21:30:06.846 DEBUG[http-nio-8003-exec-2]com.example.mycat.mapper.NodeDao.getNextNodeTree.debug:159 -========>  Preparing: /*!mycat:datanode=dn1*/SELECT id, name FROM node WHERE parent_id = ? 
2019-01-21 21:30:06.846 DEBUG[http-nio-8003-exec-2]com.example.mycat.mapper.NodeDao.getNextNodeTree.debug:159 -========> Parameters: 9(Long)
2019-01-21 21:30:06.856 DEBUG[http-nio-8003-exec-2]com.example.mycat.mapper.NodeDao.getNextNodeTree.debug:159 -<========      Total: 0
2019-01-21 21:30:06.856 DEBUG[http-nio-8003-exec-2]com.example.mycat.mapper.NodeDao.getNextNodeTree.debug:159 -<======      Total: 1
2019-01-21 21:30:06.857 DEBUG[http-nio-8003-exec-2]com.example.mycat.mapper.NodeDao.getNextNodeTree.debug:159 -<====      Total: 1
2019-01-21 21:30:06.858 DEBUG[http-nio-8003-exec-2]com.example.mycat.mapper.NodeDao.getNextNodeTree.debug:159 -====>  Preparing: /*!mycat:datanode=dn1*/SELECT id, name FROM node WHERE parent_id = ? 
2019-01-21 21:30:06.858 DEBUG[http-nio-8003-exec-2]com.example.mycat.mapper.NodeDao.getNextNodeTree.debug:159 -====> Parameters: 3(Long)
2019-01-21 21:30:06.867 DEBUG[http-nio-8003-exec-2]com.example.mycat.mapper.NodeDao.getNextNodeTree.debug:159 -<====      Total: 0
2019-01-21 21:30:06.867 DEBUG[http-nio-8003-exec-2]com.example.mycat.mapper.NodeDao.getNodeTree.debug:159 -<==      Total: 3
2019-01-21 21:30:10.554 DEBUG[http-nio-8003-exec-3]com.example.mycat.mapper.NodeDao.getBaseTree.debug:159 -==>  Preparing: /*!mycat:datanode=dn1*/SELECT id, name FROM node WHERE parent_id = 0 
2019-01-21 21:30:10.554 DEBUG[http-nio-8003-exec-3]com.example.mycat.mapper.NodeDao.getBaseTree.debug:159 -==> Parameters: 
2019-01-21 21:30:10.565 DEBUG[http-nio-8003-exec-3]com.example.mycat.mapper.NodeDao.getBaseTree.debug:159 -<==      Total: 3
2019-01-21 21:30:22.173 INFO [main]com.example.mycat.MycatApplication.logStarting:50 -Starting MycatApplication on KQQAN1SV2VRJCEY with PID 10888 (C:\Users\Administrator\Desktop\Learning\SpringCloudLearning\mycat\target\classes started by Administrator in C:\Users\Administrator\Desktop\Learning\SpringCloudLearning\mycat)
2019-01-21 21:30:22.177 INFO [main]com.example.mycat.MycatApplication.logStartupProfileInfo:675 -No active profile set, falling back to default profiles: default
2019-01-21 21:30:23.222 INFO [main]o.s.boot.web.embedded.tomcat.TomcatWebServer.initialize:90 -Tomcat initialized with port(s): 8003 (http)
2019-01-21 21:30:23.232 INFO [main]org.apache.coyote.http11.Http11NioProtocol.log:173 -Initializing ProtocolHandler ["http-nio-8003"]
2019-01-21 21:30:23.238 INFO [main]org.apache.catalina.core.StandardService.log:173 -Starting service [Tomcat]
2019-01-21 21:30:23.238 INFO [main]org.apache.catalina.core.StandardEngine.log:173 -Starting Servlet Engine: Apache Tomcat/9.0.13
2019-01-21 21:30:23.243 INFO [main]org.apache.catalina.core.AprLifecycleListener.log:173 -The APR based Apache Tomcat Native library which allows optimal performance in production environments was not found on the java.library.path: [D:\InstallToUse\eclipse\JDK\bin;C:\Windows\Sun\Java\bin;C:\Windows\system32;C:\Windows;C:\Program Files (x86)\Common Files\Oracle\Java\javapath;E:\app\Administrator\product\11.2.0\dbhome_1\bin;C:\ProgramData\Oracle\Java\javapath;D:\mysql\bin;D:\InstallToUse\eclipse\JDK\bin;D:\InstallToUse\eclipse\JDK\jre\bin;D:\InstallToUse\Git\Git\cmd;D:\InstallToUse\nodejs\;D:\InstallToUse\Maven\apache-maven-3.5.4\bin;C:\Users\Administrator\AppData\Roaming\npm;D:\InstallToUse\SSH;D:\InstallToUse\VSCode\Microsoft VS Code\bin;.]
2019-01-21 21:30:23.318 INFO [main]o.a.catalina.core.ContainerBase.[Tomcat].[localhost].[/].log:173 -Initializing Spring embedded WebApplicationContext
2019-01-21 21:30:23.318 INFO [main]org.springframework.web.context.ContextLoader.prepareWebApplicationContext:296 -Root WebApplicationContext: initialization completed in 1047 ms
2019-01-21 21:30:23.701 INFO [main]o.s.scheduling.concurrent.ThreadPoolTaskExecutor.initialize:171 -Initializing ExecutorService 'applicationTaskExecutor'
2019-01-21 21:30:23.861 INFO [main]org.apache.coyote.http11.Http11NioProtocol.log:173 -Starting ProtocolHandler ["http-nio-8003"]
2019-01-21 21:30:23.872 INFO [main]org.apache.tomcat.util.net.NioSelectorPool.log:173 -Using a shared selector for servlet write/read
2019-01-21 21:30:23.890 INFO [main]o.s.boot.web.embedded.tomcat.TomcatWebServer.start:204 -Tomcat started on port(s): 8003 (http) with context path ''
2019-01-21 21:30:23.892 INFO [main]com.example.mycat.MycatApplication.logStarted:59 -Started MycatApplication in 2.12 seconds (JVM running for 2.732)
2019-01-21 21:30:26.090 INFO [http-nio-8003-exec-2]o.a.catalina.core.ContainerBase.[Tomcat].[localhost].[/].log:173 -Initializing Spring DispatcherServlet 'dispatcherServlet'
2019-01-21 21:30:26.090 INFO [http-nio-8003-exec-2]org.springframework.web.servlet.DispatcherServlet.initServletBean:524 -Initializing Servlet 'dispatcherServlet'
2019-01-21 21:30:26.094 INFO [http-nio-8003-exec-2]org.springframework.web.servlet.DispatcherServlet.initServletBean:546 -Completed initialization in 4 ms
2019-01-21 21:30:26.122 INFO [http-nio-8003-exec-2]com.zaxxer.hikari.HikariDataSource.getConnection:110 -HikariPool-1 - Starting...
2019-01-21 21:30:26.210 INFO [http-nio-8003-exec-2]com.zaxxer.hikari.HikariDataSource.getConnection:123 -HikariPool-1 - Start completed.
2019-01-21 21:30:26.219 DEBUG[http-nio-8003-exec-2]com.example.mycat.mapper.NodeDao.getNodeTree.debug:159 -==>  Preparing: /*!mycat:datanode=dn1*/SELECT id, name FROM node WHERE parent_id = 0 
2019-01-21 21:30:26.230 DEBUG[http-nio-8003-exec-2]com.example.mycat.mapper.NodeDao.getNodeTree.debug:159 -==> Parameters: 
2019-01-21 21:30:26.248 DEBUG[http-nio-8003-exec-2]com.example.mycat.mapper.NodeDao.getNextNodeTree.debug:159 -====>  Preparing: /*!mycat:datanode=dn1*/SELECT id, name FROM node WHERE parent_id = ? 
2019-01-21 21:30:26.249 DEBUG[http-nio-8003-exec-2]com.example.mycat.mapper.NodeDao.getNextNodeTree.debug:159 -====> Parameters: 1(Long)
2019-01-21 21:30:26.259 DEBUG[http-nio-8003-exec-2]com.example.mycat.mapper.NodeDao.getNextNodeTree.debug:159 -======>  Preparing: /*!mycat:datanode=dn1*/SELECT id, name FROM node WHERE parent_id = ? 
2019-01-21 21:30:26.259 DEBUG[http-nio-8003-exec-2]com.example.mycat.mapper.NodeDao.getNextNodeTree.debug:159 -======> Parameters: 4(Long)
2019-01-21 21:30:26.269 DEBUG[http-nio-8003-exec-2]com.example.mycat.mapper.NodeDao.getNextNodeTree.debug:159 -========>  Preparing: /*!mycat:datanode=dn1*/SELECT id, name FROM node WHERE parent_id = ? 
2019-01-21 21:30:26.269 DEBUG[http-nio-8003-exec-2]com.example.mycat.mapper.NodeDao.getNextNodeTree.debug:159 -========> Parameters: 7(Long)
2019-01-21 21:30:26.279 DEBUG[http-nio-8003-exec-2]com.example.mycat.mapper.NodeDao.getNextNodeTree.debug:159 -<========      Total: 0
2019-01-21 21:30:26.281 DEBUG[http-nio-8003-exec-2]com.example.mycat.mapper.NodeDao.getNextNodeTree.debug:159 -========>  Preparing: /*!mycat:datanode=dn1*/SELECT id, name FROM node WHERE parent_id = ? 
2019-01-21 21:30:26.281 DEBUG[http-nio-8003-exec-2]com.example.mycat.mapper.NodeDao.getNextNodeTree.debug:159 -========> Parameters: 8(Long)
2019-01-21 21:30:26.290 DEBUG[http-nio-8003-exec-2]com.example.mycat.mapper.NodeDao.getNextNodeTree.debug:159 -<========      Total: 0
2019-01-21 21:30:26.291 DEBUG[http-nio-8003-exec-2]com.example.mycat.mapper.NodeDao.getNextNodeTree.debug:159 -<======      Total: 2
2019-01-21 21:30:26.292 DEBUG[http-nio-8003-exec-2]com.example.mycat.mapper.NodeDao.getNextNodeTree.debug:159 -======>  Preparing: /*!mycat:datanode=dn1*/SELECT id, name FROM node WHERE parent_id = ? 
2019-01-21 21:30:26.292 DEBUG[http-nio-8003-exec-2]com.example.mycat.mapper.NodeDao.getNextNodeTree.debug:159 -======> Parameters: 5(Long)
2019-01-21 21:30:26.302 DEBUG[http-nio-8003-exec-2]com.example.mycat.mapper.NodeDao.getNextNodeTree.debug:159 -<======      Total: 0
2019-01-21 21:30:26.302 DEBUG[http-nio-8003-exec-2]com.example.mycat.mapper.NodeDao.getNextNodeTree.debug:159 -<====      Total: 2
2019-01-21 21:30:26.303 DEBUG[http-nio-8003-exec-2]com.example.mycat.mapper.NodeDao.getNextNodeTree.debug:159 -====>  Preparing: /*!mycat:datanode=dn1*/SELECT id, name FROM node WHERE parent_id = ? 
2019-01-21 21:30:26.304 DEBUG[http-nio-8003-exec-2]com.example.mycat.mapper.NodeDao.getNextNodeTree.debug:159 -====> Parameters: 2(Long)
2019-01-21 21:30:26.314 DEBUG[http-nio-8003-exec-2]com.example.mycat.mapper.NodeDao.getNextNodeTree.debug:159 -======>  Preparing: /*!mycat:datanode=dn1*/SELECT id, name FROM node WHERE parent_id = ? 
2019-01-21 21:30:26.314 DEBUG[http-nio-8003-exec-2]com.example.mycat.mapper.NodeDao.getNextNodeTree.debug:159 -======> Parameters: 6(Long)
2019-01-21 21:30:26.326 DEBUG[http-nio-8003-exec-2]com.example.mycat.mapper.NodeDao.getNextNodeTree.debug:159 -========>  Preparing: /*!mycat:datanode=dn1*/SELECT id, name FROM node WHERE parent_id = ? 
2019-01-21 21:30:26.326 DEBUG[http-nio-8003-exec-2]com.example.mycat.mapper.NodeDao.getNextNodeTree.debug:159 -========> Parameters: 9(Long)
2019-01-21 21:30:26.335 DEBUG[http-nio-8003-exec-2]com.example.mycat.mapper.NodeDao.getNextNodeTree.debug:159 -<========      Total: 0
2019-01-21 21:30:26.336 DEBUG[http-nio-8003-exec-2]com.example.mycat.mapper.NodeDao.getNextNodeTree.debug:159 -<======      Total: 1
2019-01-21 21:30:26.336 DEBUG[http-nio-8003-exec-2]com.example.mycat.mapper.NodeDao.getNextNodeTree.debug:159 -<====      Total: 1
2019-01-21 21:30:26.337 DEBUG[http-nio-8003-exec-2]com.example.mycat.mapper.NodeDao.getNextNodeTree.debug:159 -====>  Preparing: /*!mycat:datanode=dn1*/SELECT id, name FROM node WHERE parent_id = ? 
2019-01-21 21:30:26.338 DEBUG[http-nio-8003-exec-2]com.example.mycat.mapper.NodeDao.getNextNodeTree.debug:159 -====> Parameters: 3(Long)
2019-01-21 21:30:26.347 DEBUG[http-nio-8003-exec-2]com.example.mycat.mapper.NodeDao.getNextNodeTree.debug:159 -<====      Total: 0
2019-01-21 21:30:26.347 DEBUG[http-nio-8003-exec-2]com.example.mycat.mapper.NodeDao.getNodeTree.debug:159 -<==      Total: 3
2019-01-21 21:33:21.123 INFO [main]com.example.mycat.MycatApplication.logStarting:50 -Starting MycatApplication on KQQAN1SV2VRJCEY with PID 5324 (C:\Users\Administrator\Desktop\Learning\SpringCloudLearning\mycat\target\classes started by Administrator in C:\Users\Administrator\Desktop\Learning\SpringCloudLearning\mycat)
2019-01-21 21:33:21.136 INFO [main]com.example.mycat.MycatApplication.logStartupProfileInfo:675 -No active profile set, falling back to default profiles: default
2019-01-21 21:33:22.108 INFO [main]o.s.boot.web.embedded.tomcat.TomcatWebServer.initialize:90 -Tomcat initialized with port(s): 8003 (http)
2019-01-21 21:33:22.117 INFO [main]org.apache.coyote.http11.Http11NioProtocol.log:173 -Initializing ProtocolHandler ["http-nio-8003"]
2019-01-21 21:33:22.122 INFO [main]org.apache.catalina.core.StandardService.log:173 -Starting service [Tomcat]
2019-01-21 21:33:22.123 INFO [main]org.apache.catalina.core.StandardEngine.log:173 -Starting Servlet Engine: Apache Tomcat/9.0.13
2019-01-21 21:33:22.127 INFO [main]org.apache.catalina.core.AprLifecycleListener.log:173 -The APR based Apache Tomcat Native library which allows optimal performance in production environments was not found on the java.library.path: [D:\InstallToUse\eclipse\JDK\bin;C:\Windows\Sun\Java\bin;C:\Windows\system32;C:\Windows;C:\Program Files (x86)\Common Files\Oracle\Java\javapath;E:\app\Administrator\product\11.2.0\dbhome_1\bin;C:\ProgramData\Oracle\Java\javapath;D:\mysql\bin;D:\InstallToUse\eclipse\JDK\bin;D:\InstallToUse\eclipse\JDK\jre\bin;D:\InstallToUse\Git\Git\cmd;D:\InstallToUse\nodejs\;D:\InstallToUse\Maven\apache-maven-3.5.4\bin;C:\Users\Administrator\AppData\Roaming\npm;D:\InstallToUse\SSH;D:\InstallToUse\VSCode\Microsoft VS Code\bin;.]
2019-01-21 21:33:22.203 INFO [main]o.a.catalina.core.ContainerBase.[Tomcat].[localhost].[/].log:173 -Initializing Spring embedded WebApplicationContext
2019-01-21 21:33:22.203 INFO [main]org.springframework.web.context.ContextLoader.prepareWebApplicationContext:296 -Root WebApplicationContext: initialization completed in 981 ms
2019-01-21 21:33:22.544 INFO [main]o.s.scheduling.concurrent.ThreadPoolTaskExecutor.initialize:171 -Initializing ExecutorService 'applicationTaskExecutor'
2019-01-21 21:33:22.734 INFO [main]org.apache.coyote.http11.Http11NioProtocol.log:173 -Starting ProtocolHandler ["http-nio-8003"]
2019-01-21 21:33:22.743 INFO [main]org.apache.tomcat.util.net.NioSelectorPool.log:173 -Using a shared selector for servlet write/read
2019-01-21 21:33:22.757 INFO [main]o.s.boot.web.embedded.tomcat.TomcatWebServer.start:204 -Tomcat started on port(s): 8003 (http) with context path ''
2019-01-21 21:33:22.759 INFO [main]com.example.mycat.MycatApplication.logStarted:59 -Started MycatApplication in 2.025 seconds (JVM running for 2.593)
2019-01-21 21:33:58.257 INFO [http-nio-8003-exec-2]o.a.catalina.core.ContainerBase.[Tomcat].[localhost].[/].log:173 -Initializing Spring DispatcherServlet 'dispatcherServlet'
2019-01-21 21:33:58.257 INFO [http-nio-8003-exec-2]org.springframework.web.servlet.DispatcherServlet.initServletBean:524 -Initializing Servlet 'dispatcherServlet'
2019-01-21 21:33:58.262 INFO [http-nio-8003-exec-2]org.springframework.web.servlet.DispatcherServlet.initServletBean:546 -Completed initialization in 5 ms
2019-01-21 21:33:58.288 INFO [http-nio-8003-exec-2]com.zaxxer.hikari.HikariDataSource.getConnection:110 -HikariPool-1 - Starting...
2019-01-21 21:33:58.379 INFO [http-nio-8003-exec-2]com.zaxxer.hikari.HikariDataSource.getConnection:123 -HikariPool-1 - Start completed.
2019-01-21 21:33:58.388 DEBUG[http-nio-8003-exec-2]com.example.mycat.mapper.NodeDao.getBaseTree.debug:159 -==>  Preparing: /*!mycat:datanode=dn1*/SELECT id, name FROM node WHERE parent_id = 0 
2019-01-21 21:33:58.398 DEBUG[http-nio-8003-exec-2]com.example.mycat.mapper.NodeDao.getBaseTree.debug:159 -==> Parameters: 
2019-01-21 21:33:58.416 DEBUG[http-nio-8003-exec-2]com.example.mycat.mapper.NodeDao.getBaseTree.debug:159 -<==      Total: 3
2019-01-21 21:34:23.908 INFO [main]com.example.mycat.MycatApplication.logStarting:50 -Starting MycatApplication on KQQAN1SV2VRJCEY with PID 11164 (C:\Users\Administrator\Desktop\Learning\SpringCloudLearning\mycat\target\classes started by Administrator in C:\Users\Administrator\Desktop\Learning\SpringCloudLearning\mycat)
2019-01-21 21:34:23.912 INFO [main]com.example.mycat.MycatApplication.logStartupProfileInfo:675 -No active profile set, falling back to default profiles: default
2019-01-21 21:34:24.926 INFO [main]o.s.boot.web.embedded.tomcat.TomcatWebServer.initialize:90 -Tomcat initialized with port(s): 8003 (http)
2019-01-21 21:34:24.935 INFO [main]org.apache.coyote.http11.Http11NioProtocol.log:173 -Initializing ProtocolHandler ["http-nio-8003"]
2019-01-21 21:34:24.941 INFO [main]org.apache.catalina.core.StandardService.log:173 -Starting service [Tomcat]
2019-01-21 21:34:24.942 INFO [main]org.apache.catalina.core.StandardEngine.log:173 -Starting Servlet Engine: Apache Tomcat/9.0.13
2019-01-21 21:34:24.947 INFO [main]org.apache.catalina.core.AprLifecycleListener.log:173 -The APR based Apache Tomcat Native library which allows optimal performance in production environments was not found on the java.library.path: [D:\InstallToUse\eclipse\JDK\bin;C:\Windows\Sun\Java\bin;C:\Windows\system32;C:\Windows;C:\Program Files (x86)\Common Files\Oracle\Java\javapath;E:\app\Administrator\product\11.2.0\dbhome_1\bin;C:\ProgramData\Oracle\Java\javapath;D:\mysql\bin;D:\InstallToUse\eclipse\JDK\bin;D:\InstallToUse\eclipse\JDK\jre\bin;D:\InstallToUse\Git\Git\cmd;D:\InstallToUse\nodejs\;D:\InstallToUse\Maven\apache-maven-3.5.4\bin;C:\Users\Administrator\AppData\Roaming\npm;D:\InstallToUse\SSH;D:\InstallToUse\VSCode\Microsoft VS Code\bin;.]
2019-01-21 21:34:25.023 INFO [main]o.a.catalina.core.ContainerBase.[Tomcat].[localhost].[/].log:173 -Initializing Spring embedded WebApplicationContext
2019-01-21 21:34:25.024 INFO [main]org.springframework.web.context.ContextLoader.prepareWebApplicationContext:296 -Root WebApplicationContext: initialization completed in 1021 ms
2019-01-21 21:34:25.412 INFO [main]o.s.scheduling.concurrent.ThreadPoolTaskExecutor.initialize:171 -Initializing ExecutorService 'applicationTaskExecutor'
2019-01-21 21:34:25.552 INFO [main]org.apache.coyote.http11.Http11NioProtocol.log:173 -Starting ProtocolHandler ["http-nio-8003"]
2019-01-21 21:34:25.561 INFO [main]org.apache.tomcat.util.net.NioSelectorPool.log:173 -Using a shared selector for servlet write/read
2019-01-21 21:34:25.575 INFO [main]o.s.boot.web.embedded.tomcat.TomcatWebServer.start:204 -Tomcat started on port(s): 8003 (http) with context path ''
2019-01-21 21:34:25.577 INFO [main]com.example.mycat.MycatApplication.logStarted:59 -Started MycatApplication in 2.079 seconds (JVM running for 2.668)
2019-01-21 21:34:50.712 INFO [http-nio-8003-exec-2]o.a.catalina.core.ContainerBase.[Tomcat].[localhost].[/].log:173 -Initializing Spring DispatcherServlet 'dispatcherServlet'
2019-01-21 21:34:50.712 INFO [http-nio-8003-exec-2]org.springframework.web.servlet.DispatcherServlet.initServletBean:524 -Initializing Servlet 'dispatcherServlet'
2019-01-21 21:34:50.717 INFO [http-nio-8003-exec-2]org.springframework.web.servlet.DispatcherServlet.initServletBean:546 -Completed initialization in 5 ms
2019-01-21 21:34:50.744 INFO [http-nio-8003-exec-2]com.zaxxer.hikari.HikariDataSource.getConnection:110 -HikariPool-1 - Starting...
2019-01-21 21:34:50.836 INFO [http-nio-8003-exec-2]com.zaxxer.hikari.HikariDataSource.getConnection:123 -HikariPool-1 - Start completed.
2019-01-21 21:34:50.845 DEBUG[http-nio-8003-exec-2]com.example.mycat.mapper.NodeDao.getNodeTree.debug:159 -==>  Preparing: /*!mycat:datanode=dn1*/SELECT id, name FROM node WHERE parent_id = 0 
2019-01-21 21:34:50.855 DEBUG[http-nio-8003-exec-2]com.example.mycat.mapper.NodeDao.getNodeTree.debug:159 -==> Parameters: 
2019-01-21 21:34:50.874 DEBUG[http-nio-8003-exec-2]com.example.mycat.mapper.NodeDao.getNextNodeTree.debug:159 -====>  Preparing: /*!mycat:datanode=dn1*/SELECT id, name FROM node WHERE parent_id = ? 
2019-01-21 21:34:50.875 DEBUG[http-nio-8003-exec-2]com.example.mycat.mapper.NodeDao.getNextNodeTree.debug:159 -====> Parameters: 1(Long)
2019-01-21 21:34:50.885 DEBUG[http-nio-8003-exec-2]com.example.mycat.mapper.NodeDao.getNextNodeTree.debug:159 -======>  Preparing: /*!mycat:datanode=dn1*/SELECT id, name FROM node WHERE parent_id = ? 
2019-01-21 21:34:50.886 DEBUG[http-nio-8003-exec-2]com.example.mycat.mapper.NodeDao.getNextNodeTree.debug:159 -======> Parameters: 4(Long)
2019-01-21 21:34:50.895 DEBUG[http-nio-8003-exec-2]com.example.mycat.mapper.NodeDao.getNextNodeTree.debug:159 -========>  Preparing: /*!mycat:datanode=dn1*/SELECT id, name FROM node WHERE parent_id = ? 
2019-01-21 21:34:50.896 DEBUG[http-nio-8003-exec-2]com.example.mycat.mapper.NodeDao.getNextNodeTree.debug:159 -========> Parameters: 7(Long)
2019-01-21 21:34:50.910 DEBUG[http-nio-8003-exec-2]com.example.mycat.mapper.NodeDao.getNextNodeTree.debug:159 -<========      Total: 0
2019-01-21 21:34:50.911 DEBUG[http-nio-8003-exec-2]com.example.mycat.mapper.NodeDao.getNextNodeTree.debug:159 -========>  Preparing: /*!mycat:datanode=dn1*/SELECT id, name FROM node WHERE parent_id = ? 
2019-01-21 21:34:50.912 DEBUG[http-nio-8003-exec-2]com.example.mycat.mapper.NodeDao.getNextNodeTree.debug:159 -========> Parameters: 8(Long)
2019-01-21 21:34:50.921 DEBUG[http-nio-8003-exec-2]com.example.mycat.mapper.NodeDao.getNextNodeTree.debug:159 -<========      Total: 0
2019-01-21 21:34:50.922 DEBUG[http-nio-8003-exec-2]com.example.mycat.mapper.NodeDao.getNextNodeTree.debug:159 -<======      Total: 2
2019-01-21 21:34:50.923 DEBUG[http-nio-8003-exec-2]com.example.mycat.mapper.NodeDao.getNextNodeTree.debug:159 -======>  Preparing: /*!mycat:datanode=dn1*/SELECT id, name FROM node WHERE parent_id = ? 
2019-01-21 21:34:50.924 DEBUG[http-nio-8003-exec-2]com.example.mycat.mapper.NodeDao.getNextNodeTree.debug:159 -======> Parameters: 5(Long)
2019-01-21 21:34:50.934 DEBUG[http-nio-8003-exec-2]com.example.mycat.mapper.NodeDao.getNextNodeTree.debug:159 -<======      Total: 0
2019-01-21 21:34:50.935 DEBUG[http-nio-8003-exec-2]com.example.mycat.mapper.NodeDao.getNextNodeTree.debug:159 -<====      Total: 2
2019-01-21 21:34:50.936 DEBUG[http-nio-8003-exec-2]com.example.mycat.mapper.NodeDao.getNextNodeTree.debug:159 -====>  Preparing: /*!mycat:datanode=dn1*/SELECT id, name FROM node WHERE parent_id = ? 
2019-01-21 21:34:50.936 DEBUG[http-nio-8003-exec-2]com.example.mycat.mapper.NodeDao.getNextNodeTree.debug:159 -====> Parameters: 2(Long)
2019-01-21 21:34:50.947 DEBUG[http-nio-8003-exec-2]com.example.mycat.mapper.NodeDao.getNextNodeTree.debug:159 -======>  Preparing: /*!mycat:datanode=dn1*/SELECT id, name FROM node WHERE parent_id = ? 
2019-01-21 21:34:50.948 DEBUG[http-nio-8003-exec-2]com.example.mycat.mapper.NodeDao.getNextNodeTree.debug:159 -======> Parameters: 6(Long)
2019-01-21 21:34:50.958 DEBUG[http-nio-8003-exec-2]com.example.mycat.mapper.NodeDao.getNextNodeTree.debug:159 -========>  Preparing: /*!mycat:datanode=dn1*/SELECT id, name FROM node WHERE parent_id = ? 
2019-01-21 21:34:50.959 DEBUG[http-nio-8003-exec-2]com.example.mycat.mapper.NodeDao.getNextNodeTree.debug:159 -========> Parameters: 9(Long)
2019-01-21 21:34:50.968 DEBUG[http-nio-8003-exec-2]com.example.mycat.mapper.NodeDao.getNextNodeTree.debug:159 -<========      Total: 0
2019-01-21 21:34:50.969 DEBUG[http-nio-8003-exec-2]com.example.mycat.mapper.NodeDao.getNextNodeTree.debug:159 -<======      Total: 1
2019-01-21 21:34:50.969 DEBUG[http-nio-8003-exec-2]com.example.mycat.mapper.NodeDao.getNextNodeTree.debug:159 -<====      Total: 1
2019-01-21 21:34:50.970 DEBUG[http-nio-8003-exec-2]com.example.mycat.mapper.NodeDao.getNextNodeTree.debug:159 -====>  Preparing: /*!mycat:datanode=dn1*/SELECT id, name FROM node WHERE parent_id = ? 
2019-01-21 21:34:50.971 DEBUG[http-nio-8003-exec-2]com.example.mycat.mapper.NodeDao.getNextNodeTree.debug:159 -====> Parameters: 3(Long)
2019-01-21 21:34:50.979 DEBUG[http-nio-8003-exec-2]com.example.mycat.mapper.NodeDao.getNextNodeTree.debug:159 -<====      Total: 0
2019-01-21 21:34:50.979 DEBUG[http-nio-8003-exec-2]com.example.mycat.mapper.NodeDao.getNodeTree.debug:159 -<==      Total: 3
2019-01-21 21:35:06.911 DEBUG[http-nio-8003-exec-3]com.example.mycat.mapper.NodeDao.getNextNodeTree.debug:159 -==>  Preparing: /*!mycat:datanode=dn1*/SELECT id, name FROM node WHERE parent_id = ? 
2019-01-21 21:35:06.911 DEBUG[http-nio-8003-exec-3]com.example.mycat.mapper.NodeDao.getNextNodeTree.debug:159 -==> Parameters: 2(Long)
2019-01-21 21:35:06.921 DEBUG[http-nio-8003-exec-3]com.example.mycat.mapper.NodeDao.getNextNodeTree.debug:159 -====>  Preparing: /*!mycat:datanode=dn1*/SELECT id, name FROM node WHERE parent_id = ? 
2019-01-21 21:35:06.922 DEBUG[http-nio-8003-exec-3]com.example.mycat.mapper.NodeDao.getNextNodeTree.debug:159 -====> Parameters: 6(Long)
2019-01-21 21:35:06.931 DEBUG[http-nio-8003-exec-3]com.example.mycat.mapper.NodeDao.getNextNodeTree.debug:159 -======>  Preparing: /*!mycat:datanode=dn1*/SELECT id, name FROM node WHERE parent_id = ? 
2019-01-21 21:35:06.932 DEBUG[http-nio-8003-exec-3]com.example.mycat.mapper.NodeDao.getNextNodeTree.debug:159 -======> Parameters: 9(Long)
2019-01-21 21:35:06.940 DEBUG[http-nio-8003-exec-3]com.example.mycat.mapper.NodeDao.getNextNodeTree.debug:159 -<======      Total: 0
2019-01-21 21:35:06.941 DEBUG[http-nio-8003-exec-3]com.example.mycat.mapper.NodeDao.getNextNodeTree.debug:159 -<====      Total: 1
2019-01-21 21:35:06.941 DEBUG[http-nio-8003-exec-3]com.example.mycat.mapper.NodeDao.getNextNodeTree.debug:159 -<==      Total: 1
2019-01-21 21:36:41.515 DEBUG[http-nio-8003-exec-6]com.example.mycat.mapper.NodeDao.getNextNodeTree.debug:159 -==>  Preparing: /*!mycat:datanode=dn1*/SELECT id, name FROM node WHERE parent_id = ? 
2019-01-21 21:36:41.516 DEBUG[http-nio-8003-exec-6]com.example.mycat.mapper.NodeDao.getNextNodeTree.debug:159 -==> Parameters: 1(Long)
2019-01-21 21:36:41.527 DEBUG[http-nio-8003-exec-6]com.example.mycat.mapper.NodeDao.getNextNodeTree.debug:159 -====>  Preparing: /*!mycat:datanode=dn1*/SELECT id, name FROM node WHERE parent_id = ? 
2019-01-21 21:36:41.528 DEBUG[http-nio-8003-exec-6]com.example.mycat.mapper.NodeDao.getNextNodeTree.debug:159 -====> Parameters: 4(Long)
2019-01-21 21:36:41.540 DEBUG[http-nio-8003-exec-6]com.example.mycat.mapper.NodeDao.getNextNodeTree.debug:159 -======>  Preparing: /*!mycat:datanode=dn1*/SELECT id, name FROM node WHERE parent_id = ? 
2019-01-21 21:36:41.541 DEBUG[http-nio-8003-exec-6]com.example.mycat.mapper.NodeDao.getNextNodeTree.debug:159 -======> Parameters: 7(Long)
2019-01-21 21:36:41.551 DEBUG[http-nio-8003-exec-6]com.example.mycat.mapper.NodeDao.getNextNodeTree.debug:159 -<======      Total: 0
2019-01-21 21:36:41.553 DEBUG[http-nio-8003-exec-6]com.example.mycat.mapper.NodeDao.getNextNodeTree.debug:159 -======>  Preparing: /*!mycat:datanode=dn1*/SELECT id, name FROM node WHERE parent_id = ? 
2019-01-21 21:36:41.553 DEBUG[http-nio-8003-exec-6]com.example.mycat.mapper.NodeDao.getNextNodeTree.debug:159 -======> Parameters: 8(Long)
2019-01-21 21:36:41.563 DEBUG[http-nio-8003-exec-6]com.example.mycat.mapper.NodeDao.getNextNodeTree.debug:159 -<======      Total: 0
2019-01-21 21:36:41.564 DEBUG[http-nio-8003-exec-6]com.example.mycat.mapper.NodeDao.getNextNodeTree.debug:159 -<====      Total: 2
2019-01-21 21:36:41.566 DEBUG[http-nio-8003-exec-6]com.example.mycat.mapper.NodeDao.getNextNodeTree.debug:159 -====>  Preparing: /*!mycat:datanode=dn1*/SELECT id, name FROM node WHERE parent_id = ? 
2019-01-21 21:36:41.567 DEBUG[http-nio-8003-exec-6]com.example.mycat.mapper.NodeDao.getNextNodeTree.debug:159 -====> Parameters: 5(Long)
2019-01-21 21:36:41.576 DEBUG[http-nio-8003-exec-6]com.example.mycat.mapper.NodeDao.getNextNodeTree.debug:159 -<====      Total: 0
2019-01-21 21:36:41.576 DEBUG[http-nio-8003-exec-6]com.example.mycat.mapper.NodeDao.getNextNodeTree.debug:159 -<==      Total: 2
2019-01-21 21:36:48.983 DEBUG[http-nio-8003-exec-7]com.example.mycat.mapper.NodeDao.getNextNodeTree.debug:159 -==>  Preparing: /*!mycat:datanode=dn1*/SELECT id, name FROM node WHERE parent_id = ? 
2019-01-21 21:36:48.984 DEBUG[http-nio-8003-exec-7]com.example.mycat.mapper.NodeDao.getNextNodeTree.debug:159 -==> Parameters: 0(Long)
2019-01-21 21:36:48.994 DEBUG[http-nio-8003-exec-7]com.example.mycat.mapper.NodeDao.getNextNodeTree.debug:159 -====>  Preparing: /*!mycat:datanode=dn1*/SELECT id, name FROM node WHERE parent_id = ? 
2019-01-21 21:36:48.994 DEBUG[http-nio-8003-exec-7]com.example.mycat.mapper.NodeDao.getNextNodeTree.debug:159 -====> Parameters: 1(Long)
2019-01-21 21:36:49.005 DEBUG[http-nio-8003-exec-7]com.example.mycat.mapper.NodeDao.getNextNodeTree.debug:159 -======>  Preparing: /*!mycat:datanode=dn1*/SELECT id, name FROM node WHERE parent_id = ? 
2019-01-21 21:36:49.005 DEBUG[http-nio-8003-exec-7]com.example.mycat.mapper.NodeDao.getNextNodeTree.debug:159 -======> Parameters: 4(Long)
2019-01-21 21:36:49.015 DEBUG[http-nio-8003-exec-7]com.example.mycat.mapper.NodeDao.getNextNodeTree.debug:159 -========>  Preparing: /*!mycat:datanode=dn1*/SELECT id, name FROM node WHERE parent_id = ? 
2019-01-21 21:36:49.016 DEBUG[http-nio-8003-exec-7]com.example.mycat.mapper.NodeDao.getNextNodeTree.debug:159 -========> Parameters: 7(Long)
2019-01-21 21:36:49.025 DEBUG[http-nio-8003-exec-7]com.example.mycat.mapper.NodeDao.getNextNodeTree.debug:159 -<========      Total: 0
2019-01-21 21:36:49.026 DEBUG[http-nio-8003-exec-7]com.example.mycat.mapper.NodeDao.getNextNodeTree.debug:159 -========>  Preparing: /*!mycat:datanode=dn1*/SELECT id, name FROM node WHERE parent_id = ? 
2019-01-21 21:36:49.026 DEBUG[http-nio-8003-exec-7]com.example.mycat.mapper.NodeDao.getNextNodeTree.debug:159 -========> Parameters: 8(Long)
2019-01-21 21:36:49.036 DEBUG[http-nio-8003-exec-7]com.example.mycat.mapper.NodeDao.getNextNodeTree.debug:159 -<========      Total: 0
2019-01-21 21:36:49.036 DEBUG[http-nio-8003-exec-7]com.example.mycat.mapper.NodeDao.getNextNodeTree.debug:159 -<======      Total: 2
2019-01-21 21:36:49.037 DEBUG[http-nio-8003-exec-7]com.example.mycat.mapper.NodeDao.getNextNodeTree.debug:159 -======>  Preparing: /*!mycat:datanode=dn1*/SELECT id, name FROM node WHERE parent_id = ? 
2019-01-21 21:36:49.038 DEBUG[http-nio-8003-exec-7]com.example.mycat.mapper.NodeDao.getNextNodeTree.debug:159 -======> Parameters: 5(Long)
2019-01-21 21:36:49.047 DEBUG[http-nio-8003-exec-7]com.example.mycat.mapper.NodeDao.getNextNodeTree.debug:159 -<======      Total: 0
2019-01-21 21:36:49.048 DEBUG[http-nio-8003-exec-7]com.example.mycat.mapper.NodeDao.getNextNodeTree.debug:159 -<====      Total: 2
2019-01-21 21:36:49.048 DEBUG[http-nio-8003-exec-7]com.example.mycat.mapper.NodeDao.getNextNodeTree.debug:159 -====>  Preparing: /*!mycat:datanode=dn1*/SELECT id, name FROM node WHERE parent_id = ? 
2019-01-21 21:36:49.049 DEBUG[http-nio-8003-exec-7]com.example.mycat.mapper.NodeDao.getNextNodeTree.debug:159 -====> Parameters: 2(Long)
2019-01-21 21:36:49.057 DEBUG[http-nio-8003-exec-7]com.example.mycat.mapper.NodeDao.getNextNodeTree.debug:159 -======>  Preparing: /*!mycat:datanode=dn1*/SELECT id, name FROM node WHERE parent_id = ? 
2019-01-21 21:36:49.058 DEBUG[http-nio-8003-exec-7]com.example.mycat.mapper.NodeDao.getNextNodeTree.debug:159 -======> Parameters: 6(Long)
2019-01-21 21:36:49.067 DEBUG[http-nio-8003-exec-7]com.example.mycat.mapper.NodeDao.getNextNodeTree.debug:159 -========>  Preparing: /*!mycat:datanode=dn1*/SELECT id, name FROM node WHERE parent_id = ? 
2019-01-21 21:36:49.068 DEBUG[http-nio-8003-exec-7]com.example.mycat.mapper.NodeDao.getNextNodeTree.debug:159 -========> Parameters: 9(Long)
2019-01-21 21:36:49.077 DEBUG[http-nio-8003-exec-7]com.example.mycat.mapper.NodeDao.getNextNodeTree.debug:159 -<========      Total: 0
2019-01-21 21:36:49.077 DEBUG[http-nio-8003-exec-7]com.example.mycat.mapper.NodeDao.getNextNodeTree.debug:159 -<======      Total: 1
2019-01-21 21:36:49.078 DEBUG[http-nio-8003-exec-7]com.example.mycat.mapper.NodeDao.getNextNodeTree.debug:159 -<====      Total: 1
2019-01-21 21:36:49.078 DEBUG[http-nio-8003-exec-7]com.example.mycat.mapper.NodeDao.getNextNodeTree.debug:159 -====>  Preparing: /*!mycat:datanode=dn1*/SELECT id, name FROM node WHERE parent_id = ? 
2019-01-21 21:36:49.079 DEBUG[http-nio-8003-exec-7]com.example.mycat.mapper.NodeDao.getNextNodeTree.debug:159 -====> Parameters: 3(Long)
2019-01-21 21:36:49.088 DEBUG[http-nio-8003-exec-7]com.example.mycat.mapper.NodeDao.getNextNodeTree.debug:159 -<====      Total: 0
2019-01-21 21:36:49.089 DEBUG[http-nio-8003-exec-7]com.example.mycat.mapper.NodeDao.getNextNodeTree.debug:159 -<==      Total: 3
2019-01-21 21:39:18.829 INFO [main]com.example.mycat.MycatApplication.logStarting:50 -Starting MycatApplication on KQQAN1SV2VRJCEY with PID 9980 (C:\Users\Administrator\Desktop\Learning\SpringCloudLearning\mycat\target\classes started by Administrator in C:\Users\Administrator\Desktop\Learning\SpringCloudLearning\mycat)
2019-01-21 21:39:18.892 INFO [main]com.example.mycat.MycatApplication.logStartupProfileInfo:675 -No active profile set, falling back to default profiles: default
2019-01-21 21:39:19.882 INFO [main]o.s.boot.web.embedded.tomcat.TomcatWebServer.initialize:90 -Tomcat initialized with port(s): 8003 (http)
2019-01-21 21:39:19.891 INFO [main]org.apache.coyote.http11.Http11NioProtocol.log:173 -Initializing ProtocolHandler ["http-nio-8003"]
2019-01-21 21:39:19.897 INFO [main]org.apache.catalina.core.StandardService.log:173 -Starting service [Tomcat]
2019-01-21 21:39:19.897 INFO [main]org.apache.catalina.core.StandardEngine.log:173 -Starting Servlet Engine: Apache Tomcat/9.0.13
2019-01-21 21:39:19.902 INFO [main]org.apache.catalina.core.AprLifecycleListener.log:173 -The APR based Apache Tomcat Native library which allows optimal performance in production environments was not found on the java.library.path: [D:\InstallToUse\eclipse\JDK\bin;C:\Windows\Sun\Java\bin;C:\Windows\system32;C:\Windows;C:\Program Files (x86)\Common Files\Oracle\Java\javapath;E:\app\Administrator\product\11.2.0\dbhome_1\bin;C:\ProgramData\Oracle\Java\javapath;D:\mysql\bin;D:\InstallToUse\eclipse\JDK\bin;D:\InstallToUse\eclipse\JDK\jre\bin;D:\InstallToUse\Git\Git\cmd;D:\InstallToUse\nodejs\;D:\InstallToUse\Maven\apache-maven-3.5.4\bin;C:\Users\Administrator\AppData\Roaming\npm;D:\InstallToUse\SSH;D:\InstallToUse\VSCode\Microsoft VS Code\bin;.]
2019-01-21 21:39:19.976 INFO [main]o.a.catalina.core.ContainerBase.[Tomcat].[localhost].[/].log:173 -Initializing Spring embedded WebApplicationContext
2019-01-21 21:39:19.977 INFO [main]org.springframework.web.context.ContextLoader.prepareWebApplicationContext:296 -Root WebApplicationContext: initialization completed in 1037 ms
2019-01-21 21:39:20.346 INFO [main]o.s.scheduling.concurrent.ThreadPoolTaskExecutor.initialize:171 -Initializing ExecutorService 'applicationTaskExecutor'
2019-01-21 21:39:20.500 INFO [main]org.apache.coyote.http11.Http11NioProtocol.log:173 -Starting ProtocolHandler ["http-nio-8003"]
2019-01-21 21:39:20.510 INFO [main]org.apache.tomcat.util.net.NioSelectorPool.log:173 -Using a shared selector for servlet write/read
2019-01-21 21:39:20.546 INFO [main]o.s.boot.web.embedded.tomcat.TomcatWebServer.start:204 -Tomcat started on port(s): 8003 (http) with context path ''
2019-01-21 21:39:20.548 INFO [main]com.example.mycat.MycatApplication.logStarted:59 -Started MycatApplication in 2.14 seconds (JVM running for 2.764)
2019-01-21 21:39:23.183 INFO [http-nio-8003-exec-2]o.a.catalina.core.ContainerBase.[Tomcat].[localhost].[/].log:173 -Initializing Spring DispatcherServlet 'dispatcherServlet'
2019-01-21 21:39:23.184 INFO [http-nio-8003-exec-2]org.springframework.web.servlet.DispatcherServlet.initServletBean:524 -Initializing Servlet 'dispatcherServlet'
2019-01-21 21:39:23.189 INFO [http-nio-8003-exec-2]org.springframework.web.servlet.DispatcherServlet.initServletBean:546 -Completed initialization in 5 ms
2019-01-21 21:39:23.227 INFO [http-nio-8003-exec-2]com.zaxxer.hikari.HikariDataSource.getConnection:110 -HikariPool-1 - Starting...
2019-01-21 21:39:23.317 INFO [http-nio-8003-exec-2]com.zaxxer.hikari.HikariDataSource.getConnection:123 -HikariPool-1 - Start completed.
2019-01-21 21:39:23.325 DEBUG[http-nio-8003-exec-2]com.example.mycat.mapper.NodeDao.getChildrenNodeTree.debug:159 -==>  Preparing: /*!mycat:datanode=dn1*/SELECT id, name FROM node WHERE parent_id = ? 
2019-01-21 21:39:23.336 DEBUG[http-nio-8003-exec-2]com.example.mycat.mapper.NodeDao.getChildrenNodeTree.debug:159 -==> Parameters: 0(Long)
2019-01-21 21:39:23.353 DEBUG[http-nio-8003-exec-2]com.example.mycat.mapper.NodeDao.getChildrenNodeTree.debug:159 -<==      Total: 3
2019-01-21 21:39:28.822 DEBUG[http-nio-8003-exec-3]com.example.mycat.mapper.NodeDao.getChildrenNodeTree.debug:159 -==>  Preparing: /*!mycat:datanode=dn1*/SELECT id, name FROM node WHERE parent_id = ? 
2019-01-21 21:39:28.823 DEBUG[http-nio-8003-exec-3]com.example.mycat.mapper.NodeDao.getChildrenNodeTree.debug:159 -==> Parameters: 2(Long)
2019-01-21 21:39:28.833 DEBUG[http-nio-8003-exec-3]com.example.mycat.mapper.NodeDao.getChildrenNodeTree.debug:159 -<==      Total: 1
2019-01-21 21:47:38.544 INFO [main]com.example.mycat.MycatApplication.logStarting:50 -Starting MycatApplication on KQQAN1SV2VRJCEY with PID 5636 (C:\Users\Administrator\Desktop\Learning\SpringCloudLearning\mycat\target\classes started by Administrator in C:\Users\Administrator\Desktop\Learning\SpringCloudLearning\mycat)
2019-01-21 21:47:38.547 INFO [main]com.example.mycat.MycatApplication.logStartupProfileInfo:675 -No active profile set, falling back to default profiles: default
2019-01-21 21:47:39.416 INFO [main]o.s.boot.web.embedded.tomcat.TomcatWebServer.initialize:90 -Tomcat initialized with port(s): 8003 (http)
2019-01-21 21:47:39.424 INFO [main]org.apache.coyote.http11.Http11NioProtocol.log:173 -Initializing ProtocolHandler ["http-nio-8003"]
2019-01-21 21:47:39.430 INFO [main]org.apache.catalina.core.StandardService.log:173 -Starting service [Tomcat]
2019-01-21 21:47:39.431 INFO [main]org.apache.catalina.core.StandardEngine.log:173 -Starting Servlet Engine: Apache Tomcat/9.0.13
2019-01-21 21:47:39.435 INFO [main]org.apache.catalina.core.AprLifecycleListener.log:173 -The APR based Apache Tomcat Native library which allows optimal performance in production environments was not found on the java.library.path: [D:\InstallToUse\eclipse\JDK\bin;C:\Windows\Sun\Java\bin;C:\Windows\system32;C:\Windows;C:\Program Files (x86)\Common Files\Oracle\Java\javapath;E:\app\Administrator\product\11.2.0\dbhome_1\bin;C:\ProgramData\Oracle\Java\javapath;D:\mysql\bin;D:\InstallToUse\eclipse\JDK\bin;D:\InstallToUse\eclipse\JDK\jre\bin;D:\InstallToUse\Git\Git\cmd;D:\InstallToUse\nodejs\;D:\InstallToUse\Maven\apache-maven-3.5.4\bin;C:\Users\Administrator\AppData\Roaming\npm;D:\InstallToUse\SSH;D:\InstallToUse\VSCode\Microsoft VS Code\bin;.]
2019-01-21 21:47:39.511 INFO [main]o.a.catalina.core.ContainerBase.[Tomcat].[localhost].[/].log:173 -Initializing Spring embedded WebApplicationContext
2019-01-21 21:47:39.511 INFO [main]org.springframework.web.context.ContextLoader.prepareWebApplicationContext:296 -Root WebApplicationContext: initialization completed in 927 ms
2019-01-21 21:47:39.887 INFO [main]o.s.scheduling.concurrent.ThreadPoolTaskExecutor.initialize:171 -Initializing ExecutorService 'applicationTaskExecutor'
2019-01-21 21:47:40.036 INFO [main]org.apache.coyote.http11.Http11NioProtocol.log:173 -Starting ProtocolHandler ["http-nio-8003"]
2019-01-21 21:47:40.045 INFO [main]org.apache.tomcat.util.net.NioSelectorPool.log:173 -Using a shared selector for servlet write/read
2019-01-21 21:47:40.059 INFO [main]o.s.boot.web.embedded.tomcat.TomcatWebServer.start:204 -Tomcat started on port(s): 8003 (http) with context path ''
2019-01-21 21:47:40.062 INFO [main]com.example.mycat.MycatApplication.logStarted:59 -Started MycatApplication in 1.955 seconds (JVM running for 2.496)
2019-01-21 21:48:20.261 INFO [http-nio-8003-exec-1]o.a.catalina.core.ContainerBase.[Tomcat].[localhost].[/].log:173 -Initializing Spring DispatcherServlet 'dispatcherServlet'
2019-01-21 21:48:20.262 INFO [http-nio-8003-exec-1]org.springframework.web.servlet.DispatcherServlet.initServletBean:524 -Initializing Servlet 'dispatcherServlet'
2019-01-21 21:48:20.266 INFO [http-nio-8003-exec-1]org.springframework.web.servlet.DispatcherServlet.initServletBean:546 -Completed initialization in 4 ms
2019-01-21 21:48:20.293 INFO [http-nio-8003-exec-1]com.zaxxer.hikari.HikariDataSource.getConnection:110 -HikariPool-1 - Starting...
2019-01-21 21:48:20.383 INFO [http-nio-8003-exec-1]com.zaxxer.hikari.HikariDataSource.getConnection:123 -HikariPool-1 - Start completed.
2019-01-21 21:48:20.393 DEBUG[http-nio-8003-exec-1]com.example.mycat.mapper.NodeDao.getNodeTree.debug:159 -==>  Preparing: /*!mycat:datanode=dn1*/SELECT id, name FROM node WHERE parent_id = 0 
2019-01-21 21:48:20.403 DEBUG[http-nio-8003-exec-1]com.example.mycat.mapper.NodeDao.getNodeTree.debug:159 -==> Parameters: 
2019-01-21 21:48:20.423 DEBUG[http-nio-8003-exec-1]com.example.mycat.mapper.NodeDao.getNextNodeTree.debug:159 -====>  Preparing: /*!mycat:datanode=dn1*/SELECT id, name FROM node WHERE parent_id = ? 
2019-01-21 21:48:20.423 DEBUG[http-nio-8003-exec-1]com.example.mycat.mapper.NodeDao.getNextNodeTree.debug:159 -====> Parameters: 1(Long)
2019-01-21 21:48:20.433 DEBUG[http-nio-8003-exec-1]com.example.mycat.mapper.NodeDao.getNextNodeTree.debug:159 -======>  Preparing: /*!mycat:datanode=dn1*/SELECT id, name FROM node WHERE parent_id = ? 
2019-01-21 21:48:20.434 DEBUG[http-nio-8003-exec-1]com.example.mycat.mapper.NodeDao.getNextNodeTree.debug:159 -======> Parameters: 4(Long)
2019-01-21 21:48:20.443 DEBUG[http-nio-8003-exec-1]com.example.mycat.mapper.NodeDao.getNextNodeTree.debug:159 -========>  Preparing: /*!mycat:datanode=dn1*/SELECT id, name FROM node WHERE parent_id = ? 
2019-01-21 21:48:20.444 DEBUG[http-nio-8003-exec-1]com.example.mycat.mapper.NodeDao.getNextNodeTree.debug:159 -========> Parameters: 7(Long)
2019-01-21 21:48:20.453 DEBUG[http-nio-8003-exec-1]com.example.mycat.mapper.NodeDao.getNextNodeTree.debug:159 -<========      Total: 0
2019-01-21 21:48:20.455 DEBUG[http-nio-8003-exec-1]com.example.mycat.mapper.NodeDao.getNextNodeTree.debug:159 -========>  Preparing: /*!mycat:datanode=dn1*/SELECT id, name FROM node WHERE parent_id = ? 
2019-01-21 21:48:20.455 DEBUG[http-nio-8003-exec-1]com.example.mycat.mapper.NodeDao.getNextNodeTree.debug:159 -========> Parameters: 8(Long)
2019-01-21 21:48:20.465 DEBUG[http-nio-8003-exec-1]com.example.mycat.mapper.NodeDao.getNextNodeTree.debug:159 -<========      Total: 0
2019-01-21 21:48:20.465 DEBUG[http-nio-8003-exec-1]com.example.mycat.mapper.NodeDao.getNextNodeTree.debug:159 -<======      Total: 2
2019-01-21 21:48:20.466 DEBUG[http-nio-8003-exec-1]com.example.mycat.mapper.NodeDao.getNextNodeTree.debug:159 -======>  Preparing: /*!mycat:datanode=dn1*/SELECT id, name FROM node WHERE parent_id = ? 
2019-01-21 21:48:20.467 DEBUG[http-nio-8003-exec-1]com.example.mycat.mapper.NodeDao.getNextNodeTree.debug:159 -======> Parameters: 5(Long)
2019-01-21 21:48:20.477 DEBUG[http-nio-8003-exec-1]com.example.mycat.mapper.NodeDao.getNextNodeTree.debug:159 -<======      Total: 0
2019-01-21 21:48:20.478 DEBUG[http-nio-8003-exec-1]com.example.mycat.mapper.NodeDao.getNextNodeTree.debug:159 -<====      Total: 2
2019-01-21 21:48:20.479 DEBUG[http-nio-8003-exec-1]com.example.mycat.mapper.NodeDao.getNextNodeTree.debug:159 -====>  Preparing: /*!mycat:datanode=dn1*/SELECT id, name FROM node WHERE parent_id = ? 
2019-01-21 21:48:20.479 DEBUG[http-nio-8003-exec-1]com.example.mycat.mapper.NodeDao.getNextNodeTree.debug:159 -====> Parameters: 2(Long)
2019-01-21 21:48:20.489 DEBUG[http-nio-8003-exec-1]com.example.mycat.mapper.NodeDao.getNextNodeTree.debug:159 -======>  Preparing: /*!mycat:datanode=dn1*/SELECT id, name FROM node WHERE parent_id = ? 
2019-01-21 21:48:20.489 DEBUG[http-nio-8003-exec-1]com.example.mycat.mapper.NodeDao.getNextNodeTree.debug:159 -======> Parameters: 6(Long)
2019-01-21 21:48:20.499 DEBUG[http-nio-8003-exec-1]com.example.mycat.mapper.NodeDao.getNextNodeTree.debug:159 -========>  Preparing: /*!mycat:datanode=dn1*/SELECT id, name FROM node WHERE parent_id = ? 
2019-01-21 21:48:20.500 DEBUG[http-nio-8003-exec-1]com.example.mycat.mapper.NodeDao.getNextNodeTree.debug:159 -========> Parameters: 9(Long)
2019-01-21 21:48:20.509 DEBUG[http-nio-8003-exec-1]com.example.mycat.mapper.NodeDao.getNextNodeTree.debug:159 -<========      Total: 0
2019-01-21 21:48:20.509 DEBUG[http-nio-8003-exec-1]com.example.mycat.mapper.NodeDao.getNextNodeTree.debug:159 -<======      Total: 1
2019-01-21 21:48:20.510 DEBUG[http-nio-8003-exec-1]com.example.mycat.mapper.NodeDao.getNextNodeTree.debug:159 -<====      Total: 1
2019-01-21 21:48:20.511 DEBUG[http-nio-8003-exec-1]com.example.mycat.mapper.NodeDao.getNextNodeTree.debug:159 -====>  Preparing: /*!mycat:datanode=dn1*/SELECT id, name FROM node WHERE parent_id = ? 
2019-01-21 21:48:20.511 DEBUG[http-nio-8003-exec-1]com.example.mycat.mapper.NodeDao.getNextNodeTree.debug:159 -====> Parameters: 3(Long)
2019-01-21 21:48:20.520 DEBUG[http-nio-8003-exec-1]com.example.mycat.mapper.NodeDao.getNextNodeTree.debug:159 -<====      Total: 0
2019-01-21 21:48:20.521 DEBUG[http-nio-8003-exec-1]com.example.mycat.mapper.NodeDao.getNodeTree.debug:159 -<==      Total: 3
2019-01-21 21:48:34.104 DEBUG[http-nio-8003-exec-3]com.example.mycat.mapper.NodeDao.getNodeTree.debug:159 -==>  Preparing: /*!mycat:datanode=dn1*/SELECT id, name FROM node WHERE parent_id = 0 
2019-01-21 21:48:34.104 DEBUG[http-nio-8003-exec-3]com.example.mycat.mapper.NodeDao.getNodeTree.debug:159 -==> Parameters: 
2019-01-21 21:48:34.114 DEBUG[http-nio-8003-exec-3]com.example.mycat.mapper.NodeDao.getNextNodeTree.debug:159 -====>  Preparing: /*!mycat:datanode=dn1*/SELECT id, name FROM node WHERE parent_id = ? 
2019-01-21 21:48:34.115 DEBUG[http-nio-8003-exec-3]com.example.mycat.mapper.NodeDao.getNextNodeTree.debug:159 -====> Parameters: 1(Long)
2019-01-21 21:48:34.124 DEBUG[http-nio-8003-exec-3]com.example.mycat.mapper.NodeDao.getNextNodeTree.debug:159 -======>  Preparing: /*!mycat:datanode=dn1*/SELECT id, name FROM node WHERE parent_id = ? 
2019-01-21 21:48:34.125 DEBUG[http-nio-8003-exec-3]com.example.mycat.mapper.NodeDao.getNextNodeTree.debug:159 -======> Parameters: 4(Long)
2019-01-21 21:48:34.134 DEBUG[http-nio-8003-exec-3]com.example.mycat.mapper.NodeDao.getNextNodeTree.debug:159 -========>  Preparing: /*!mycat:datanode=dn1*/SELECT id, name FROM node WHERE parent_id = ? 
2019-01-21 21:48:34.134 DEBUG[http-nio-8003-exec-3]com.example.mycat.mapper.NodeDao.getNextNodeTree.debug:159 -========> Parameters: 7(Long)
2019-01-21 21:48:34.144 DEBUG[http-nio-8003-exec-3]com.example.mycat.mapper.NodeDao.getNextNodeTree.debug:159 -<========      Total: 0
2019-01-21 21:48:34.145 DEBUG[http-nio-8003-exec-3]com.example.mycat.mapper.NodeDao.getNextNodeTree.debug:159 -========>  Preparing: /*!mycat:datanode=dn1*/SELECT id, name FROM node WHERE parent_id = ? 
2019-01-21 21:48:34.146 DEBUG[http-nio-8003-exec-3]com.example.mycat.mapper.NodeDao.getNextNodeTree.debug:159 -========> Parameters: 8(Long)
2019-01-21 21:48:34.155 DEBUG[http-nio-8003-exec-3]com.example.mycat.mapper.NodeDao.getNextNodeTree.debug:159 -<========      Total: 0
2019-01-21 21:48:34.155 DEBUG[http-nio-8003-exec-3]com.example.mycat.mapper.NodeDao.getNextNodeTree.debug:159 -<======      Total: 2
2019-01-21 21:48:34.157 DEBUG[http-nio-8003-exec-3]com.example.mycat.mapper.NodeDao.getNextNodeTree.debug:159 -======>  Preparing: /*!mycat:datanode=dn1*/SELECT id, name FROM node WHERE parent_id = ? 
2019-01-21 21:48:34.158 DEBUG[http-nio-8003-exec-3]com.example.mycat.mapper.NodeDao.getNextNodeTree.debug:159 -======> Parameters: 5(Long)
2019-01-21 21:48:34.167 DEBUG[http-nio-8003-exec-3]com.example.mycat.mapper.NodeDao.getNextNodeTree.debug:159 -<======      Total: 0
2019-01-21 21:48:34.168 DEBUG[http-nio-8003-exec-3]com.example.mycat.mapper.NodeDao.getNextNodeTree.debug:159 -<====      Total: 2
2019-01-21 21:48:34.169 DEBUG[http-nio-8003-exec-3]com.example.mycat.mapper.NodeDao.getNextNodeTree.debug:159 -====>  Preparing: /*!mycat:datanode=dn1*/SELECT id, name FROM node WHERE parent_id = ? 
2019-01-21 21:48:34.169 DEBUG[http-nio-8003-exec-3]com.example.mycat.mapper.NodeDao.getNextNodeTree.debug:159 -====> Parameters: 2(Long)
2019-01-21 21:48:34.179 DEBUG[http-nio-8003-exec-3]com.example.mycat.mapper.NodeDao.getNextNodeTree.debug:159 -======>  Preparing: /*!mycat:datanode=dn1*/SELECT id, name FROM node WHERE parent_id = ? 
2019-01-21 21:48:34.180 DEBUG[http-nio-8003-exec-3]com.example.mycat.mapper.NodeDao.getNextNodeTree.debug:159 -======> Parameters: 6(Long)
2019-01-21 21:48:34.190 DEBUG[http-nio-8003-exec-3]com.example.mycat.mapper.NodeDao.getNextNodeTree.debug:159 -========>  Preparing: /*!mycat:datanode=dn1*/SELECT id, name FROM node WHERE parent_id = ? 
2019-01-21 21:48:34.190 DEBUG[http-nio-8003-exec-3]com.example.mycat.mapper.NodeDao.getNextNodeTree.debug:159 -========> Parameters: 9(Long)
2019-01-21 21:48:34.199 DEBUG[http-nio-8003-exec-3]com.example.mycat.mapper.NodeDao.getNextNodeTree.debug:159 -<========      Total: 0
2019-01-21 21:48:34.201 DEBUG[http-nio-8003-exec-3]com.example.mycat.mapper.NodeDao.getNextNodeTree.debug:159 -<======      Total: 1
2019-01-21 21:48:34.201 DEBUG[http-nio-8003-exec-3]com.example.mycat.mapper.NodeDao.getNextNodeTree.debug:159 -<====      Total: 1
2019-01-21 21:48:34.202 DEBUG[http-nio-8003-exec-3]com.example.mycat.mapper.NodeDao.getNextNodeTree.debug:159 -====>  Preparing: /*!mycat:datanode=dn1*/SELECT id, name FROM node WHERE parent_id = ? 
2019-01-21 21:48:34.202 DEBUG[http-nio-8003-exec-3]com.example.mycat.mapper.NodeDao.getNextNodeTree.debug:159 -====> Parameters: 3(Long)
2019-01-21 21:48:34.211 DEBUG[http-nio-8003-exec-3]com.example.mycat.mapper.NodeDao.getNextNodeTree.debug:159 -<====      Total: 0
2019-01-21 21:48:34.211 DEBUG[http-nio-8003-exec-3]com.example.mycat.mapper.NodeDao.getNodeTree.debug:159 -<==      Total: 3
