2019-02-28 14:22:39.046 INFO [main]com.example.mycat.MycatApplication.logStarting:50 -Starting MycatApplication on EDZ-20180717ILB with PID 8976 (C:\Users\Administrator\Desktop\learning\SpringCloudLearning\mycat\target\classes started by Administrator in C:\Users\Administrator\Desktop\learning\SpringCloudLearning\mycat)
2019-02-28 14:22:39.052 INFO [main]com.example.mycat.MycatApplication.logStartupProfileInfo:675 -No active profile set, falling back to default profiles: default
2019-02-28 14:22:41.757 INFO [main]o.s.boot.web.embedded.tomcat.TomcatWebServer.initialize:90 -Tomcat initialized with port(s): 8003 (http)
2019-02-28 14:22:41.810 INFO [main]org.apache.coyote.http11.Http11NioProtocol.log:173 -Initializing ProtocolHandler ["http-nio-8003"]
2019-02-28 14:22:41.829 INFO [main]org.apache.catalina.core.StandardService.log:173 -Starting service [Tomcat]
2019-02-28 14:22:41.830 INFO [main]org.apache.catalina.core.StandardEngine.log:173 -Starting Servlet Engine: Apache Tomcat/9.0.13
2019-02-28 14:22:41.843 INFO [main]org.apache.catalina.core.AprLifecycleListener.log:173 -The APR based Apache Tomcat Native library which allows optimal performance in production environments was not found on the java.library.path: [D:\InstallToUse\JAVA\jdk\bin;C:\Windows\Sun\Java\bin;C:\Windows\system32;C:\Windows;D:\InstallToUse\JAVA\oracle\dbhome\bin;C:\Program Files (x86)\Common Files\Oracle\Java\javapath;C:\Program Files (x86)\Intel\iCLS Client\;C:\Program Files\Intel\iCLS Client\;C:\Windows\system32;C:\Windows;C:\Windows\System32\Wbem;C:\Windows\System32\WindowsPowerShell\v1.0\;C:\Program Files (x86)\Intel\Intel(R) Management Engine Components\DAL;C:\Program Files\Intel\Intel(R) Management Engine Components\DAL;C:\Program Files (x86)\Intel\Intel(R) Management Engine Components\IPT;C:\Program Files\Intel\Intel(R) Management Engine Components\IPT;D:\InstallToUse\JAVA\jdk\bin;D:\InstallToUse\JAVA\jdk\jre\bin;C:\Program Files\MySQL\MySQL Server 5.5\bin;D:\InstallToUse\MAVEN\apache-maven-3.5.4\bin;D:\InstallToUse\Node\;D:\InstallToUse\SVN\bin;D:\InstallToUse\GIT\Git\cmd;D:\InstallToUse\mycat\bin;C:\Users\Administrator\AppData\Roaming\npm;D:\InstallToUse\SSH;D:\InstallToUse\VSCode\Microsoft VS Code\bin;D:\InstallToUse\JAVA;D:\InstallToUse\Docker Toolbox;.]
2019-02-28 14:22:41.967 INFO [main]o.a.catalina.core.ContainerBase.[Tomcat].[localhost].[/].log:173 -Initializing Spring embedded WebApplicationContext
2019-02-28 14:22:41.967 INFO [main]org.springframework.web.context.ContextLoader.prepareWebApplicationContext:296 -Root WebApplicationContext: initialization completed in 2765 ms
2019-02-28 14:22:42.829 INFO [main]o.s.scheduling.concurrent.ThreadPoolTaskExecutor.initialize:171 -Initializing ExecutorService 'applicationTaskExecutor'
2019-02-28 14:22:43.213 INFO [main]org.apache.coyote.http11.Http11NioProtocol.log:173 -Starting ProtocolHandler ["http-nio-8003"]
2019-02-28 14:22:43.229 INFO [main]org.apache.tomcat.util.net.NioSelectorPool.log:173 -Using a shared selector for servlet write/read
2019-02-28 14:22:43.302 INFO [main]o.s.boot.web.embedded.tomcat.TomcatWebServer.start:204 -Tomcat started on port(s): 8003 (http) with context path ''
2019-02-28 14:22:43.332 INFO [main]com.example.mycat.MycatApplication.logStarted:59 -Started MycatApplication in 5.079 seconds (JVM running for 9.173)
2019-02-28 14:22:50.036 INFO [main]com.example.mycat.MycatApplication.logStarting:50 -Starting MycatApplication on EDZ-20180717ILB with PID 7740 (C:\Users\Administrator\Desktop\learning\SpringCloudLearning\mycat\target\classes started by Administrator in C:\Users\Administrator\Desktop\learning\SpringCloudLearning\mycat)
2019-02-28 14:22:50.043 INFO [main]com.example.mycat.MycatApplication.logStartupProfileInfo:675 -No active profile set, falling back to default profiles: default
2019-02-28 14:22:51.732 INFO [main]o.s.boot.web.embedded.tomcat.TomcatWebServer.initialize:90 -Tomcat initialized with port(s): 8003 (http)
2019-02-28 14:22:51.748 INFO [main]org.apache.coyote.http11.Http11NioProtocol.log:173 -Initializing ProtocolHandler ["http-nio-8003"]
2019-02-28 14:22:51.764 INFO [main]org.apache.catalina.core.StandardService.log:173 -Starting service [Tomcat]
2019-02-28 14:22:51.765 INFO [main]org.apache.catalina.core.StandardEngine.log:173 -Starting Servlet Engine: Apache Tomcat/9.0.13
2019-02-28 14:22:51.773 INFO [main]org.apache.catalina.core.AprLifecycleListener.log:173 -The APR based Apache Tomcat Native library which allows optimal performance in production environments was not found on the java.library.path: [D:\InstallToUse\JAVA\jdk\bin;C:\Windows\Sun\Java\bin;C:\Windows\system32;C:\Windows;D:\InstallToUse\JAVA\oracle\dbhome\bin;C:\Program Files (x86)\Common Files\Oracle\Java\javapath;C:\Program Files (x86)\Intel\iCLS Client\;C:\Program Files\Intel\iCLS Client\;C:\Windows\system32;C:\Windows;C:\Windows\System32\Wbem;C:\Windows\System32\WindowsPowerShell\v1.0\;C:\Program Files (x86)\Intel\Intel(R) Management Engine Components\DAL;C:\Program Files\Intel\Intel(R) Management Engine Components\DAL;C:\Program Files (x86)\Intel\Intel(R) Management Engine Components\IPT;C:\Program Files\Intel\Intel(R) Management Engine Components\IPT;D:\InstallToUse\JAVA\jdk\bin;D:\InstallToUse\JAVA\jdk\jre\bin;C:\Program Files\MySQL\MySQL Server 5.5\bin;D:\InstallToUse\MAVEN\apache-maven-3.5.4\bin;D:\InstallToUse\Node\;D:\InstallToUse\SVN\bin;D:\InstallToUse\GIT\Git\cmd;D:\InstallToUse\mycat\bin;C:\Users\Administrator\AppData\Roaming\npm;D:\InstallToUse\SSH;D:\InstallToUse\VSCode\Microsoft VS Code\bin;D:\InstallToUse\JAVA;D:\InstallToUse\Docker Toolbox;.]
2019-02-28 14:22:51.883 INFO [main]o.a.catalina.core.ContainerBase.[Tomcat].[localhost].[/].log:173 -Initializing Spring embedded WebApplicationContext
2019-02-28 14:22:51.884 INFO [main]org.springframework.web.context.ContextLoader.prepareWebApplicationContext:296 -Root WebApplicationContext: initialization completed in 1731 ms
2019-02-28 14:22:52.604 INFO [main]o.s.scheduling.concurrent.ThreadPoolTaskExecutor.initialize:171 -Initializing ExecutorService 'applicationTaskExecutor'
2019-02-28 14:22:52.985 INFO [main]org.apache.coyote.http11.Http11NioProtocol.log:173 -Starting ProtocolHandler ["http-nio-8003"]
2019-02-28 14:22:53.000 INFO [main]org.apache.tomcat.util.net.NioSelectorPool.log:173 -Using a shared selector for servlet write/read
2019-02-28 14:22:53.066 INFO [main]o.s.boot.web.embedded.tomcat.TomcatWebServer.start:204 -Tomcat started on port(s): 8003 (http) with context path ''
2019-02-28 14:22:53.071 INFO [main]com.example.mycat.MycatApplication.logStarted:59 -Started MycatApplication in 3.885 seconds (JVM running for 5.554)
2019-02-28 14:24:53.361 INFO [main]com.example.mycat.MycatApplication.logStarting:50 -Starting MycatApplication on EDZ-20180717ILB with PID 10964 (C:\Users\Administrator\Desktop\learning\SpringCloudLearning\mycat\target\classes started by Administrator in C:\Users\Administrator\Desktop\learning\SpringCloudLearning\mycat)
2019-02-28 14:24:53.366 INFO [main]com.example.mycat.MycatApplication.logStartupProfileInfo:675 -No active profile set, falling back to default profiles: default
2019-02-28 14:24:55.335 INFO [main]o.s.boot.web.embedded.tomcat.TomcatWebServer.initialize:90 -Tomcat initialized with port(s): 8003 (http)
2019-02-28 14:24:55.353 INFO [main]org.apache.coyote.http11.Http11NioProtocol.log:173 -Initializing ProtocolHandler ["http-nio-8003"]
2019-02-28 14:24:55.368 INFO [main]org.apache.catalina.core.StandardService.log:173 -Starting service [Tomcat]
2019-02-28 14:24:55.369 INFO [main]org.apache.catalina.core.StandardEngine.log:173 -Starting Servlet Engine: Apache Tomcat/9.0.13
2019-02-28 14:24:55.378 INFO [main]org.apache.catalina.core.AprLifecycleListener.log:173 -The APR based Apache Tomcat Native library which allows optimal performance in production environments was not found on the java.library.path: [D:\InstallToUse\JAVA\jdk\bin;C:\Windows\Sun\Java\bin;C:\Windows\system32;C:\Windows;D:\InstallToUse\JAVA\oracle\dbhome\bin;C:\Program Files (x86)\Common Files\Oracle\Java\javapath;C:\Program Files (x86)\Intel\iCLS Client\;C:\Program Files\Intel\iCLS Client\;C:\Windows\system32;C:\Windows;C:\Windows\System32\Wbem;C:\Windows\System32\WindowsPowerShell\v1.0\;C:\Program Files (x86)\Intel\Intel(R) Management Engine Components\DAL;C:\Program Files\Intel\Intel(R) Management Engine Components\DAL;C:\Program Files (x86)\Intel\Intel(R) Management Engine Components\IPT;C:\Program Files\Intel\Intel(R) Management Engine Components\IPT;D:\InstallToUse\JAVA\jdk\bin;D:\InstallToUse\JAVA\jdk\jre\bin;C:\Program Files\MySQL\MySQL Server 5.5\bin;D:\InstallToUse\MAVEN\apache-maven-3.5.4\bin;D:\InstallToUse\Node\;D:\InstallToUse\SVN\bin;D:\InstallToUse\GIT\Git\cmd;D:\InstallToUse\mycat\bin;C:\Users\Administrator\AppData\Roaming\npm;D:\InstallToUse\SSH;D:\InstallToUse\VSCode\Microsoft VS Code\bin;D:\InstallToUse\JAVA;D:\InstallToUse\Docker Toolbox;.]
2019-02-28 14:24:55.509 INFO [main]o.a.catalina.core.ContainerBase.[Tomcat].[localhost].[/].log:173 -Initializing Spring embedded WebApplicationContext
2019-02-28 14:24:55.510 INFO [main]org.springframework.web.context.ContextLoader.prepareWebApplicationContext:296 -Root WebApplicationContext: initialization completed in 2059 ms
2019-02-28 14:24:56.317 INFO [main]o.s.scheduling.concurrent.ThreadPoolTaskExecutor.initialize:171 -Initializing ExecutorService 'applicationTaskExecutor'
2019-02-28 14:24:56.663 INFO [main]org.apache.coyote.http11.Http11NioProtocol.log:173 -Starting ProtocolHandler ["http-nio-8003"]
2019-02-28 14:24:56.675 INFO [main]org.apache.tomcat.util.net.NioSelectorPool.log:173 -Using a shared selector for servlet write/read
2019-02-28 14:24:56.694 INFO [main]o.s.boot.web.embedded.tomcat.TomcatWebServer.start:204 -Tomcat started on port(s): 8003 (http) with context path ''
2019-02-28 14:24:56.698 INFO [main]com.example.mycat.MycatApplication.logStarted:59 -Started MycatApplication in 4.388 seconds (JVM running for 7.126)
2019-02-28 14:25:37.333 INFO [http-nio-8003-exec-1]o.a.catalina.core.ContainerBase.[Tomcat].[localhost].[/].log:173 -Initializing Spring DispatcherServlet 'dispatcherServlet'
2019-02-28 14:25:37.333 INFO [http-nio-8003-exec-1]org.springframework.web.servlet.DispatcherServlet.initServletBean:524 -Initializing Servlet 'dispatcherServlet'
2019-02-28 14:25:37.344 INFO [http-nio-8003-exec-1]org.springframework.web.servlet.DispatcherServlet.initServletBean:546 -Completed initialization in 11 ms
2019-02-28 14:25:37.395 INFO [http-nio-8003-exec-1]com.zaxxer.hikari.HikariDataSource.getConnection:110 -HikariPool-1 - Starting...
2019-02-28 14:25:38.019 INFO [http-nio-8003-exec-1]com.zaxxer.hikari.HikariDataSource.getConnection:123 -HikariPool-1 - Start completed.
2019-02-28 14:25:38.035 DEBUG[http-nio-8003-exec-1]com.example.mycat.mapper.UserMapper.allUsers.debug:159 -==>  Preparing: /*!mycat:schema=TESTDB1*/select id,name from test 
2019-02-28 14:25:38.052 DEBUG[http-nio-8003-exec-1]com.example.mycat.mapper.UserMapper.allUsers.debug:159 -==> Parameters: 
2019-02-28 14:25:38.133 DEBUG[http-nio-8003-exec-1]com.example.mycat.mapper.UserMapper.allUsers.debug:159 -<==      Total: 12
2019-02-28 14:25:47.176 DEBUG[http-nio-8003-exec-2]com.example.mycat.mapper.UserMapper.allUsers.debug:159 -==>  Preparing: /*!mycat:schema=TESTDB2*/select id,name from test 
2019-02-28 14:25:47.178 DEBUG[http-nio-8003-exec-2]com.example.mycat.mapper.UserMapper.allUsers.debug:159 -==> Parameters: 
2019-02-28 14:25:47.204 DEBUG[http-nio-8003-exec-2]com.example.mycat.mapper.UserMapper.allUsers.debug:159 -<==      Total: 18
2019-02-28 14:26:58.637 INFO [main]com.example.mycat.MycatApplication.logStarting:50 -Starting MycatApplication on EDZ-20180717ILB with PID 7272 (C:\Users\Administrator\Desktop\learning\SpringCloudLearning\mycat\target\classes started by Administrator in C:\Users\Administrator\Desktop\learning\SpringCloudLearning\mycat)
2019-02-28 14:26:58.644 INFO [main]com.example.mycat.MycatApplication.logStartupProfileInfo:675 -No active profile set, falling back to default profiles: default
2019-02-28 14:27:00.199 INFO [main]o.s.boot.web.embedded.tomcat.TomcatWebServer.initialize:90 -Tomcat initialized with port(s): 8003 (http)
2019-02-28 14:27:00.213 INFO [main]org.apache.coyote.http11.Http11NioProtocol.log:173 -Initializing ProtocolHandler ["http-nio-8003"]
2019-02-28 14:27:00.228 INFO [main]org.apache.catalina.core.StandardService.log:173 -Starting service [Tomcat]
2019-02-28 14:27:00.228 INFO [main]org.apache.catalina.core.StandardEngine.log:173 -Starting Servlet Engine: Apache Tomcat/9.0.13
2019-02-28 14:27:00.238 INFO [main]org.apache.catalina.core.AprLifecycleListener.log:173 -The APR based Apache Tomcat Native library which allows optimal performance in production environments was not found on the java.library.path: [D:\InstallToUse\JAVA\jdk\bin;C:\Windows\Sun\Java\bin;C:\Windows\system32;C:\Windows;D:\InstallToUse\JAVA\oracle\dbhome\bin;C:\Program Files (x86)\Common Files\Oracle\Java\javapath;C:\Program Files (x86)\Intel\iCLS Client\;C:\Program Files\Intel\iCLS Client\;C:\Windows\system32;C:\Windows;C:\Windows\System32\Wbem;C:\Windows\System32\WindowsPowerShell\v1.0\;C:\Program Files (x86)\Intel\Intel(R) Management Engine Components\DAL;C:\Program Files\Intel\Intel(R) Management Engine Components\DAL;C:\Program Files (x86)\Intel\Intel(R) Management Engine Components\IPT;C:\Program Files\Intel\Intel(R) Management Engine Components\IPT;D:\InstallToUse\JAVA\jdk\bin;D:\InstallToUse\JAVA\jdk\jre\bin;C:\Program Files\MySQL\MySQL Server 5.5\bin;D:\InstallToUse\MAVEN\apache-maven-3.5.4\bin;D:\InstallToUse\Node\;D:\InstallToUse\SVN\bin;D:\InstallToUse\GIT\Git\cmd;D:\InstallToUse\mycat\bin;C:\Users\Administrator\AppData\Roaming\npm;D:\InstallToUse\SSH;D:\InstallToUse\VSCode\Microsoft VS Code\bin;D:\InstallToUse\JAVA;D:\InstallToUse\Docker Toolbox;.]
2019-02-28 14:27:00.330 INFO [main]o.a.catalina.core.ContainerBase.[Tomcat].[localhost].[/].log:173 -Initializing Spring embedded WebApplicationContext
2019-02-28 14:27:00.331 INFO [main]org.springframework.web.context.ContextLoader.prepareWebApplicationContext:296 -Root WebApplicationContext: initialization completed in 1622 ms
2019-02-28 14:27:01.035 INFO [main]o.s.scheduling.concurrent.ThreadPoolTaskExecutor.initialize:171 -Initializing ExecutorService 'applicationTaskExecutor'
2019-02-28 14:27:01.423 INFO [main]org.apache.coyote.http11.Http11NioProtocol.log:173 -Starting ProtocolHandler ["http-nio-8003"]
2019-02-28 14:27:01.435 INFO [main]org.apache.tomcat.util.net.NioSelectorPool.log:173 -Using a shared selector for servlet write/read
2019-02-28 14:27:01.464 INFO [main]o.s.boot.web.embedded.tomcat.TomcatWebServer.start:204 -Tomcat started on port(s): 8003 (http) with context path ''
2019-02-28 14:27:01.470 INFO [main]com.example.mycat.MycatApplication.logStarted:59 -Started MycatApplication in 3.974 seconds (JVM running for 5.388)
2019-02-28 14:27:05.660 INFO [http-nio-8003-exec-1]o.a.catalina.core.ContainerBase.[Tomcat].[localhost].[/].log:173 -Initializing Spring DispatcherServlet 'dispatcherServlet'
2019-02-28 14:27:05.660 INFO [http-nio-8003-exec-1]org.springframework.web.servlet.DispatcherServlet.initServletBean:524 -Initializing Servlet 'dispatcherServlet'
2019-02-28 14:27:05.667 INFO [http-nio-8003-exec-1]org.springframework.web.servlet.DispatcherServlet.initServletBean:546 -Completed initialization in 7 ms
2019-02-28 14:27:05.706 INFO [http-nio-8003-exec-1]com.zaxxer.hikari.HikariDataSource.getConnection:110 -HikariPool-1 - Starting...
2019-02-28 14:27:06.201 INFO [http-nio-8003-exec-1]com.zaxxer.hikari.HikariDataSource.getConnection:123 -HikariPool-1 - Start completed.
2019-02-28 14:27:06.214 DEBUG[http-nio-8003-exec-1]com.example.mycat.mapper.UserMapper.allUsers.debug:159 -==>  Preparing: /*!mycat:schema=TESTDB2*/select id,name from test 
2019-02-28 14:27:06.230 DEBUG[http-nio-8003-exec-1]com.example.mycat.mapper.UserMapper.allUsers.debug:159 -==> Parameters: 
2019-02-28 14:27:06.268 DEBUG[http-nio-8003-exec-1]com.example.mycat.mapper.UserMapper.allUsers.debug:159 -<==      Total: 18
2019-02-28 14:27:19.486 DEBUG[http-nio-8003-exec-2]com.example.mycat.mapper.UserMapper.allUsers.debug:159 -==>  Preparing: /*!mycat:schema=TESTDB2*/select id,name from test 
2019-02-28 14:27:19.487 DEBUG[http-nio-8003-exec-2]com.example.mycat.mapper.UserMapper.allUsers.debug:159 -==> Parameters: 
2019-02-28 14:27:19.523 DEBUG[http-nio-8003-exec-2]com.example.mycat.mapper.UserMapper.allUsers.debug:159 -<==      Total: 18
2019-02-28 14:27:25.883 DEBUG[http-nio-8003-exec-3]com.example.mycat.mapper.UserMapper.allUsers.debug:159 -==>  Preparing: /*!mycat:schema=TESTDB1*/select id,name from test 
2019-02-28 14:27:25.884 DEBUG[http-nio-8003-exec-3]com.example.mycat.mapper.UserMapper.allUsers.debug:159 -==> Parameters: 
2019-02-28 14:27:25.927 DEBUG[http-nio-8003-exec-3]com.example.mycat.mapper.UserMapper.allUsers.debug:159 -<==      Total: 12
2019-02-28 15:58:11.969 INFO [main]com.example.mycat.MycatApplication.logStarting:50 -Starting MycatApplication on EDZ-20180717ILB with PID 7864 (C:\Users\Administrator\Desktop\learning\SpringCloudLearning\mycat\target\classes started by Administrator in C:\Users\Administrator\Desktop\learning\SpringCloudLearning\mycat)
2019-02-28 15:58:11.975 INFO [main]com.example.mycat.MycatApplication.logStartupProfileInfo:675 -No active profile set, falling back to default profiles: default
2019-02-28 15:58:13.768 INFO [main]o.s.boot.web.embedded.tomcat.TomcatWebServer.initialize:90 -Tomcat initialized with port(s): 8003 (http)
2019-02-28 15:58:13.787 INFO [main]org.apache.coyote.http11.Http11NioProtocol.log:173 -Initializing ProtocolHandler ["http-nio-8003"]
2019-02-28 15:58:13.809 INFO [main]org.apache.catalina.core.StandardService.log:173 -Starting service [Tomcat]
2019-02-28 15:58:13.810 INFO [main]org.apache.catalina.core.StandardEngine.log:173 -Starting Servlet Engine: Apache Tomcat/9.0.13
2019-02-28 15:58:13.821 INFO [main]org.apache.catalina.core.AprLifecycleListener.log:173 -The APR based Apache Tomcat Native library which allows optimal performance in production environments was not found on the java.library.path: [D:\InstallToUse\JAVA\jdk\bin;C:\Windows\Sun\Java\bin;C:\Windows\system32;C:\Windows;D:\InstallToUse\JAVA\oracle\dbhome\bin;C:\Program Files (x86)\Common Files\Oracle\Java\javapath;C:\Program Files (x86)\Intel\iCLS Client\;C:\Program Files\Intel\iCLS Client\;C:\Windows\system32;C:\Windows;C:\Windows\System32\Wbem;C:\Windows\System32\WindowsPowerShell\v1.0\;C:\Program Files (x86)\Intel\Intel(R) Management Engine Components\DAL;C:\Program Files\Intel\Intel(R) Management Engine Components\DAL;C:\Program Files (x86)\Intel\Intel(R) Management Engine Components\IPT;C:\Program Files\Intel\Intel(R) Management Engine Components\IPT;D:\InstallToUse\JAVA\jdk\bin;D:\InstallToUse\JAVA\jdk\jre\bin;C:\Program Files\MySQL\MySQL Server 5.5\bin;D:\InstallToUse\MAVEN\apache-maven-3.5.4\bin;D:\InstallToUse\Node\;D:\InstallToUse\SVN\bin;D:\InstallToUse\GIT\Git\cmd;D:\InstallToUse\mycat\bin;C:\Users\Administrator\AppData\Roaming\npm;D:\InstallToUse\SSH;D:\InstallToUse\VSCode\Microsoft VS Code\bin;D:\InstallToUse\JAVA;D:\InstallToUse\Docker Toolbox;.]
2019-02-28 15:58:13.938 INFO [main]o.a.catalina.core.ContainerBase.[Tomcat].[localhost].[/].log:173 -Initializing Spring embedded WebApplicationContext
2019-02-28 15:58:13.938 INFO [main]org.springframework.web.context.ContextLoader.prepareWebApplicationContext:296 -Root WebApplicationContext: initialization completed in 1829 ms
2019-02-28 15:58:14.666 INFO [main]o.s.scheduling.concurrent.ThreadPoolTaskExecutor.initialize:171 -Initializing ExecutorService 'applicationTaskExecutor'
2019-02-28 15:58:14.920 INFO [main]org.apache.coyote.http11.Http11NioProtocol.log:173 -Starting ProtocolHandler ["http-nio-8003"]
2019-02-28 15:58:14.935 INFO [main]org.apache.tomcat.util.net.NioSelectorPool.log:173 -Using a shared selector for servlet write/read
2019-02-28 15:58:14.974 INFO [main]o.s.boot.web.embedded.tomcat.TomcatWebServer.start:204 -Tomcat started on port(s): 8003 (http) with context path ''
2019-02-28 15:58:14.980 INFO [main]com.example.mycat.MycatApplication.logStarted:59 -Started MycatApplication in 3.848 seconds (JVM running for 6.211)
2019-02-28 16:07:11.235 INFO [http-nio-8003-exec-3]o.a.catalina.core.ContainerBase.[Tomcat].[localhost].[/].log:173 -Initializing Spring DispatcherServlet 'dispatcherServlet'
2019-02-28 16:07:11.235 INFO [http-nio-8003-exec-3]org.springframework.web.servlet.DispatcherServlet.initServletBean:524 -Initializing Servlet 'dispatcherServlet'
2019-02-28 16:07:11.246 INFO [http-nio-8003-exec-3]org.springframework.web.servlet.DispatcherServlet.initServletBean:546 -Completed initialization in 10 ms
2019-02-28 16:07:11.311 INFO [http-nio-8003-exec-3]com.zaxxer.hikari.HikariDataSource.getConnection:110 -HikariPool-1 - Starting...
2019-02-28 16:07:12.000 INFO [http-nio-8003-exec-3]com.zaxxer.hikari.HikariDataSource.getConnection:123 -HikariPool-1 - Start completed.
2019-02-28 16:07:12.011 DEBUG[http-nio-8003-exec-3]com.example.mycat.mapper.UserMapper.testDataNode.debug:159 -==>  Preparing: /*!mycat:schema=TESTDB3*/insert into testDataNode values (id,?) 
2019-02-28 16:07:12.026 DEBUG[http-nio-8003-exec-3]com.example.mycat.mapper.UserMapper.testDataNode.debug:159 -==> Parameters: 测试分片1(String)
2019-02-28 16:07:12.221 DEBUG[http-nio-8003-exec-3]com.example.mycat.mapper.UserMapper.testDataNode.debug:159 -<==    Updates: 2
2019-02-28 16:07:12.224 DEBUG[http-nio-8003-exec-3]c.example.mycat.mapper.UserMapper.testDataNode!selectKey.debug:159 -==>  Preparing: /*!mycat:schema=TESTDB3*/select last_insert_id() 
2019-02-28 16:07:12.225 DEBUG[http-nio-8003-exec-3]c.example.mycat.mapper.UserMapper.testDataNode!selectKey.debug:159 -==> Parameters: 
2019-02-28 16:07:12.284 DEBUG[http-nio-8003-exec-3]c.example.mycat.mapper.UserMapper.testDataNode!selectKey.debug:159 -<==      Total: 1
2019-02-28 16:10:32.269 INFO [main]com.example.mycat.MycatApplication.logStarting:50 -Starting MycatApplication on EDZ-20180717ILB with PID 6212 (C:\Users\Administrator\Desktop\learning\SpringCloudLearning\mycat\target\classes started by Administrator in C:\Users\Administrator\Desktop\learning\SpringCloudLearning\mycat)
2019-02-28 16:10:32.274 INFO [main]com.example.mycat.MycatApplication.logStartupProfileInfo:675 -No active profile set, falling back to default profiles: default
2019-02-28 16:10:34.268 INFO [main]o.s.boot.web.embedded.tomcat.TomcatWebServer.initialize:90 -Tomcat initialized with port(s): 8003 (http)
2019-02-28 16:10:34.291 INFO [main]org.apache.coyote.http11.Http11NioProtocol.log:173 -Initializing ProtocolHandler ["http-nio-8003"]
2019-02-28 16:10:34.308 INFO [main]org.apache.catalina.core.StandardService.log:173 -Starting service [Tomcat]
2019-02-28 16:10:34.309 INFO [main]org.apache.catalina.core.StandardEngine.log:173 -Starting Servlet Engine: Apache Tomcat/9.0.13
2019-02-28 16:10:34.318 INFO [main]org.apache.catalina.core.AprLifecycleListener.log:173 -The APR based Apache Tomcat Native library which allows optimal performance in production environments was not found on the java.library.path: [D:\InstallToUse\JAVA\jdk\bin;C:\Windows\Sun\Java\bin;C:\Windows\system32;C:\Windows;D:\InstallToUse\JAVA\oracle\dbhome\bin;C:\Program Files (x86)\Common Files\Oracle\Java\javapath;C:\Program Files (x86)\Intel\iCLS Client\;C:\Program Files\Intel\iCLS Client\;C:\Windows\system32;C:\Windows;C:\Windows\System32\Wbem;C:\Windows\System32\WindowsPowerShell\v1.0\;C:\Program Files (x86)\Intel\Intel(R) Management Engine Components\DAL;C:\Program Files\Intel\Intel(R) Management Engine Components\DAL;C:\Program Files (x86)\Intel\Intel(R) Management Engine Components\IPT;C:\Program Files\Intel\Intel(R) Management Engine Components\IPT;D:\InstallToUse\JAVA\jdk\bin;D:\InstallToUse\JAVA\jdk\jre\bin;C:\Program Files\MySQL\MySQL Server 5.5\bin;D:\InstallToUse\MAVEN\apache-maven-3.5.4\bin;D:\InstallToUse\Node\;D:\InstallToUse\SVN\bin;D:\InstallToUse\GIT\Git\cmd;D:\InstallToUse\mycat\bin;C:\Users\Administrator\AppData\Roaming\npm;D:\InstallToUse\SSH;D:\InstallToUse\VSCode\Microsoft VS Code\bin;D:\InstallToUse\JAVA;D:\InstallToUse\Docker Toolbox;.]
2019-02-28 16:10:34.427 INFO [main]o.a.catalina.core.ContainerBase.[Tomcat].[localhost].[/].log:173 -Initializing Spring embedded WebApplicationContext
2019-02-28 16:10:34.428 INFO [main]org.springframework.web.context.ContextLoader.prepareWebApplicationContext:296 -Root WebApplicationContext: initialization completed in 2062 ms
2019-02-28 16:10:35.102 INFO [main]o.s.scheduling.concurrent.ThreadPoolTaskExecutor.initialize:171 -Initializing ExecutorService 'applicationTaskExecutor'
2019-02-28 16:10:35.421 INFO [main]org.apache.coyote.http11.Http11NioProtocol.log:173 -Starting ProtocolHandler ["http-nio-8003"]
2019-02-28 16:10:35.434 INFO [main]org.apache.tomcat.util.net.NioSelectorPool.log:173 -Using a shared selector for servlet write/read
2019-02-28 16:10:35.454 INFO [main]o.s.boot.web.embedded.tomcat.TomcatWebServer.start:204 -Tomcat started on port(s): 8003 (http) with context path ''
2019-02-28 16:10:35.458 INFO [main]com.example.mycat.MycatApplication.logStarted:59 -Started MycatApplication in 4.038 seconds (JVM running for 5.451)
2019-02-28 16:12:28.248 INFO [http-nio-8003-exec-1]o.a.catalina.core.ContainerBase.[Tomcat].[localhost].[/].log:173 -Initializing Spring DispatcherServlet 'dispatcherServlet'
2019-02-28 16:12:28.248 INFO [http-nio-8003-exec-1]org.springframework.web.servlet.DispatcherServlet.initServletBean:524 -Initializing Servlet 'dispatcherServlet'
2019-02-28 16:12:28.256 INFO [http-nio-8003-exec-1]org.springframework.web.servlet.DispatcherServlet.initServletBean:546 -Completed initialization in 8 ms
2019-02-28 16:12:28.306 INFO [http-nio-8003-exec-1]com.zaxxer.hikari.HikariDataSource.getConnection:110 -HikariPool-1 - Starting...
2019-02-28 16:12:29.143 INFO [http-nio-8003-exec-1]com.zaxxer.hikari.HikariDataSource.getConnection:123 -HikariPool-1 - Start completed.
2019-02-28 16:12:29.156 DEBUG[http-nio-8003-exec-1]com.example.mycat.mapper.UserMapper.testDataNode.debug:159 -==>  Preparing: /*!mycat:schema=TESTDB3*/insert into testDataNode values (id,?) 
2019-02-28 16:12:29.174 DEBUG[http-nio-8003-exec-1]com.example.mycat.mapper.UserMapper.testDataNode.debug:159 -==> Parameters: 测试分片2(String)
2019-02-28 16:12:29.332 DEBUG[http-nio-8003-exec-1]com.example.mycat.mapper.UserMapper.testDataNode.debug:159 -<==    Updates: 2
2019-02-28 16:12:29.335 DEBUG[http-nio-8003-exec-1]c.example.mycat.mapper.UserMapper.testDataNode!selectKey.debug:159 -==>  Preparing: /*!mycat:schema=TESTDB3*/select last_insert_id() 
2019-02-28 16:12:29.336 DEBUG[http-nio-8003-exec-1]c.example.mycat.mapper.UserMapper.testDataNode!selectKey.debug:159 -==> Parameters: 
2019-02-28 16:12:29.411 DEBUG[http-nio-8003-exec-1]c.example.mycat.mapper.UserMapper.testDataNode!selectKey.debug:159 -<==      Total: 1
2019-02-28 17:08:10.760 DEBUG[http-nio-8003-exec-4]com.example.mycat.mapper.UserMapper.testDataNode.debug:159 -==>  Preparing: /*!mycat:schema=TESTDB3*/insert into testDataNode values (id,?) 
2019-02-28 17:08:10.761 DEBUG[http-nio-8003-exec-4]com.example.mycat.mapper.UserMapper.testDataNode.debug:159 -==> Parameters: 测试分片1(String)
2019-02-28 17:08:10.840 DEBUG[http-nio-8003-exec-4]com.example.mycat.mapper.UserMapper.testDataNode.debug:159 -<==    Updates: 2
2019-02-28 17:08:10.841 DEBUG[http-nio-8003-exec-4]c.example.mycat.mapper.UserMapper.testDataNode!selectKey.debug:159 -==>  Preparing: /*!mycat:schema=TESTDB3*/select last_insert_id() 
2019-02-28 17:08:10.842 DEBUG[http-nio-8003-exec-4]c.example.mycat.mapper.UserMapper.testDataNode!selectKey.debug:159 -==> Parameters: 
2019-02-28 17:08:10.866 DEBUG[http-nio-8003-exec-4]c.example.mycat.mapper.UserMapper.testDataNode!selectKey.debug:159 -<==      Total: 1
2019-02-28 17:52:57.588 INFO [main]com.example.mycat.MycatApplication.logStarting:50 -Starting MycatApplication on EDZ-20180717ILB with PID 11412 (C:\Users\Administrator\Desktop\learning\SpringCloudLearning\mycat\target\classes started by Administrator in C:\Users\Administrator\Desktop\learning\SpringCloudLearning\mycat)
2019-02-28 17:52:57.594 INFO [main]com.example.mycat.MycatApplication.logStartupProfileInfo:675 -No active profile set, falling back to default profiles: default
2019-02-28 17:52:59.448 INFO [main]o.s.boot.web.embedded.tomcat.TomcatWebServer.initialize:90 -Tomcat initialized with port(s): 8003 (http)
2019-02-28 17:52:59.464 INFO [main]org.apache.coyote.http11.Http11NioProtocol.log:173 -Initializing ProtocolHandler ["http-nio-8003"]
2019-02-28 17:52:59.478 INFO [main]org.apache.catalina.core.StandardService.log:173 -Starting service [Tomcat]
2019-02-28 17:52:59.479 INFO [main]org.apache.catalina.core.StandardEngine.log:173 -Starting Servlet Engine: Apache Tomcat/9.0.13
2019-02-28 17:52:59.487 INFO [main]org.apache.catalina.core.AprLifecycleListener.log:173 -The APR based Apache Tomcat Native library which allows optimal performance in production environments was not found on the java.library.path: [D:\InstallToUse\JAVA\jdk\bin;C:\Windows\Sun\Java\bin;C:\Windows\system32;C:\Windows;D:\InstallToUse\JAVA\oracle\dbhome\bin;C:\Program Files (x86)\Common Files\Oracle\Java\javapath;C:\Program Files (x86)\Intel\iCLS Client\;C:\Program Files\Intel\iCLS Client\;C:\Windows\system32;C:\Windows;C:\Windows\System32\Wbem;C:\Windows\System32\WindowsPowerShell\v1.0\;C:\Program Files (x86)\Intel\Intel(R) Management Engine Components\DAL;C:\Program Files\Intel\Intel(R) Management Engine Components\DAL;C:\Program Files (x86)\Intel\Intel(R) Management Engine Components\IPT;C:\Program Files\Intel\Intel(R) Management Engine Components\IPT;D:\InstallToUse\JAVA\jdk\bin;D:\InstallToUse\JAVA\jdk\jre\bin;C:\Program Files\MySQL\MySQL Server 5.5\bin;D:\InstallToUse\MAVEN\apache-maven-3.5.4\bin;D:\InstallToUse\Node\;D:\InstallToUse\SVN\bin;D:\InstallToUse\GIT\Git\cmd;D:\InstallToUse\mycat\bin;C:\Users\Administrator\AppData\Roaming\npm;D:\InstallToUse\SSH;D:\InstallToUse\VSCode\Microsoft VS Code\bin;D:\InstallToUse\JAVA;D:\InstallToUse\Docker Toolbox;.]
2019-02-28 17:52:59.582 INFO [main]o.a.catalina.core.ContainerBase.[Tomcat].[localhost].[/].log:173 -Initializing Spring embedded WebApplicationContext
2019-02-28 17:52:59.583 INFO [main]org.springframework.web.context.ContextLoader.prepareWebApplicationContext:296 -Root WebApplicationContext: initialization completed in 1811 ms
2019-02-28 17:53:00.273 INFO [main]o.s.scheduling.concurrent.ThreadPoolTaskExecutor.initialize:171 -Initializing ExecutorService 'applicationTaskExecutor'
2019-02-28 17:53:00.576 INFO [main]org.apache.coyote.http11.Http11NioProtocol.log:173 -Starting ProtocolHandler ["http-nio-8003"]
2019-02-28 17:53:00.588 INFO [main]org.apache.tomcat.util.net.NioSelectorPool.log:173 -Using a shared selector for servlet write/read
2019-02-28 17:53:00.613 INFO [main]o.s.boot.web.embedded.tomcat.TomcatWebServer.start:204 -Tomcat started on port(s): 8003 (http) with context path ''
2019-02-28 17:53:00.619 INFO [main]com.example.mycat.MycatApplication.logStarted:59 -Started MycatApplication in 4.01 seconds (JVM running for 6.536)
2019-02-28 17:54:22.946 INFO [http-nio-8003-exec-1]o.a.catalina.core.ContainerBase.[Tomcat].[localhost].[/].log:173 -Initializing Spring DispatcherServlet 'dispatcherServlet'
2019-02-28 17:54:22.947 INFO [http-nio-8003-exec-1]org.springframework.web.servlet.DispatcherServlet.initServletBean:524 -Initializing Servlet 'dispatcherServlet'
2019-02-28 17:54:22.955 INFO [http-nio-8003-exec-1]org.springframework.web.servlet.DispatcherServlet.initServletBean:546 -Completed initialization in 8 ms
2019-02-28 17:54:23.009 INFO [http-nio-8003-exec-1]com.zaxxer.hikari.HikariDataSource.getConnection:110 -HikariPool-1 - Starting...
2019-02-28 17:54:23.316 INFO [http-nio-8003-exec-1]com.zaxxer.hikari.HikariDataSource.getConnection:123 -HikariPool-1 - Start completed.
2019-02-28 17:54:23.329 DEBUG[http-nio-8003-exec-1]com.example.mycat.mapper.UserMapper.testDataNode.debug:159 -==>  Preparing: /*!mycat:schema=TESTDB3*/insert into testDataNode values (id,?) 
2019-02-28 17:54:23.345 DEBUG[http-nio-8003-exec-1]com.example.mycat.mapper.UserMapper.testDataNode.debug:159 -==> Parameters: 测试分片1(String)
2019-02-28 17:55:17.415 DEBUG[http-nio-8003-exec-3]com.example.mycat.mapper.UserMapper.testDataNode.debug:159 -==>  Preparing: /*!mycat:schema=TESTDB3*/insert into testDataNode values (id,?) 
2019-02-28 17:55:17.416 DEBUG[http-nio-8003-exec-3]com.example.mycat.mapper.UserMapper.testDataNode.debug:159 -==> Parameters: 测试分片1(String)
2019-02-28 18:00:42.686 DEBUG[http-nio-8003-exec-6]com.example.mycat.mapper.UserMapper.testDataNode.debug:159 -==>  Preparing: /*!mycat:schema=TESTDB3*/insert into testDataNode values (id,?) 
2019-02-28 18:00:42.687 DEBUG[http-nio-8003-exec-6]com.example.mycat.mapper.UserMapper.testDataNode.debug:159 -==> Parameters: 测试分片1(String)
2019-02-28 18:18:05.480 WARN [http-nio-8003-exec-8]com.zaxxer.hikari.pool.PoolBase.isConnectionAlive:176 -HikariPool-1 - Failed to validate connection com.mysql.cj.jdbc.ConnectionImpl@8cb0dc4 (No operations allowed after connection closed.). Possibly consider using a shorter maxLifetime value.
2019-02-28 18:18:05.511 WARN [http-nio-8003-exec-8]com.zaxxer.hikari.pool.PoolBase.isConnectionAlive:176 -HikariPool-1 - Failed to validate connection com.mysql.cj.jdbc.ConnectionImpl@4731f896 (No operations allowed after connection closed.). Possibly consider using a shorter maxLifetime value.
2019-02-28 18:18:05.822 WARN [http-nio-8003-exec-8]com.zaxxer.hikari.pool.PoolBase.isConnectionAlive:176 -HikariPool-1 - Failed to validate connection com.mysql.cj.jdbc.ConnectionImpl@17c46899 (No operations allowed after connection closed.). Possibly consider using a shorter maxLifetime value.
2019-02-28 18:18:05.858 WARN [http-nio-8003-exec-8]com.zaxxer.hikari.pool.PoolBase.isConnectionAlive:176 -HikariPool-1 - Failed to validate connection com.mysql.cj.jdbc.ConnectionImpl@76bc7956 (No operations allowed after connection closed.). Possibly consider using a shorter maxLifetime value.
2019-02-28 18:18:05.907 WARN [http-nio-8003-exec-8]com.zaxxer.hikari.pool.PoolBase.isConnectionAlive:176 -HikariPool-1 - Failed to validate connection com.mysql.cj.jdbc.ConnectionImpl@6fa3b7f3 (No operations allowed after connection closed.). Possibly consider using a shorter maxLifetime value.
2019-02-28 18:18:05.929 WARN [http-nio-8003-exec-8]com.zaxxer.hikari.pool.PoolBase.isConnectionAlive:176 -HikariPool-1 - Failed to validate connection com.mysql.cj.jdbc.ConnectionImpl@271e07d9 (No operations allowed after connection closed.). Possibly consider using a shorter maxLifetime value.
2019-02-28 18:18:06.092 WARN [http-nio-8003-exec-8]com.zaxxer.hikari.pool.PoolBase.isConnectionAlive:176 -HikariPool-1 - Failed to validate connection com.mysql.cj.jdbc.ConnectionImpl@132a2303 (No operations allowed after connection closed.). Possibly consider using a shorter maxLifetime value.
2019-02-28 18:18:06.107 WARN [http-nio-8003-exec-8]com.zaxxer.hikari.pool.PoolBase.isConnectionAlive:176 -HikariPool-1 - Failed to validate connection com.mysql.cj.jdbc.ConnectionImpl@6c98ef9 (No operations allowed after connection closed.). Possibly consider using a shorter maxLifetime value.
2019-02-28 18:18:06.133 WARN [http-nio-8003-exec-8]com.zaxxer.hikari.pool.PoolBase.isConnectionAlive:176 -HikariPool-1 - Failed to validate connection com.mysql.cj.jdbc.ConnectionImpl@74a7bdfc (No operations allowed after connection closed.). Possibly consider using a shorter maxLifetime value.
2019-02-28 18:18:06.277 WARN [http-nio-8003-exec-8]com.zaxxer.hikari.pool.PoolBase.isConnectionAlive:176 -HikariPool-1 - Failed to validate connection com.mysql.cj.jdbc.ConnectionImpl@23505c7e (No operations allowed after connection closed.). Possibly consider using a shorter maxLifetime value.
2019-02-28 18:19:04.864 DEBUG[http-nio-8003-exec-9]com.example.mycat.mapper.UserMapper.testDataNode.debug:159 -==>  Preparing: /*!mycat:schema=TESTDB3*/insert into testDataNode values (id,?) 
2019-02-28 18:19:04.866 DEBUG[http-nio-8003-exec-9]com.example.mycat.mapper.UserMapper.testDataNode.debug:159 -==> Parameters: 测试分片1(String)
