2019-03-01 15:05:10.836 INFO [main]com.example.mycat.MycatApplication.logStarting:50 -Starting MycatApplication on EDZ-20180717ILB with PID 9620 (C:\Users\Administrator\Desktop\learning\SpringCloudLearning\mycat\target\classes started by Administrator in C:\Users\Administrator\Desktop\learning\SpringCloudLearning\mycat)
2019-03-01 15:05:10.841 INFO [main]com.example.mycat.MycatApplication.logStartupProfileInfo:675 -No active profile set, falling back to default profiles: default
2019-03-01 15:05:13.684 INFO [main]o.s.boot.web.embedded.tomcat.TomcatWebServer.initialize:90 -Tomcat initialized with port(s): 8003 (http)
2019-03-01 15:05:13.719 INFO [main]org.apache.coyote.http11.Http11NioProtocol.log:173 -Initializing ProtocolHandler ["http-nio-8003"]
2019-03-01 15:05:13.737 INFO [main]org.apache.catalina.core.StandardService.log:173 -Starting service [Tomcat]
2019-03-01 15:05:13.738 INFO [main]org.apache.catalina.core.StandardEngine.log:173 -Starting Servlet Engine: Apache Tomcat/9.0.13
2019-03-01 15:05:13.747 INFO [main]org.apache.catalina.core.AprLifecycleListener.log:173 -The APR based Apache Tomcat Native library which allows optimal performance in production environments was not found on the java.library.path: [D:\InstallToUse\JAVA\jdk\bin;C:\Windows\Sun\Java\bin;C:\Windows\system32;C:\Windows;D:\InstallToUse\JAVA\oracle\dbhome\bin;C:\Program Files (x86)\Common Files\Oracle\Java\javapath;C:\Program Files (x86)\Intel\iCLS Client\;C:\Program Files\Intel\iCLS Client\;C:\Windows\system32;C:\Windows;C:\Windows\System32\Wbem;C:\Windows\System32\WindowsPowerShell\v1.0\;C:\Program Files (x86)\Intel\Intel(R) Management Engine Components\DAL;C:\Program Files\Intel\Intel(R) Management Engine Components\DAL;C:\Program Files (x86)\Intel\Intel(R) Management Engine Components\IPT;C:\Program Files\Intel\Intel(R) Management Engine Components\IPT;D:\InstallToUse\JAVA\jdk\bin;D:\InstallToUse\JAVA\jdk\jre\bin;C:\Program Files\MySQL\MySQL Server 5.5\bin;D:\InstallToUse\MAVEN\apache-maven-3.5.4\bin;D:\InstallToUse\Node\;D:\InstallToUse\SVN\bin;D:\InstallToUse\GIT\Git\cmd;D:\InstallToUse\mycat\bin;C:\Users\Administrator\AppData\Roaming\npm;D:\InstallToUse\SSH;D:\InstallToUse\VSCode\Microsoft VS Code\bin;D:\InstallToUse\JAVA;D:\InstallToUse\Docker Toolbox;.]
2019-03-01 15:05:13.869 INFO [main]o.a.catalina.core.ContainerBase.[Tomcat].[localhost].[/].log:173 -Initializing Spring embedded WebApplicationContext
2019-03-01 15:05:13.869 INFO [main]org.springframework.web.context.ContextLoader.prepareWebApplicationContext:296 -Root WebApplicationContext: initialization completed in 2729 ms
2019-03-01 15:05:15.783 INFO [main]o.s.scheduling.concurrent.ThreadPoolTaskExecutor.initialize:171 -Initializing ExecutorService 'applicationTaskExecutor'
2019-03-01 15:05:16.277 INFO [main]org.apache.coyote.http11.Http11NioProtocol.log:173 -Starting ProtocolHandler ["http-nio-8003"]
2019-03-01 15:05:16.292 INFO [main]org.apache.tomcat.util.net.NioSelectorPool.log:173 -Using a shared selector for servlet write/read
2019-03-01 15:05:16.320 INFO [main]o.s.boot.web.embedded.tomcat.TomcatWebServer.start:204 -Tomcat started on port(s): 8003 (http) with context path ''
2019-03-01 15:05:16.327 INFO [main]com.example.mycat.MycatApplication.logStarted:59 -Started MycatApplication in 6.297 seconds (JVM running for 8.727)
2019-03-01 15:05:36.154 INFO [http-nio-8003-exec-1]o.a.catalina.core.ContainerBase.[Tomcat].[localhost].[/].log:173 -Initializing Spring DispatcherServlet 'dispatcherServlet'
2019-03-01 15:05:36.155 INFO [http-nio-8003-exec-1]org.springframework.web.servlet.DispatcherServlet.initServletBean:524 -Initializing Servlet 'dispatcherServlet'
2019-03-01 15:05:36.166 INFO [http-nio-8003-exec-1]org.springframework.web.servlet.DispatcherServlet.initServletBean:546 -Completed initialization in 11 ms
2019-03-01 15:05:36.221 INFO [http-nio-8003-exec-1]com.zaxxer.hikari.HikariDataSource.getConnection:110 -HikariPool-1 - Starting...
2019-03-01 15:05:36.521 INFO [http-nio-8003-exec-1]com.zaxxer.hikari.HikariDataSource.getConnection:123 -HikariPool-1 - Start completed.
2019-03-01 15:05:36.538 DEBUG[http-nio-8003-exec-1]com.example.mycat.mapper.UserMapper.testDataNode.debug:159 -==>  Preparing: /*!mycat:schema=TESTDB2*/insert into testDataNode(id,name) values (id,?) 
2019-03-01 15:05:36.555 DEBUG[http-nio-8003-exec-1]com.example.mycat.mapper.UserMapper.testDataNode.debug:159 -==> Parameters: 测试插入数据库1(String)
2019-03-01 15:05:36.716 DEBUG[http-nio-8003-exec-1]com.example.mycat.mapper.UserMapper.testDataNode.debug:159 -<==    Updates: 1
2019-03-01 15:05:36.719 DEBUG[http-nio-8003-exec-1]c.example.mycat.mapper.UserMapper.testDataNode!selectKey.debug:159 -==>  Preparing: /*!mycat:schema=TESTDB2*/select last_insert_id() 
2019-03-01 15:05:36.720 DEBUG[http-nio-8003-exec-1]c.example.mycat.mapper.UserMapper.testDataNode!selectKey.debug:159 -==> Parameters: 
2019-03-01 15:05:36.750 DEBUG[http-nio-8003-exec-1]c.example.mycat.mapper.UserMapper.testDataNode!selectKey.debug:159 -<==      Total: 1
2019-03-01 16:22:50.693 INFO [main]com.example.mycat.MycatApplication.logStarting:50 -Starting MycatApplication on EDZ-20180717ILB with PID 5416 (C:\Users\Administrator\Desktop\learning\SpringCloudLearning\mycat\target\classes started by Administrator in C:\Users\Administrator\Desktop\learning\SpringCloudLearning\mycat)
2019-03-01 16:22:50.855 INFO [main]com.example.mycat.MycatApplication.logStartupProfileInfo:675 -No active profile set, falling back to default profiles: default
2019-03-01 16:22:53.114 INFO [main]o.s.boot.web.embedded.tomcat.TomcatWebServer.initialize:90 -Tomcat initialized with port(s): 8003 (http)
2019-03-01 16:22:53.138 INFO [main]org.apache.coyote.http11.Http11NioProtocol.log:173 -Initializing ProtocolHandler ["http-nio-8003"]
2019-03-01 16:22:53.153 INFO [main]org.apache.catalina.core.StandardService.log:173 -Starting service [Tomcat]
2019-03-01 16:22:53.153 INFO [main]org.apache.catalina.core.StandardEngine.log:173 -Starting Servlet Engine: Apache Tomcat/9.0.13
2019-03-01 16:22:53.163 INFO [main]org.apache.catalina.core.AprLifecycleListener.log:173 -The APR based Apache Tomcat Native library which allows optimal performance in production environments was not found on the java.library.path: [D:\InstallToUse\JAVA\jdk\bin;C:\Windows\Sun\Java\bin;C:\Windows\system32;C:\Windows;D:\InstallToUse\JAVA\oracle\dbhome\bin;C:\Program Files (x86)\Common Files\Oracle\Java\javapath;C:\Program Files (x86)\Intel\iCLS Client\;C:\Program Files\Intel\iCLS Client\;C:\Windows\system32;C:\Windows;C:\Windows\System32\Wbem;C:\Windows\System32\WindowsPowerShell\v1.0\;C:\Program Files (x86)\Intel\Intel(R) Management Engine Components\DAL;C:\Program Files\Intel\Intel(R) Management Engine Components\DAL;C:\Program Files (x86)\Intel\Intel(R) Management Engine Components\IPT;C:\Program Files\Intel\Intel(R) Management Engine Components\IPT;D:\InstallToUse\JAVA\jdk\bin;D:\InstallToUse\JAVA\jdk\jre\bin;C:\Program Files\MySQL\MySQL Server 5.5\bin;D:\InstallToUse\MAVEN\apache-maven-3.5.4\bin;D:\InstallToUse\Node\;D:\InstallToUse\SVN\bin;D:\InstallToUse\GIT\Git\cmd;D:\InstallToUse\mycat\bin;C:\Users\Administrator\AppData\Roaming\npm;D:\InstallToUse\SSH;D:\InstallToUse\VSCode\Microsoft VS Code\bin;D:\InstallToUse\JAVA;D:\InstallToUse\Docker Toolbox;.]
2019-03-01 16:22:53.288 INFO [main]o.a.catalina.core.ContainerBase.[Tomcat].[localhost].[/].log:173 -Initializing Spring embedded WebApplicationContext
2019-03-01 16:22:53.289 INFO [main]org.springframework.web.context.ContextLoader.prepareWebApplicationContext:296 -Root WebApplicationContext: initialization completed in 2359 ms
2019-03-01 16:22:54.049 INFO [main]o.s.scheduling.concurrent.ThreadPoolTaskExecutor.initialize:171 -Initializing ExecutorService 'applicationTaskExecutor'
2019-03-01 16:22:54.368 INFO [main]org.apache.coyote.http11.Http11NioProtocol.log:173 -Starting ProtocolHandler ["http-nio-8003"]
2019-03-01 16:22:54.385 INFO [main]org.apache.tomcat.util.net.NioSelectorPool.log:173 -Using a shared selector for servlet write/read
2019-03-01 16:22:54.415 INFO [main]o.s.boot.web.embedded.tomcat.TomcatWebServer.start:204 -Tomcat started on port(s): 8003 (http) with context path ''
2019-03-01 16:22:54.421 INFO [main]com.example.mycat.MycatApplication.logStarted:59 -Started MycatApplication in 4.638 seconds (JVM running for 7.147)
2019-03-01 16:43:30.389 INFO [http-nio-8003-exec-5]o.a.catalina.core.ContainerBase.[Tomcat].[localhost].[/].log:173 -Initializing Spring DispatcherServlet 'dispatcherServlet'
2019-03-01 16:43:30.390 INFO [http-nio-8003-exec-5]org.springframework.web.servlet.DispatcherServlet.initServletBean:524 -Initializing Servlet 'dispatcherServlet'
2019-03-01 16:43:30.400 INFO [http-nio-8003-exec-5]org.springframework.web.servlet.DispatcherServlet.initServletBean:546 -Completed initialization in 9 ms
2019-03-01 16:43:30.457 INFO [http-nio-8003-exec-5]com.zaxxer.hikari.HikariDataSource.getConnection:110 -HikariPool-1 - Starting...
2019-03-01 16:43:30.761 INFO [http-nio-8003-exec-5]com.zaxxer.hikari.HikariDataSource.getConnection:123 -HikariPool-1 - Start completed.
2019-03-01 16:43:30.781 DEBUG[http-nio-8003-exec-5]com.example.mycat.mapper.UserMapper.testDataNode.debug:159 -==>  Preparing: /*!mycat:schema=TESTDB2*/insert into testDataNode(id,name) values (id,?) 
2019-03-01 16:43:30.801 DEBUG[http-nio-8003-exec-5]com.example.mycat.mapper.UserMapper.testDataNode.debug:159 -==> Parameters: 测试rule1插入数据库1(String)
